#
# A fatal error has been detected by the Java Runtime Environment:
#
#  EXCEPTION_ACCESS_VIOLATION (0xc0000005) at pc=0x0000000064944d48, pid=18244, tid=0x0000000000004c9c
#
# JRE version: OpenJDK Runtime Environment (8.0_212-b04) (build 1.8.0_212-b04)
# Java VM: OpenJDK 64-Bit Server VM (25.212-b04 mixed mode windows-amd64 compressed oops)
# Problematic frame:
# V  [jvm.dll+0x104d48]
#
# Failed to write core dump. Minidumps are not enabled by default on client versions of Windows
#
# If you would like to submit a bug report, please visit:
#   
#

---------------  T H R E A D  ---------------

Current thread (0x00000294bc617000):  JavaThread "*** Profiler Agent Communication Thread" daemon [_thread_in_vm, id=19612, stack(0x000000e849400000,0x000000e849500000)]

siginfo: ExceptionCode=0xc0000005, reading address 0xffffffffbc7fbc50

Registers:
RAX=0x000000e8494fed01, RBX=0x00000294bc617000, RCX=0xffffffffbc7fbc50, RDX=0x0000000000000000
RSP=0x000000e8494feda0, RBP=0xffffffffbc7fbc50, RSI=0x000002949f6f5950, RDI=0x000000e8494feec0
R8 =0x00000294bc617000, R9 =0xffffffffbc7fbc50, R10=0x000002949f8e0000, R11=0x00007ff9784f9500
R12=0x00000294bf9e3260, R13=0x0000000000000205, R14=0x00007ff959ea9c68, R15=0x00007ff959ea9a60
RIP=0x0000000064944d48, EFLAGS=0x0000000000010286

Top of Stack: (sp=0x000000e8494feda0)
0x000000e8494feda0:   0000000000000000 0000000000000000
0x000000e8494fedb0:   00000294bc617000 000000e8494fef68
0x000000e8494fedc0:   00000294bc617000 0000000064b2d64d
0x000000e8494fedd0:   00000000000050c8 00000294b9e711c8
0x000000e8494fede0:   00000294bc6171e0 00007ff975889960
0x000000e8494fedf0:   00000294bc617000 0000000000000000
0x000000e8494fee00:   000000e800000000 0000000000000000
0x000000e8494fee10:   ffffffffbc7fbc50 00007ff959ea34da
0x000000e8494fee20:   0000000000000000 00000294bc6171e0
0x000000e8494fee30:   00000294b9e711c8 00000000648d6365
0x000000e8494fee40:   00000294bf9e3260 00000294bc617a10
0x000000e8494fee50:   00000000000003d8 00000294bc617a20
0x000000e8494fee60:   00000294b9ff7708 00000294bc617000
0x000000e8494fee70:   00000294b9ff7708 00000294bc617000
0x000000e8494fee80:   00000294bc617000 00000294b9ff7708
0x000000e8494fee90:   0000000000000000 00000294a1237b00 

Instructions: (pc=0x0000000064944d48)
0x0000000064944d28:   cc cc cc cc cc cc cc cc 48 83 ec 28 4c 8b c9 48
0x0000000064944d38:   85 c9 75 07 33 c0 48 83 c4 28 c3 48 89 5c 24 20
0x0000000064944d48:   48 8b 19 48 85 db 74 3f 48 8b 43 08 48 8b 48 08
0x0000000064944d58:   48 8b 41 18 48 85 c0 74 2e 48 8b 80 90 00 00 00 


Register to memory mapping:

RAX=0x000000e8494fed01 is pointing into the stack for thread: 0x00000294bc617000
RBX=0x00000294bc617000 is a thread
RCX=0xffffffffbc7fbc50 is an unknown value
RDX=0x0000000000000000 is an unknown value
RSP=0x000000e8494feda0 is pointing into the stack for thread: 0x00000294bc617000
RBP=0xffffffffbc7fbc50 is an unknown value
RSI=0x000002949f6f5950 is an unknown value
RDI=0x000000e8494feec0 is pointing into the stack for thread: 0x00000294bc617000
R8 =0x00000294bc617000 is a thread
R9 =0xffffffffbc7fbc50 is an unknown value
R10=0x000002949f8e0000 is an unknown value
R11=0x00007ff9784f9500 is an unknown value
R12=0x00000294bf9e3260 is an unknown value
R13=0x0000000000000205 is an unknown value
R14=0x00007ff959ea9c68 is an unknown value
R15=0x00007ff959ea9a60 is an unknown value


Stack: [0x000000e849400000,0x000000e849500000],  sp=0x000000e8494feda0,  free space=1019k
Native frames: (J=compiled Java code, j=interpreted, Vv=VM code, C=native code)
V  [jvm.dll+0x104d48]
V  [jvm.dll+0x2ed64d]
C  [profilerinterface.dll+0x34da]
C  0x00000294a1249c6e

Java frames: (J=compiled Java code, j=interpreted, Vv=VM code)
j  org.netbeans.lib.profiler.server.system.Stacks.getMethodNamesForJMethodIds(I[I[I)[B+0
j  org.netbeans.lib.profiler.server.ProfilerInterface.getMethodNamesForJMethodIds([I)Lorg/netbeans/lib/profiler/wireprotocol/MethodNamesResponse;+20
j  org.netbeans.lib.profiler.server.ProfilerServer.handleClientCommand(Lorg/netbeans/lib/profiler/wireprotocol/Command;)V+691
j  org.netbeans.lib.profiler.server.ProfilerServer.listenToClient()V+48
j  org.netbeans.lib.profiler.server.ProfilerServer.run()V+22
v  ~StubRoutines::call_stub

---------------  P R O C E S S  ---------------

Java Threads: ( => current thread )
  0x00000294be999000 JavaThread "TimerQueue" daemon [_thread_blocked, id=2548, stack(0x000000e84a300000,0x000000e84a400000)]
  0x00000294bd58d800 JavaThread "Image Fetcher 0" daemon [_thread_blocked, id=21396, stack(0x000000e84a200000,0x000000e84a300000)]
  0x00000294bd46a000 JavaThread "AWT-EventQueue-0" [_thread_blocked, id=16388, stack(0x000000e84a100000,0x000000e84a200000)]
  0x00000294bd5c9800 JavaThread "AWT-Windows" daemon [_thread_in_native, id=18136, stack(0x000000e84a000000,0x000000e84a100000)]
  0x00000294bd5af800 JavaThread "AWT-Shutdown" [_thread_blocked, id=14360, stack(0x000000e849f00000,0x000000e84a000000)]
  0x00000294bd5af000 JavaThread "Java2D Disposer" daemon [_thread_blocked, id=12464, stack(0x000000e849e00000,0x000000e849f00000)]
  0x00000294bc8f5000 JavaThread "Service Thread" daemon [_thread_blocked, id=17752, stack(0x000000e849c00000,0x000000e849d00000)]
  0x00000294bc776800 JavaThread "C1 CompilerThread3" daemon [_thread_blocked, id=5440, stack(0x000000e849b00000,0x000000e849c00000)]
  0x00000294bc775800 JavaThread "C2 CompilerThread2" daemon [_thread_blocked, id=2336, stack(0x000000e849a00000,0x000000e849b00000)]
  0x00000294bc775000 JavaThread "C2 CompilerThread1" daemon [_thread_blocked, id=22136, stack(0x000000e849900000,0x000000e849a00000)]
  0x00000294bc781800 JavaThread "C2 CompilerThread0" daemon [_thread_blocked, id=16036, stack(0x000000e849700000,0x000000e849800000)]
  0x00000294bc774000 JavaThread "*** Profiler Agent Special Execution Thread 10" daemon [_thread_blocked, id=21676, stack(0x000000e849800000,0x000000e849900000)]
  0x00000294bc6b5000 JavaThread "*** Profiler Agent Special Execution Thread 6" daemon [_thread_blocked, id=8316, stack(0x000000e849600000,0x000000e849700000)]
  0x00000294bc6b3800 JavaThread "*** JFluid Monitor thread ***" daemon [_thread_blocked, id=16496, stack(0x000000e849500000,0x000000e849600000)]
=>0x00000294bc617000 JavaThread "*** Profiler Agent Communication Thread" daemon [_thread_in_vm, id=19612, stack(0x000000e849400000,0x000000e849500000)]
  0x00000294bae80800 JavaThread "Attach Listener" daemon [_thread_blocked, id=10368, stack(0x000000e849300000,0x000000e849400000)]
  0x00000294bae7b800 JavaThread "Signal Dispatcher" daemon [_thread_blocked, id=12644, stack(0x000000e849200000,0x000000e849300000)]
  0x00000294bae51800 JavaThread "Finalizer" daemon [_thread_blocked, id=7500, stack(0x000000e849100000,0x000000e849200000)]
  0x00000294bae4d800 JavaThread "Reference Handler" daemon [_thread_blocked, id=15472, stack(0x000000e849000000,0x000000e849100000)]
  0x000002949f6fc800 JavaThread "main" [_thread_blocked, id=10700, stack(0x000000e848600000,0x000000e848700000)]

Other Threads:
  0x00000294a11dd000 VMThread [stack: 0x000000e848f00000,0x000000e849000000] [id=11976]
  0x00000294bc8ea800 WatcherThread [stack: 0x000000e849d00000,0x000000e849e00000] [id=22872]

VM state:synchronizing (normal execution)

VM Mutex/Monitor currently owned by a thread:  ([mutex/lock_event])
[0x000002949f6f94a0] Threads_lock - owner thread: 0x00000294a11dd000

heap address: 0x00000006c1e00000, size: 4066 MB, Compressed Oops mode: Zero based, Oop shift amount: 3
Narrow klass base: 0x0000000000000000, Narrow klass shift: 3
Compressed class space size: 1073741824 Address: 0x00000007c0000000

Heap:
 PSYoungGen      total 76288K, used 26004K [0x000000076b500000, 0x0000000770a00000, 0x00000007c0000000)
  eden space 65536K, 39% used [0x000000076b500000,0x000000076ce65038,0x000000076f500000)
  from space 10752K, 0% used [0x000000076ff80000,0x000000076ff80000,0x0000000770a00000)
  to   space 10752K, 0% used [0x000000076f500000,0x000000076f500000,0x000000076ff80000)
 ParOldGen       total 175104K, used 0K [0x00000006c1e00000, 0x00000006cc900000, 0x000000076b500000)
  object space 175104K, 0% used [0x00000006c1e00000,0x00000006c1e00000,0x00000006cc900000)
 Metaspace       used 15409K, capacity 15668K, committed 15872K, reserved 1062912K
  class space    used 1924K, capacity 2009K, committed 2048K, reserved 1048576K

Card table byte_map: [0x00000294b05f0000,0x00000294b0df0000] byte_map_base: 0x00000294acfe1000

Marking Bits: (ParMarkBitMap*) 0x0000000064fc1f50
 Begin Bits: [0x00000294b1340000, 0x00000294b52c8000)
 End Bits:   [0x00000294b52c8000, 0x00000294b9250000)

Polling page: 0x000002949f860000

CodeCache: size=245760Kb used=2691Kb max_used=2691Kb free=243069Kb
 bounds [0x00000294a1230000, 0x00000294a14e0000, 0x00000294b0230000]
 total_blobs=1259 nmethods=720 adapters=453
 compilation: enabled

Compilation events (10 events):
Event: 2.243 Thread 0x00000294bc776800  712  s    3       sun.font.FontManagerFactory::getInstance (25 bytes)
Event: 2.244 Thread 0x00000294bc776800 nmethod 712 0x00000294a14d0c50 code [0x00000294a14d0de0, 0x00000294a14d1270]
Event: 2.312 Thread 0x00000294bc776800  713       1       java.awt.image.ColorModel::getTransparency (5 bytes)
Event: 2.312 Thread 0x00000294bc776800 nmethod 713 0x00000294a14d0990 code [0x00000294a14d0ae0, 0x00000294a14d0bf8]
Event: 2.312 Thread 0x00000294bc776800  714       1       sun.java2d.SurfaceData::getColorModel (5 bytes)
Event: 2.312 Thread 0x00000294bc776800 nmethod 714 0x00000294a14d06d0 code [0x00000294a14d0820, 0x00000294a14d0938]
Event: 2.354 Thread 0x00000294bc776800  716       3       java.util.concurrent.locks.ReentrantLock$NonfairSync::lock (25 bytes)
Event: 2.358 Thread 0x00000294bc776800 nmethod 716 0x00000294a14cf650 code [0x00000294a14cf820, 0x00000294a14d0080]
Event: 2.358 Thread 0x00000294bc776800  717       3       java.io.Bits::getInt (43 bytes)
Event: 2.358 Thread 0x00000294bc776800 nmethod 717 0x00000294a14cf1d0 code [0x00000294a14cf340, 0x00000294a14cf518]

GC Heap History (0 events):
No events

Deoptimization events (10 events):
Event: 1.832 Thread 0x00000294bd46a000 Uncommon trap: reason=unstable_if action=reinterpret pc=0x00000294a13d08a8 method=java.util.HashMap.hash(Ljava/lang/Object;)I @ 1
Event: 1.882 Thread 0x00000294bd5c9800 Uncommon trap: reason=class_check action=maybe_recompile pc=0x00000294a1481f54 method=java.util.HashMap.putVal(ILjava/lang/Object;Ljava/lang/Object;ZZ)Ljava/lang/Object; @ 203
Event: 1.882 Thread 0x00000294bd5c9800 Uncommon trap: reason=bimorphic action=maybe_recompile pc=0x00000294a1481f1c method=java.util.HashMap.putVal(ILjava/lang/Object;Ljava/lang/Object;ZZ)Ljava/lang/Object; @ 91
Event: 1.882 Thread 0x00000294bd5c9800 Uncommon trap: reason=class_check action=maybe_recompile pc=0x00000294a1481f54 method=java.util.HashMap.putVal(ILjava/lang/Object;Ljava/lang/Object;ZZ)Ljava/lang/Object; @ 203
Event: 1.882 Thread 0x00000294bd5c9800 Uncommon trap: reason=class_check action=maybe_recompile pc=0x00000294a1481f54 method=java.util.HashMap.putVal(ILjava/lang/Object;Ljava/lang/Object;ZZ)Ljava/lang/Object; @ 203
Event: 1.882 Thread 0x00000294bd5c9800 Uncommon trap: reason=bimorphic action=maybe_recompile pc=0x00000294a1481f1c method=java.util.HashMap.putVal(ILjava/lang/Object;Ljava/lang/Object;ZZ)Ljava/lang/Object; @ 91
Event: 1.972 Thread 0x00000294bd46a000 Uncommon trap: reason=class_check action=maybe_recompile pc=0x00000294a13602bc method=java.lang.String.equals(Ljava/lang/Object;)Z @ 8
Event: 1.972 Thread 0x00000294bd46a000 Uncommon trap: reason=class_check action=maybe_recompile pc=0x00000294a13602bc method=java.lang.String.equals(Ljava/lang/Object;)Z @ 8
Event: 1.972 Thread 0x00000294bd46a000 Uncommon trap: reason=class_check action=maybe_recompile pc=0x00000294a13602bc method=java.lang.String.equals(Ljava/lang/Object;)Z @ 8
Event: 1.973 Thread 0x00000294bd46a000 Uncommon trap: reason=class_check action=maybe_recompile pc=0x00000294a13602bc method=java.lang.String.equals(Ljava/lang/Object;)Z @ 8

Classes redefined (0 events):
No events

Internal exceptions (10 events):
Event: 0.609 Thread 0x000002949f6fc800 Exception <a 'java/lang/ArrayIndexOutOfBoundsException': 160> (0x000000076baae0f8) thrown at [C:\cygwin64\tmp\openjdk-jdk8u-windows-x64-hotspot\workspace\build\src\hotspot\src\share\vm\interpreter\interpreterRuntime.cpp, line 368]
Event: 0.609 Thread 0x000002949f6fc800 Exception <a 'java/lang/ArrayIndexOutOfBoundsException': 22> (0x000000076bab0320) thrown at [C:\cygwin64\tmp\openjdk-jdk8u-windows-x64-hotspot\workspace\build\src\hotspot\src\share\vm\interpreter\interpreterRuntime.cpp, line 368]
Event: 0.609 Thread 0x000002949f6fc800 Exception <a 'java/lang/ArrayIndexOutOfBoundsException': 22> (0x000000076bab1a80) thrown at [C:\cygwin64\tmp\openjdk-jdk8u-windows-x64-hotspot\workspace\build\src\hotspot\src\share\vm\interpreter\interpreterRuntime.cpp, line 368]
Event: 0.609 Thread 0x000002949f6fc800 Exception <a 'java/lang/ArrayIndexOutOfBoundsException': 22> (0x000000076bab41e0) thrown at [C:\cygwin64\tmp\openjdk-jdk8u-windows-x64-hotspot\workspace\build\src\hotspot\src\share\vm\interpreter\interpreterRuntime.cpp, line 368]
Event: 1.610 Thread 0x000002949f6fc800 Exception <a 'java/io/FileNotFoundException'> (0x000000076c2df2b0) thrown at [C:\cygwin64\tmp\openjdk-jdk8u-windows-x64-hotspot\workspace\build\src\hotspot\src\share\vm\prims\jni.cpp, line 710]
Event: 1.619 Thread 0x000002949f6fc800 Exception <a 'java/lang/ClassNotFoundException': sun/dc/DuctusRenderingEngine> (0x000000076c2f5d00) thrown at [C:\cygwin64\tmp\openjdk-jdk8u-windows-x64-hotspot\workspace\build\src\hotspot\src\share\vm\classfile\systemDictionary.cpp, line 210]
Event: 1.670 Thread 0x00000294bd46a000 Exception <a 'java/io/FileNotFoundException'> (0x000000076c5aea18) thrown at [C:\cygwin64\tmp\openjdk-jdk8u-windows-x64-hotspot\workspace\build\src\hotspot\src\share\vm\prims\jni.cpp, line 710]
Event: 1.700 Thread 0x00000294bd46a000 Implicit null exception at 0x00000294a13d93d6 to 0x00000294a13d9785
Event: 1.706 Thread 0x00000294bd46a000 Exception <a 'java/lang/NoClassDefFoundError'> (0x000000076c646fa8) thrown at [C:\cygwin64\tmp\openjdk-jdk8u-windows-x64-hotspot\workspace\build\src\hotspot\src\share\vm\prims\jvm.cpp, line 1506]
Event: 1.832 Thread 0x00000294bd46a000 Implicit null exception at 0x00000294a13d082f to 0x00000294a13d0899

Events (10 events):
Event: 2.342 loading class org/netbeans/lib/profiler/wireprotocol/EventBufferDumpedCommand
Event: 2.342 loading class org/netbeans/lib/profiler/wireprotocol/EventBufferDumpedCommand done
Event: 2.343 loading class org/netbeans/lib/profiler/wireprotocol/DumpResultsResponse
Event: 2.343 loading class org/netbeans/lib/profiler/wireprotocol/DumpResultsResponse done
Event: 2.344 Executing VM operation: GetAllStackTraces
Event: 2.344 Executing VM operation: GetAllStackTraces done
Event: 2.345 loading class org/netbeans/lib/profiler/wireprotocol/GetMethodNamesForJMethodIdsCommand
Event: 2.346 loading class org/netbeans/lib/profiler/wireprotocol/GetMethodNamesForJMethodIdsCommand done
Event: 2.354 Executing VM operation: GetAllStackTraces
Event: 2.357 Executing VM operation: GetAllStackTraces done


Dynamic libraries:
0x00007ff6aa090000 - 0x00007ff6aa0ca000 	C:\jmonkeyplatform\jdk\bin\java.exe
0x00007ff9783e0000 - 0x00007ff9785c1000 	C:\Windows\SYSTEM32\ntdll.dll
0x00007ff976140000 - 0x00007ff9761f1000 	C:\Windows\System32\KERNEL32.DLL
0x00007ff974a90000 - 0x00007ff974d03000 	C:\Windows\System32\KERNELBASE.dll
0x00007ff975a70000 - 0x00007ff975b11000 	C:\Windows\System32\ADVAPI32.dll
0x00007ff975870000 - 0x00007ff97590e000 	C:\Windows\System32\msvcrt.dll
0x00007ff975f60000 - 0x00007ff975fbb000 	C:\Windows\System32\sechost.dll
0x00007ff975b20000 - 0x00007ff975c44000 	C:\Windows\System32\RPCRT4.dll
0x00007ff976c40000 - 0x00007ff976dd0000 	C:\Windows\System32\USER32.dll
0x00007ff9756b0000 - 0x00007ff9756d0000 	C:\Windows\System32\win32u.dll
0x00007ff976f20000 - 0x00007ff976f48000 	C:\Windows\System32\GDI32.dll
0x00007ff9756d0000 - 0x00007ff975863000 	C:\Windows\System32\gdi32full.dll
0x00007ff974d10000 - 0x00007ff974daf000 	C:\Windows\System32\msvcp_win.dll
0x00007ff9747a0000 - 0x00007ff974898000 	C:\Windows\System32\ucrtbase.dll
0x00007ff954d70000 - 0x00007ff954fd9000 	C:\Windows\WinSxS\amd64_microsoft.windows.common-controls_6595b64144ccf1df_6.0.17134.1610_none_d3fd41197c928db6\COMCTL32.dll
0x00007ff976200000 - 0x00007ff976520000 	C:\Windows\System32\combase.dll
0x00007ff9755e0000 - 0x00007ff975659000 	C:\Windows\System32\bcryptPrimitives.dll
0x00007ff975a40000 - 0x00007ff975a6d000 	C:\Windows\System32\IMM32.DLL
0x000002949f880000 - 0x000002949f892000 	C:\Windows\System32\umppc13408.dll
0x00007ff92f860000 - 0x00007ff92f94f000 	C:\jmonkeyplatform\jdk\jre\bin\msvcr120.dll
0x00007ff954000000 - 0x00007ff9540a6000 	C:\jmonkeyplatform\jdk\jre\bin\msvcp120.dll
0x0000000064840000 - 0x000000006503b000 	C:\jmonkeyplatform\jdk\jre\bin\server\jvm.dll
0x00007ff976780000 - 0x00007ff976788000 	C:\Windows\System32\PSAPI.DLL
0x00007ff959040000 - 0x00007ff959049000 	C:\Windows\SYSTEM32\WSOCK32.dll
0x00007ff976520000 - 0x00007ff97658c000 	C:\Windows\System32\WS2_32.dll
0x00007ff970d40000 - 0x00007ff970d63000 	C:\Windows\SYSTEM32\WINMM.dll
0x00007ff9744f0000 - 0x00007ff9744fa000 	C:\Windows\SYSTEM32\VERSION.dll
0x00007ff970d10000 - 0x00007ff970d3a000 	C:\Windows\SYSTEM32\WINMMBASE.dll
0x00007ff975660000 - 0x00007ff9756a9000 	C:\Windows\System32\cfgmgr32.dll
0x00007ff96dee0000 - 0x00007ff96deef000 	C:\jmonkeyplatform\jdk\jre\bin\verify.dll
0x00007ff9547e0000 - 0x00007ff954808000 	C:\jmonkeyplatform\jdk\jre\bin\java.dll
0x00007ff959ea0000 - 0x00007ff959eaf000 	C:\Users\cristian.villalba\AppData\Roaming\.jmonkeyplatform\v3.2.4-stable-sdk1\lib\deployed\jdk16\windows-amd64\profilerinterface.dll
0x00007ff95c500000 - 0x00007ff95c516000 	C:\jmonkeyplatform\jdk\jre\bin\zip.dll
0x00007ff976f60000 - 0x00007ff9783a5000 	C:\Windows\System32\SHELL32.dll
0x00007ff976e70000 - 0x00007ff976f19000 	C:\Windows\System32\shcore.dll
0x00007ff974ec0000 - 0x00007ff9755d5000 	C:\Windows\System32\windows.storage.dll
0x00007ff976590000 - 0x00007ff9765e1000 	C:\Windows\System32\shlwapi.dll
0x00007ff974730000 - 0x00007ff974741000 	C:\Windows\System32\kernel.appcore.dll
0x00007ff974780000 - 0x00007ff97479f000 	C:\Windows\System32\profapi.dll
0x00007ff9746e0000 - 0x00007ff97472c000 	C:\Windows\System32\powrprof.dll
0x00007ff974770000 - 0x00007ff97477a000 	C:\Windows\System32\FLTLIB.DLL
0x00007ff9547c0000 - 0x00007ff9547da000 	C:\jmonkeyplatform\jdk\jre\bin\net.dll
0x00007ff95efa0000 - 0x00007ff95f16c000 	C:\Windows\SYSTEM32\urlmon.dll
0x00007ff962e70000 - 0x00007ff963117000 	C:\Windows\SYSTEM32\iertutil.dll
0x00007ff973fc0000 - 0x00007ff973fcb000 	C:\Windows\SYSTEM32\CRYPTBASE.DLL
0x00007ff973e60000 - 0x00007ff973ec6000 	C:\Windows\system32\mswsock.dll
0x00007ff95c4e0000 - 0x00007ff95c4ed000 	C:\jmonkeyplatform\jdk\jre\bin\management.dll
0x00007ff9547a0000 - 0x00007ff9547b2000 	C:\jmonkeyplatform\jdk\jre\bin\nio.dll
0x00007ff974070000 - 0x00007ff974087000 	C:\Windows\SYSTEM32\CRYPTSP.dll
0x00007ff973a20000 - 0x00007ff973a53000 	C:\Windows\system32\rsaenh.dll
0x00007ff974190000 - 0x00007ff9741b5000 	C:\Windows\SYSTEM32\bcrypt.dll
0x00007ff974610000 - 0x00007ff974638000 	C:\Windows\SYSTEM32\USERENV.dll
0x00007ff973bc0000 - 0x00007ff973bf8000 	C:\Windows\SYSTEM32\IPHLPAPI.DLL
0x00007ff975db0000 - 0x00007ff975db8000 	C:\Windows\System32\NSI.dll
0x00007ff96fb10000 - 0x00007ff96fb26000 	C:\Windows\SYSTEM32\dhcpcsvc6.DLL
0x00007ff96faf0000 - 0x00007ff96fb0a000 	C:\Windows\SYSTEM32\dhcpcsvc.DLL
0x00007ff92cc20000 - 0x00007ff92cdb5000 	C:\jmonkeyplatform\jdk\jre\bin\awt.dll
0x00007ff975970000 - 0x00007ff975a32000 	C:\Windows\System32\OLEAUT32.dll
0x00007ff972400000 - 0x00007ff97248b000 	C:\Windows\SYSTEM32\apphelp.dll
0x00007ff972930000 - 0x00007ff9729c8000 	C:\Windows\system32\uxtheme.dll
0x00007ff975fc0000 - 0x00007ff976134000 	C:\Windows\System32\MSCTF.dll
0x00007ff972a10000 - 0x00007ff972a39000 	C:\Windows\system32\dwmapi.dll
0x00007ff975c50000 - 0x00007ff975da1000 	C:\Windows\System32\ole32.dll
0x00007ff95bb60000 - 0x00007ff95bc80000 	C:\Windows\system32\opengl32.dll
0x00007ff95b9d0000 - 0x00007ff95b9fc000 	C:\Windows\SYSTEM32\GLU32.dll
0x00007ff950be0000 - 0x00007ff950c73000 	C:\jmonkeyplatform\jdk\jre\bin\freetype.dll
0x00007ff942820000 - 0x00007ff9428dc000 	C:\jmonkeyplatform\jdk\jre\bin\fontmanager.dll
0x00007ff959f60000 - 0x00007ff959ff6000 	C:\Windows\System32\TextInputFramework.dll
0x00007ff96ec40000 - 0x00007ff96ef5e000 	C:\Windows\System32\CoreUIComponents.dll
0x00007ff972090000 - 0x00007ff97216a000 	C:\Windows\System32\CoreMessaging.dll
0x00007ff9736e0000 - 0x00007ff973711000 	C:\Windows\SYSTEM32\ntmarta.dll
0x00007ff96fde0000 - 0x00007ff96ff2d000 	C:\Windows\SYSTEM32\wintypes.dll
0x00007ff973050000 - 0x00007ff973219000 	C:\Windows\SYSTEM32\dbghelp.dll

VM Arguments:
jvm_args: -Dfile.encoding=UTF-8 -agentpath:C:/Users/cristian.villalba/AppData/Roaming/.jmonkeyplatform/v3.2.4-stable-sdk1/lib/deployed/jdk16/windows-amd64/profilerinterface.dll=C:\Users\cristian.villalba\AppData\Roaming\.jmonkeyplatform\v3.2.4-stable-sdk1\lib,5140,10 -XX:+HeapDumpOnOutOfMemoryError -XX:HeapDumpPath=C:\jmonkeyp\ETA\nbproject\private\profiler 
java_command: eta.Main
java_class_path (initial): C:\jmonkeyplatform\jmonkeyplatform\libs\jme3-jogg-3.2.4-stable.jar;C:\jmonkeyplatform\jmonkeyplatform\libs\j-ogg-all-1.0.0.jar;C:\jmonkeyplatform\jmonkeyplatform\libs\jme3-networking-3.2.4-stable.jar;C:\jmonkeyplatform\jmonkeyplatform\libs\jme3-plugins-3.2.4-stable.jar;C:\jmonkeyplatform\jmonkeyplatform\libs\gson-2.8.1.jar;C:\jmonkeyplatform\jmonkeyplatform\libs\jme3-core-3.2.4-stable.jar;C:\jmonkeyplatform\jmonkeyplatform\libs\jme3-desktop-3.2.4-stable.jar;C:\jmonkeyplatform\jmonkeyplatform\libs\jme3-lwjgl-3.2.4-stable.jar;C:\jmonkeyplatform\jmonkeyplatform\libs\lwjgl-2.9.3.jar;C:\jmonkeyplatform\jmonkeyplatform\libs\jinput-2.0.5.jar;C:\jmonkeyplatform\jmonkeyplatform\libs\jinput-platform-2.0.5-natives-linux.jar;C:\jmonkeyplatform\jmonkeyplatform\libs\jinput-platform-2.0.5-natives-windows.jar;C:\jmonkeyplatform\jmonkeyplatform\libs\jinput-platform-2.0.5-natives-osx.jar;C:\jmonkeyplatform\jmonkeyplatform\libs\jutils-1.0.0.jar;C:\jmonkeyplatform\jmonkeyplatform\libs\lwjgl-platform-2.9.3-natives-windows.jar;C:\jmonkeyplatform\jmonkeyplatform\libs\lwjgl-platform-2.9.3-natives-linux.jar;C:\jmonkeyplatform\jmonkeyplatform\libs\lwjgl-platform-2.9.3-natives-osx.jar;C:\jmonkeyplatform\jmonkeyplatform\libs\jme3-effects-3.2.4-stable.jar;C:\jmonkeyplatform\jmonkeyplatform\libs\jme3-terrain-3.2.4-stable.jar;C:\jmonkeyplatform\jmonkeyplatform\libs\jme3-bullet-3.2.4-stable.jar;C:\jmonkeyplatform\jmonkeyplatform\libs\jme3-bullet-native-3.2.4-stable.jar;C:\jmonkeyp\ETA\libs\LemurProto.jar;C:\jmonkeyp\ETA\libs\groovy-all-2.4.19.jar;C:\jmonkeyp\ETA\libs\guava-26.0-jre.jar;C:\jmonkeyp\ETA\libs\lemur-1.13.0.jar;C:\jmonkeyp\ETA\libs\slf4j-api-1.7.9.jar;C:\jmonkeyp\ETA\build\classes;C:\jmonkeyp\ETA\assets
Launcher Type: SUN_STANDARD

Environment Variables:
PATH=C:\Program Files (x86)\Common Files\Oracle\Java\javapath;C:\Windows\system32;C:\Windows;C:\Windows\System32\Wbem;C:\Windows\System32\WindowsPowerShell\v1.0\;C:\Windows\System32\OpenSSH\;C:\Program Files (x86)\Intel\Intel(R) Management Engine Components\DAL;C:\Program Files\Intel\Intel(R) Management Engine Components\DAL;C:\Program Files\dotnet\;C:\Program Files\Microsoft SQL Server\130\Tools\Binn\;C:\Users\cristian.villalba\AppData\Roaming\nvm;C:\Program Files\nodejs;c:\wspan\swgw;C:\Program Files\Intel\WiFi\bin\;C:\Program Files\Common Files\Intel\WirelessCommon\;C:\Users\cristian.villalba\AppData\Roaming\Python\Python37\Scripts;C:\ProgramData\chocolatey\bin;C:\Program Files\Git\cmd;C:\Program Files\Microsoft SQL Server\Client SDK\ODBC\170\Tools\Binn\;C:\Program Files\Microsoft SQL Server\Client SDK\ODBC\110\Tools\Binn\;c:\ffmpeg\bin\;C:\Program Files (x86)\Windows Kits\10\Windows Performance Toolkit\;C:\Program Files (x86)\Windows Live\Shared;C:\Program Files (x86)\Microchip\MPLAB IDE\VDI;C:\Program Files\CMake\bin;C:\PowerShell;C:\Program Files (x86)\Microsoft SQL Server\150\DTS\Binn\;C:\Program Files\Azure Data Studio\bin;C:\Users\cristian.villalba\scoop\shims;C:\Ruby27-x64\bin;C:\Users\cristian.villalba\AppData\Local\Microsoft\WindowsApps;C:\Users\cristian.villalba\AppData\Roaming\nvm;C:\Program Files\nodejs;C:\Users\cristian.villalba\AppData\Local\Programs\Microsoft VS Code\bin;C:\Users\cristian.villalba\.dotnet\tools;C:\Panda3D-1.10.7-x64\python;C:\Panda3D-1.10.7-x64\python\Scripts;C:\Panda3D-1.10.7-x64\bin;C:\Program Files\Azure Data Studio\bin;C:\fp\swdir
USERNAME=Cristian.Villalba
OS=Windows_NT
PROCESSOR_IDENTIFIER=Intel64 Family 6 Model 142 Stepping 10, GenuineIntel



---------------  S Y S T E M  ---------------

OS: Windows 10.0 , 64 bit Build 17134 (10.0.17134.1425)

CPU:total 8 (initial active 8) (4 cores per cpu, 2 threads per core) family 6 model 142 stepping 10, cmov, cx8, fxsr, mmx, sse, sse2, sse3, ssse3, sse4.1, sse4.2, popcnt, avx, avx2, aes, clmul, erms, rtm, 3dnowpref, lzcnt, ht, tsc, tscinvbit, bmi1, bmi2, adx

Memory: 4k page, physical 16653484k(12185276k free), swap 20554632k(10123496k free)

vm_info: OpenJDK 64-Bit Server VM (25.212-b04) for windows-amd64 JRE (1.8.0_212-b04), built on Jun  3 2019 21:11:11 by "jenkins" with MS VC++ 12.0 (VS2013)

time: Thu Apr 22 10:17:00 2021
timezone: Argentina Standard Time
elapsed time: 2 seconds (0d 0h 0m 2s)

