#
# A fatal error has been detected by the Java Runtime Environment:
#
#  EXCEPTION_ACCESS_VIOLATION (0xc0000005) at pc=0x0000000064944d48, pid=17036, tid=0x0000000000001cd4
#
# JRE version: OpenJDK Runtime Environment (8.0_212-b04) (build 1.8.0_212-b04)
# Java VM: OpenJDK 64-Bit Server VM (25.212-b04 mixed mode windows-amd64 compressed oops)
# Problematic frame:
# V  [jvm.dll+0x104d48]
#
# Failed to write core dump. Minidumps are not enabled by default on client versions of Windows
#
# If you would like to submit a bug report, please visit:
#   
#

---------------  T H R E A D  ---------------

Current thread (0x000001f729e8c800):  JavaThread "*** Profiler Agent Communication Thread" daemon [_thread_in_vm, id=7380, stack(0x0000006b8b000000,0x0000006b8b100000)]

siginfo: ExceptionCode=0xc0000005, reading address 0x0000000031303430

Registers:
RAX=0x0000006b8b0ff201, RBX=0x000001f729e8c800, RCX=0x0000000031303430, RDX=0x0000000000000000
RSP=0x0000006b8b0ff240, RBP=0x0000000031303430, RSI=0x000001f70cec5950, RDI=0x0000006b8b0ff360
R8 =0x000001f729e8c800, R9 =0x0000000031303430, R10=0x000001f70d1e2818, R11=0x00007ff9784f9500
R12=0x000001f738245ee0, R13=0x000000000000005e, R14=0x00007ff959ea9c68, R15=0x00007ff959ea9a60
RIP=0x0000000064944d48, EFLAGS=0x0000000000010206

Top of Stack: (sp=0x0000006b8b0ff240)
0x0000006b8b0ff240:   0000000000000000 0000000000000000
0x0000006b8b0ff250:   000001f729e8c800 0000006b8b0ff408
0x0000006b8b0ff260:   000001f729e8c800 0000000064b2d64d
0x0000006b8b0ff270:   0000000000000eb0 000001f7275d11c8
0x0000006b8b0ff280:   000001f729e8c9e0 00007ff975889960
0x0000006b8b0ff290:   000001f729e8c800 0000000000000000
0x0000006b8b0ff2a0:   0000006b00000000 0000000000000000
0x0000006b8b0ff2b0:   0000000031303430 00007ff959ea34da
0x0000006b8b0ff2c0:   0000000000000000 000001f729e8c9e0
0x0000006b8b0ff2d0:   000001f7275d11c8 00000000648d6365
0x0000006b8b0ff2e0:   000001f738245ee0 000001f729e8d940
0x0000006b8b0ff2f0:   00000000000003d8 000001f729e8d950
0x0000006b8b0ff300:   000001f727757708 000001f729e8c800
0x0000006b8b0ff310:   000001f727757708 000001f729e8c800
0x0000006b8b0ff320:   000001f729e8c800 000001f727757708
0x0000006b8b0ff330:   0000000000000000 0000000000000002 

Instructions: (pc=0x0000000064944d48)
0x0000000064944d28:   cc cc cc cc cc cc cc cc 48 83 ec 28 4c 8b c9 48
0x0000000064944d38:   85 c9 75 07 33 c0 48 83 c4 28 c3 48 89 5c 24 20
0x0000000064944d48:   48 8b 19 48 85 db 74 3f 48 8b 43 08 48 8b 48 08
0x0000000064944d58:   48 8b 41 18 48 85 c0 74 2e 48 8b 80 90 00 00 00 


Register to memory mapping:

RAX=0x0000006b8b0ff201 is pointing into the stack for thread: 0x000001f729e8c800
RBX=0x000001f729e8c800 is a thread
RCX=0x0000000031303430 is an unknown value
RDX=0x0000000000000000 is an unknown value
RSP=0x0000006b8b0ff240 is pointing into the stack for thread: 0x000001f729e8c800
RBP=0x0000000031303430 is an unknown value
RSI=0x000001f70cec5950 is an unknown value
RDI=0x0000006b8b0ff360 is pointing into the stack for thread: 0x000001f729e8c800
R8 =0x000001f729e8c800 is a thread
R9 =0x0000000031303430 is an unknown value
R10=0x000001f70d1e2818 is an unknown value
R11=0x00007ff9784f9500 is an unknown value
R12=0x000001f738245ee0 is an unknown value
R13=0x000000000000005e is an unknown value
R14=0x00007ff959ea9c68 is an unknown value
R15=0x00007ff959ea9a60 is an unknown value


Stack: [0x0000006b8b000000,0x0000006b8b100000],  sp=0x0000006b8b0ff240,  free space=1020k
Native frames: (J=compiled Java code, j=interpreted, Vv=VM code, C=native code)
V  [jvm.dll+0x104d48]
V  [jvm.dll+0x2ed64d]
C  [profilerinterface.dll+0x34da]
C  0x000001f70e9a9c6e

Java frames: (J=compiled Java code, j=interpreted, Vv=VM code)
j  org.netbeans.lib.profiler.server.system.Stacks.getMethodNamesForJMethodIds(I[I[I)[B+0
j  org.netbeans.lib.profiler.server.ProfilerInterface.getMethodNamesForJMethodIds([I)Lorg/netbeans/lib/profiler/wireprotocol/MethodNamesResponse;+20
j  org.netbeans.lib.profiler.server.ProfilerServer.handleClientCommand(Lorg/netbeans/lib/profiler/wireprotocol/Command;)V+691
j  org.netbeans.lib.profiler.server.ProfilerServer.listenToClient()V+48
j  org.netbeans.lib.profiler.server.ProfilerServer.run()V+22
v  ~StubRoutines::call_stub

---------------  P R O C E S S  ---------------

Java Threads: ( => current thread )
  0x000001f72dcc6800 JavaThread "*** Profiler Agent Special Execution Thread 10" daemon [_thread_blocked, id=21984, stack(0x0000006b8bc00000,0x0000006b8bd00000)]
  0x000001f72dcc4000 JavaThread "LWJGL Timer" daemon [_thread_blocked, id=2512, stack(0x0000006b8ba00000,0x0000006b8bb00000)]
  0x000001f72dc02000 JavaThread "jME3 Audio Decoder" daemon [_thread_blocked, id=21708, stack(0x0000006b8c500000,0x0000006b8c600000)]
  0x000001f70cecc800 JavaThread "DestroyJavaVM" [_thread_blocked, id=21108, stack(0x0000006b8a200000,0x0000006b8a300000)]
  0x000001f72b0a3000 JavaThread "jME3 Main" [_thread_blocked, id=10680, stack(0x0000006b8bf00000,0x0000006b8c000000)]
  0x000001f72afd5800 JavaThread "TimerQueue" daemon [_thread_blocked, id=12072, stack(0x0000006b8be00000,0x0000006b8bf00000)]
  0x000001f72ac2c800 JavaThread "AWT-Windows" daemon [_thread_in_native, id=12976, stack(0x0000006b8bb00000,0x0000006b8bc00000)]
  0x000001f72ac4b000 JavaThread "Java2D Disposer" daemon [_thread_blocked, id=16052, stack(0x0000006b8b900000,0x0000006b8ba00000)]
  0x000001f72a000800 JavaThread "Service Thread" daemon [_thread_blocked, id=20876, stack(0x0000006b8b700000,0x0000006b8b800000)]
  0x000001f72a00a800 JavaThread "C1 CompilerThread3" daemon [_thread_blocked, id=13628, stack(0x0000006b8b600000,0x0000006b8b700000)]
  0x000001f72a007800 JavaThread "C2 CompilerThread2" daemon [_thread_blocked, id=20964, stack(0x0000006b8b500000,0x0000006b8b600000)]
  0x000001f72a007000 JavaThread "C2 CompilerThread1" daemon [_thread_blocked, id=4596, stack(0x0000006b8b400000,0x0000006b8b500000)]
  0x000001f72a006000 JavaThread "C2 CompilerThread0" daemon [_thread_blocked, id=4740, stack(0x0000006b8b300000,0x0000006b8b400000)]
  0x000001f729ec5800 JavaThread "*** Profiler Agent Special Execution Thread 6" daemon [_thread_blocked, id=19048, stack(0x0000006b8b200000,0x0000006b8b300000)]
  0x000001f729eba000 JavaThread "*** JFluid Monitor thread ***" daemon [_thread_blocked, id=10140, stack(0x0000006b8b100000,0x0000006b8b200000)]
=>0x000001f729e8c800 JavaThread "*** Profiler Agent Communication Thread" daemon [_thread_in_vm, id=7380, stack(0x0000006b8b000000,0x0000006b8b100000)]
  0x000001f7286c8000 JavaThread "Attach Listener" daemon [_thread_blocked, id=22860, stack(0x0000006b8af00000,0x0000006b8b000000)]
  0x000001f7286c6800 JavaThread "Signal Dispatcher" daemon [_thread_blocked, id=7204, stack(0x0000006b8ae00000,0x0000006b8af00000)]
  0x000001f7286a3000 JavaThread "Finalizer" daemon [_thread_blocked, id=9392, stack(0x0000006b8ad00000,0x0000006b8ae00000)]
  0x000001f7286a0800 JavaThread "Reference Handler" daemon [_thread_blocked, id=19700, stack(0x0000006b8ac00000,0x0000006b8ad00000)]

Other Threads:
  0x000001f728671000 VMThread [stack: 0x0000006b8ab00000,0x0000006b8ac00000] [id=10100]
  0x000001f72a072800 WatcherThread [stack: 0x0000006b8b800000,0x0000006b8b900000] [id=19300]

VM state:synchronizing (normal execution)

VM Mutex/Monitor currently owned by a thread:  ([mutex/lock_event])
[0x000001f70cec97a0] Threads_lock - owner thread: 0x000001f728671000

heap address: 0x00000006c1e00000, size: 4066 MB, Compressed Oops mode: Zero based, Oop shift amount: 3
Narrow klass base: 0x0000000000000000, Narrow klass shift: 3
Compressed class space size: 1073741824 Address: 0x00000007c0000000

Heap:
 PSYoungGen      total 418816K, used 211432K [0x000000076b500000, 0x000000078bc80000, 0x00000007c0000000)
  eden space 351744K, 41% used [0x000000076b500000,0x00000007741fafb8,0x0000000780c80000)
  from space 67072K, 99% used [0x0000000780c80000,0x0000000784dff420,0x0000000784e00000)
  to   space 77824K, 0% used [0x0000000787080000,0x0000000787080000,0x000000078bc80000)
 ParOldGen       total 113664K, used 29376K [0x00000006c1e00000, 0x00000006c8d00000, 0x000000076b500000)
  object space 113664K, 25% used [0x00000006c1e00000,0x00000006c3ab0110,0x00000006c8d00000)
 Metaspace       used 30313K, capacity 30849K, committed 31104K, reserved 1077248K
  class space    used 3229K, capacity 3371K, committed 3456K, reserved 1048576K

Card table byte_map: [0x000001f71dd50000,0x000001f71e550000] byte_map_base: 0x000001f71a741000

Marking Bits: (ParMarkBitMap*) 0x0000000064fc1f50
 Begin Bits: [0x000001f71eaa0000, 0x000001f722a28000)
 End Bits:   [0x000001f722a28000, 0x000001f7269b0000)

Polling page: 0x000001f70d100000

CodeCache: size=245760Kb used=14084Kb max_used=14090Kb free=231675Kb
 bounds [0x000001f70e990000, 0x000001f70f790000, 0x000001f71d990000]
 total_blobs=4872 nmethods=3890 adapters=894
 compilation: enabled

Compilation events (10 events):
Event: 180.887 Thread 0x000001f72a00a800 4595       3       java.io.OutputStream::flush (1 bytes)
Event: 180.888 Thread 0x000001f72a00a800 nmethod 4595 0x000001f70f587dd0 code [0x000001f70f587f20, 0x000001f70f588078]
Event: 180.988 Thread 0x000001f72a00a800 4596       3       java.lang.Long::valueOf (36 bytes)
Event: 180.989 Thread 0x000001f72a00a800 nmethod 4596 0x000001f70f5ba590 code [0x000001f70f5ba700, 0x000001f70f5baa78]
Event: 181.160 Thread 0x000001f72a00a800 4597       3       java.lang.Thread::getId (5 bytes)
Event: 181.160 Thread 0x000001f72a00a800 nmethod 4597 0x000001f70ed490d0 code [0x000001f70ed49220, 0x000001f70ed49378]
Event: 181.235 Thread 0x000001f72a00a800 4598       3       java.util.Arrays::equals (54 bytes)
Event: 181.235 Thread 0x000001f72a00a800 nmethod 4598 0x000001f70f5c9dd0 code [0x000001f70f5c9f40, 0x000001f70f5ca2b8]
Event: 181.299 Thread 0x000001f72a00a800 4599       3       org.netbeans.lib.profiler.server.ProfilerRuntimeSampler$Sampling::writeThreadInfoNoChange (86 bytes)
Event: 181.300 Thread 0x000001f72a00a800 nmethod 4599 0x000001f70f3ce450 code [0x000001f70f3ce5e0, 0x000001f70f3ce9b0]

GC Heap History (10 events):
Event: 137.534 GC heap before
{Heap before GC invocations=28 (full 3):
 PSYoungGen      total 356352K, used 343187K [0x000000076b500000, 0x0000000783a00000, 0x00000007c0000000)
  eden space 315904K, 100% used [0x000000076b500000,0x000000077e980000,0x000000077e980000)
  from space 40448K, 67% used [0x0000000781180000,0x0000000782c24f90,0x0000000783900000)
  to   space 40960K, 0% used [0x000000077e980000,0x000000077e980000,0x0000000781180000)
 ParOldGen       total 113664K, used 21816K [0x00000006c1e00000, 0x00000006c8d00000, 0x000000076b500000)
  object space 113664K, 19% used [0x00000006c1e00000,0x00000006c334e110,0x00000006c8d00000)
 Metaspace       used 30271K, capacity 30779K, committed 31104K, reserved 1077248K
  class space    used 3224K, capacity 3370K, committed 3456K, reserved 1048576K
Event: 137.596 GC heap after
Heap after GC invocations=28 (full 3):
 PSYoungGen      total 356864K, used 37491K [0x000000076b500000, 0x0000000785c80000, 0x00000007c0000000)
  eden space 315904K, 0% used [0x000000076b500000,0x000000076b500000,0x000000077e980000)
  from space 40960K, 91% used [0x000000077e980000,0x0000000780e1cfa0,0x0000000781180000)
  to   space 45056K, 0% used [0x0000000783080000,0x0000000783080000,0x0000000785c80000)
 ParOldGen       total 113664K, used 21848K [0x00000006c1e00000, 0x00000006c8d00000, 0x000000076b500000)
  object space 113664K, 19% used [0x00000006c1e00000,0x00000006c3356110,0x00000006c8d00000)
 Metaspace       used 30271K, capacity 30779K, committed 31104K, reserved 1077248K
  class space    used 3224K, capacity 3370K, committed 3456K, reserved 1048576K
}
Event: 145.019 GC heap before
{Heap before GC invocations=29 (full 3):
 PSYoungGen      total 356864K, used 353395K [0x000000076b500000, 0x0000000785c80000, 0x00000007c0000000)
  eden space 315904K, 100% used [0x000000076b500000,0x000000077e980000,0x000000077e980000)
  from space 40960K, 91% used [0x000000077e980000,0x0000000780e1cfa0,0x0000000781180000)
  to   space 45056K, 0% used [0x0000000783080000,0x0000000783080000,0x0000000785c80000)
 ParOldGen       total 113664K, used 21848K [0x00000006c1e00000, 0x00000006c8d00000, 0x000000076b500000)
  object space 113664K, 19% used [0x00000006c1e00000,0x00000006c3356110,0x00000006c8d00000)
 Metaspace       used 30271K, capacity 30779K, committed 31104K, reserved 1077248K
  class space    used 3224K, capacity 3370K, committed 3456K, reserved 1048576K
Event: 145.080 GC heap after
Heap after GC invocations=29 (full 3):
 PSYoungGen      total 381952K, used 45036K [0x000000076b500000, 0x0000000786a80000, 0x00000007c0000000)
  eden space 336896K, 0% used [0x000000076b500000,0x000000076b500000,0x000000077fe00000)
  from space 45056K, 99% used [0x0000000783080000,0x0000000785c7b0b0,0x0000000785c80000)
  to   space 51712K, 0% used [0x000000077fe00000,0x000000077fe00000,0x0000000783080000)
 ParOldGen       total 113664K, used 23688K [0x00000006c1e00000, 0x00000006c8d00000, 0x000000076b500000)
  object space 113664K, 20% used [0x00000006c1e00000,0x00000006c3522110,0x00000006c8d00000)
 Metaspace       used 30271K, capacity 30779K, committed 31104K, reserved 1077248K
  class space    used 3224K, capacity 3370K, committed 3456K, reserved 1048576K
}
Event: 152.197 GC heap before
{Heap before GC invocations=30 (full 3):
 PSYoungGen      total 381952K, used 381932K [0x000000076b500000, 0x0000000786a80000, 0x00000007c0000000)
  eden space 336896K, 100% used [0x000000076b500000,0x000000077fe00000,0x000000077fe00000)
  from space 45056K, 99% used [0x0000000783080000,0x0000000785c7b0b0,0x0000000785c80000)
  to   space 51712K, 0% used [0x000000077fe00000,0x000000077fe00000,0x0000000783080000)
 ParOldGen       total 113664K, used 23688K [0x00000006c1e00000, 0x00000006c8d00000, 0x000000076b500000)
  object space 113664K, 20% used [0x00000006c1e00000,0x00000006c3522110,0x00000006c8d00000)
 Metaspace       used 30271K, capacity 30779K, committed 31104K, reserved 1077248K
  class space    used 3224K, capacity 3370K, committed 3456K, reserved 1048576K
Event: 152.257 GC heap after
Heap after GC invocations=30 (full 3):
 PSYoungGen      total 388608K, used 51303K [0x000000076b500000, 0x0000000788700000, 0x00000007c0000000)
  eden space 336896K, 0% used [0x000000076b500000,0x000000076b500000,0x000000077fe00000)
  from space 51712K, 99% used [0x000000077fe00000,0x0000000783019c48,0x0000000783080000)
  to   space 58368K, 0% used [0x0000000784e00000,0x0000000784e00000,0x0000000788700000)
 ParOldGen       total 113664K, used 25896K [0x00000006c1e00000, 0x00000006c8d00000, 0x000000076b500000)
  object space 113664K, 22% used [0x00000006c1e00000,0x00000006c374a110,0x00000006c8d00000)
 Metaspace       used 30271K, capacity 30779K, committed 31104K, reserved 1077248K
  class space    used 3224K, capacity 3370K, committed 3456K, reserved 1048576K
}
Event: 160.355 GC heap before
{Heap before GC invocations=31 (full 3):
 PSYoungGen      total 388608K, used 388199K [0x000000076b500000, 0x0000000788700000, 0x00000007c0000000)
  eden space 336896K, 100% used [0x000000076b500000,0x000000077fe00000,0x000000077fe00000)
  from space 51712K, 99% used [0x000000077fe00000,0x0000000783019c48,0x0000000783080000)
  to   space 58368K, 0% used [0x0000000784e00000,0x0000000784e00000,0x0000000788700000)
 ParOldGen       total 113664K, used 25896K [0x00000006c1e00000, 0x00000006c8d00000, 0x000000076b500000)
  object space 113664K, 22% used [0x00000006c1e00000,0x00000006c374a110,0x00000006c8d00000)
 Metaspace       used 30271K, capacity 30779K, committed 31104K, reserved 1077248K
  class space    used 3224K, capacity 3370K, committed 3456K, reserved 1048576K
Event: 160.446 GC heap after
Heap after GC invocations=31 (full 3):
 PSYoungGen      total 410112K, used 58355K [0x000000076b500000, 0x0000000789a00000, 0x00000007c0000000)
  eden space 351744K, 0% used [0x000000076b500000,0x000000076b500000,0x0000000780c80000)
  from space 58368K, 99% used [0x0000000784e00000,0x00000007886fcfa0,0x0000000788700000)
  to   space 67072K, 0% used [0x0000000780c80000,0x0000000780c80000,0x0000000784e00000)
 ParOldGen       total 113664K, used 27192K [0x00000006c1e00000, 0x00000006c8d00000, 0x000000076b500000)
  object space 113664K, 23% used [0x00000006c1e00000,0x00000006c388e110,0x00000006c8d00000)
 Metaspace       used 30271K, capacity 30779K, committed 31104K, reserved 1077248K
  class space    used 3224K, capacity 3370K, committed 3456K, reserved 1048576K
}
Event: 177.604 GC heap before
{Heap before GC invocations=32 (full 3):
 PSYoungGen      total 410112K, used 410099K [0x000000076b500000, 0x0000000789a00000, 0x00000007c0000000)
  eden space 351744K, 100% used [0x000000076b500000,0x0000000780c80000,0x0000000780c80000)
  from space 58368K, 99% used [0x0000000784e00000,0x00000007886fcfa0,0x0000000788700000)
  to   space 67072K, 0% used [0x0000000780c80000,0x0000000780c80000,0x0000000784e00000)
 ParOldGen       total 113664K, used 27192K [0x00000006c1e00000, 0x00000006c8d00000, 0x000000076b500000)
  object space 113664K, 23% used [0x00000006c1e00000,0x00000006c388e110,0x00000006c8d00000)
 Metaspace       used 30283K, capacity 30779K, committed 31104K, reserved 1077248K
  class space    used 3224K, capacity 3370K, committed 3456K, reserved 1048576K
Event: 177.687 GC heap after
Heap after GC invocations=32 (full 3):
 PSYoungGen      total 418816K, used 67069K [0x000000076b500000, 0x000000078bc80000, 0x00000007c0000000)
  eden space 351744K, 0% used [0x000000076b500000,0x000000076b500000,0x0000000780c80000)
  from space 67072K, 99% used [0x0000000780c80000,0x0000000784dff420,0x0000000784e00000)
  to   space 77824K, 0% used [0x0000000787080000,0x0000000787080000,0x000000078bc80000)
 ParOldGen       total 113664K, used 29376K [0x00000006c1e00000, 0x00000006c8d00000, 0x000000076b500000)
  object space 113664K, 25% used [0x00000006c1e00000,0x00000006c3ab0110,0x00000006c8d00000)
 Metaspace       used 30283K, capacity 30779K, committed 31104K, reserved 1077248K
  class space    used 3224K, capacity 3370K, committed 3456K, reserved 1048576K
}

Deoptimization events (10 events):
Event: 132.444 Thread 0x000001f72b0a3000 Uncommon trap: reason=array_check action=maybe_recompile pc=0x000001f70f3afeb0 method=com.jme3.util.ListSort.reverseArray([Ljava/lang/Object;II)V @ 17
Event: 134.135 Thread 0x000001f72b0a3000 Uncommon trap: reason=array_check action=maybe_recompile pc=0x000001f70f5afaf4 method=com.jme3.util.ListSort.reverseArray([Ljava/lang/Object;II)V @ 21
Event: 134.136 Thread 0x000001f72b0a3000 Uncommon trap: reason=array_check action=maybe_recompile pc=0x000001f70f5afaf4 method=com.jme3.util.ListSort.reverseArray([Ljava/lang/Object;II)V @ 21
Event: 140.399 Thread 0x000001f72b0a3000 Uncommon trap: reason=predicate action=maybe_recompile pc=0x000001f70ec74b7c method=com.jme3.util.ListSort.innerMergeLow(Ljava/util/Comparator;[Ljava/lang/Object;[Ljava/lang/Object;)V @ 178
Event: 143.515 Thread 0x000001f72b0a3000 Uncommon trap: reason=array_check action=maybe_recompile pc=0x000001f70f54d70c method=com.jme3.util.ListSort.innerMergeLow(Ljava/util/Comparator;[Ljava/lang/Object;[Ljava/lang/Object;)V @ 274
Event: 143.859 Thread 0x000001f72b0a3000 Uncommon trap: reason=array_check action=maybe_recompile pc=0x000001f70f54d70c method=com.jme3.util.ListSort.innerMergeLow(Ljava/util/Comparator;[Ljava/lang/Object;[Ljava/lang/Object;)V @ 274
Event: 169.645 Thread 0x000001f72b0a3000 Uncommon trap: reason=array_check action=maybe_recompile pc=0x000001f70f4bace8 method=com.jme3.util.ListSort.innerMergeLow(Ljava/util/Comparator;[Ljava/lang/Object;[Ljava/lang/Object;)V @ 408
Event: 178.189 Thread 0x000001f72b0a3000 Uncommon trap: reason=bimorphic action=maybe_recompile pc=0x000001f70f589af8 method=com.jme3.scene.VertexBuffer.setupData(Lcom/jme3/scene/VertexBuffer$Usage;ILcom/jme3/scene/VertexBuffer$Format;Ljava/nio/Buffer;)V @ 43
Event: 178.194 Thread 0x000001f72b0a3000 Uncommon trap: reason=class_check action=maybe_recompile pc=0x000001f70f61a454 method=com.jme3.scene.Spatial.updateGeometricState()V @ 10
Event: 180.922 Thread 0x000001f72dcc6800 Uncommon trap: reason=unstable_if action=reinterpret pc=0x000001f70f623544 method=java.lang.Long.valueOf(J)Ljava/lang/Long; @ 13

Classes redefined (0 events):
No events

Internal exceptions (10 events):
Event: 6.792 Thread 0x000001f72b0a3000 Exception <a 'java/lang/ClassNotFoundException': Script3$2Customizer> (0x000000076c1fa810) thrown at [C:\cygwin64\tmp\openjdk-jdk8u-windows-x64-hotspot\workspace\build\src\hotspot\src\share\vm\classfile\systemDictionary.cpp, line 210]
Event: 6.794 Thread 0x000001f72b0a3000 Exception <a 'java/lang/ClassNotFoundException': com/simsilica/lemur/Button$ButtonActionBeanInfo> (0x000000076c216c70) thrown at [C:\cygwin64\tmp\openjdk-jdk8u-windows-x64-hotspot\workspace\build\src\hotspot\src\share\vm\classfile\systemDictionary.cpp, li
Event: 6.794 Thread 0x000001f72b0a3000 Exception <a 'java/lang/ClassNotFoundException': com/simsilica/lemur/Button$ButtonActionCustomizer> (0x000000076c21fe90) thrown at [C:\cygwin64\tmp\openjdk-jdk8u-windows-x64-hotspot\workspace\build\src\hotspot\src\share\vm\classfile\systemDictionary.cpp, 
Event: 6.805 Thread 0x000001f72b0a3000 Exception <a 'java/lang/ClassNotFoundException': com/simsilica/lemur/component/IconComponentBeanInfo> (0x000000076c2a5600) thrown at [C:\cygwin64\tmp\openjdk-jdk8u-windows-x64-hotspot\workspace\build\src\hotspot\src\share\vm\classfile\systemDictionary.cpp
Event: 6.806 Thread 0x000001f72b0a3000 Exception <a 'java/lang/ClassNotFoundException': com/simsilica/lemur/component/IconComponentCustomizer> (0x000000076c2afa40) thrown at [C:\cygwin64\tmp\openjdk-jdk8u-windows-x64-hotspot\workspace\build\src\hotspot\src\share\vm\classfile\systemDictionary.c
Event: 39.699 Thread 0x000001f72b0a3000 Implicit null exception at 0x000001f70edb7afa to 0x000001f70edb7cd5
Event: 39.699 Thread 0x000001f72b0a3000 Implicit null exception at 0x000001f70eac241b to 0x000001f70eac2724
Event: 39.757 Thread 0x000001f72b0a3000 Implicit null exception at 0x000001f70f717505 to 0x000001f70f71fe21
Event: 39.757 Thread 0x000001f72b0a3000 Implicit null exception at 0x000001f70f6f5595 to 0x000001f70f6f563d
Event: 39.758 Thread 0x000001f72b0a3000 Implicit null exception at 0x000001f70f5effb0 to 0x000001f70f5effe9

Events (10 events):
Event: 181.892 Executing VM operation: GetAllStackTraces
Event: 181.893 Executing VM operation: GetAllStackTraces done
Event: 181.893 loading class org/netbeans/lib/profiler/wireprotocol/EventBufferDumpedCommand
Event: 181.895 loading class org/netbeans/lib/profiler/wireprotocol/EventBufferDumpedCommand done
Event: 181.902 loading class org/netbeans/lib/profiler/wireprotocol/DumpResultsResponse
Event: 181.903 loading class org/netbeans/lib/profiler/wireprotocol/DumpResultsResponse done
Event: 181.903 Executing VM operation: GetAllStackTraces
Event: 181.904 Executing VM operation: GetAllStackTraces done
Event: 181.909 loading class org/netbeans/lib/profiler/wireprotocol/GetMethodNamesForJMethodIdsCommand
Event: 181.909 loading class org/netbeans/lib/profiler/wireprotocol/GetMethodNamesForJMethodIdsCommand done


Dynamic libraries:
0x00007ff6aa090000 - 0x00007ff6aa0ca000 	C:\jmonkeyplatform\jdk\bin\java.exe
0x00007ff9783e0000 - 0x00007ff9785c1000 	C:\Windows\SYSTEM32\ntdll.dll
0x00007ff976140000 - 0x00007ff9761f1000 	C:\Windows\System32\KERNEL32.DLL
0x00007ff974a90000 - 0x00007ff974d03000 	C:\Windows\System32\KERNELBASE.dll
0x00007ff975a70000 - 0x00007ff975b11000 	C:\Windows\System32\ADVAPI32.dll
0x00007ff975870000 - 0x00007ff97590e000 	C:\Windows\System32\msvcrt.dll
0x00007ff975f60000 - 0x00007ff975fbb000 	C:\Windows\System32\sechost.dll
0x00007ff975b20000 - 0x00007ff975c44000 	C:\Windows\System32\RPCRT4.dll
0x00007ff976c40000 - 0x00007ff976dd0000 	C:\Windows\System32\USER32.dll
0x00007ff9756b0000 - 0x00007ff9756d0000 	C:\Windows\System32\win32u.dll
0x00007ff976f20000 - 0x00007ff976f48000 	C:\Windows\System32\GDI32.dll
0x00007ff9756d0000 - 0x00007ff975863000 	C:\Windows\System32\gdi32full.dll
0x00007ff974d10000 - 0x00007ff974daf000 	C:\Windows\System32\msvcp_win.dll
0x00007ff9747a0000 - 0x00007ff974898000 	C:\Windows\System32\ucrtbase.dll
0x00007ff954d70000 - 0x00007ff954fd9000 	C:\Windows\WinSxS\amd64_microsoft.windows.common-controls_6595b64144ccf1df_6.0.17134.1610_none_d3fd41197c928db6\COMCTL32.dll
0x00007ff976200000 - 0x00007ff976520000 	C:\Windows\System32\combase.dll
0x00007ff9755e0000 - 0x00007ff975659000 	C:\Windows\System32\bcryptPrimitives.dll
0x00007ff975a40000 - 0x00007ff975a6d000 	C:\Windows\System32\IMM32.DLL
0x000001f70d120000 - 0x000001f70d132000 	C:\Windows\System32\umppc13408.dll
0x00007ff92f860000 - 0x00007ff92f94f000 	C:\jmonkeyplatform\jdk\jre\bin\msvcr120.dll
0x00007ff954000000 - 0x00007ff9540a6000 	C:\jmonkeyplatform\jdk\jre\bin\msvcp120.dll
0x0000000064840000 - 0x000000006503b000 	C:\jmonkeyplatform\jdk\jre\bin\server\jvm.dll
0x00007ff976780000 - 0x00007ff976788000 	C:\Windows\System32\PSAPI.DLL
0x00007ff959040000 - 0x00007ff959049000 	C:\Windows\SYSTEM32\WSOCK32.dll
0x00007ff976520000 - 0x00007ff97658c000 	C:\Windows\System32\WS2_32.dll
0x00007ff970d40000 - 0x00007ff970d63000 	C:\Windows\SYSTEM32\WINMM.dll
0x00007ff9744f0000 - 0x00007ff9744fa000 	C:\Windows\SYSTEM32\VERSION.dll
0x00007ff970d10000 - 0x00007ff970d3a000 	C:\Windows\SYSTEM32\WINMMBASE.dll
0x00007ff975660000 - 0x00007ff9756a9000 	C:\Windows\System32\cfgmgr32.dll
0x00007ff96dee0000 - 0x00007ff96deef000 	C:\jmonkeyplatform\jdk\jre\bin\verify.dll
0x00007ff9547e0000 - 0x00007ff954808000 	C:\jmonkeyplatform\jdk\jre\bin\java.dll
0x00007ff959ea0000 - 0x00007ff959eaf000 	C:\Users\cristian.villalba\AppData\Roaming\.jmonkeyplatform\v3.2.4-stable-sdk1\lib\deployed\jdk16\windows-amd64\profilerinterface.dll
0x00007ff95c500000 - 0x00007ff95c516000 	C:\jmonkeyplatform\jdk\jre\bin\zip.dll
0x00007ff976f60000 - 0x00007ff9783a5000 	C:\Windows\System32\SHELL32.dll
0x00007ff976e70000 - 0x00007ff976f19000 	C:\Windows\System32\shcore.dll
0x00007ff974ec0000 - 0x00007ff9755d5000 	C:\Windows\System32\windows.storage.dll
0x00007ff976590000 - 0x00007ff9765e1000 	C:\Windows\System32\shlwapi.dll
0x00007ff974730000 - 0x00007ff974741000 	C:\Windows\System32\kernel.appcore.dll
0x00007ff974780000 - 0x00007ff97479f000 	C:\Windows\System32\profapi.dll
0x00007ff9746e0000 - 0x00007ff97472c000 	C:\Windows\System32\powrprof.dll
0x00007ff974770000 - 0x00007ff97477a000 	C:\Windows\System32\FLTLIB.DLL
0x00007ff9547c0000 - 0x00007ff9547da000 	C:\jmonkeyplatform\jdk\jre\bin\net.dll
0x00007ff95efa0000 - 0x00007ff95f16c000 	C:\Windows\SYSTEM32\urlmon.dll
0x00007ff962e70000 - 0x00007ff963117000 	C:\Windows\SYSTEM32\iertutil.dll
0x00007ff973fc0000 - 0x00007ff973fcb000 	C:\Windows\SYSTEM32\CRYPTBASE.DLL
0x00007ff973e60000 - 0x00007ff973ec6000 	C:\Windows\system32\mswsock.dll
0x00007ff95c4e0000 - 0x00007ff95c4ed000 	C:\jmonkeyplatform\jdk\jre\bin\management.dll
0x00007ff9547a0000 - 0x00007ff9547b2000 	C:\jmonkeyplatform\jdk\jre\bin\nio.dll
0x00007ff974070000 - 0x00007ff974087000 	C:\Windows\SYSTEM32\CRYPTSP.dll
0x00007ff973a20000 - 0x00007ff973a53000 	C:\Windows\system32\rsaenh.dll
0x00007ff974190000 - 0x00007ff9741b5000 	C:\Windows\SYSTEM32\bcrypt.dll
0x00007ff974610000 - 0x00007ff974638000 	C:\Windows\SYSTEM32\USERENV.dll
0x00007ff973bc0000 - 0x00007ff973bf8000 	C:\Windows\SYSTEM32\IPHLPAPI.DLL
0x00007ff975db0000 - 0x00007ff975db8000 	C:\Windows\System32\NSI.dll
0x00007ff96fb10000 - 0x00007ff96fb26000 	C:\Windows\SYSTEM32\dhcpcsvc6.DLL
0x00007ff96faf0000 - 0x00007ff96fb0a000 	C:\Windows\SYSTEM32\dhcpcsvc.DLL
0x00007ff966e70000 - 0x00007ff966e86000 	C:\Windows\system32\napinsp.dll
0x00007ff966ac0000 - 0x00007ff966ada000 	C:\Windows\system32\pnrpnsp.dll
0x00007ff9708d0000 - 0x00007ff9708e9000 	C:\Windows\system32\NLAapi.dll
0x00007ff973c00000 - 0x00007ff973cbf000 	C:\Windows\SYSTEM32\DNSAPI.dll
0x00007ff966e60000 - 0x00007ff966e6e000 	C:\Windows\System32\winrnr.dll
0x0000000065c60000 - 0x0000000065c86000 	C:\Program Files\Bonjour\mdnsNSP.dll
0x00007ff96df40000 - 0x00007ff96df55000 	C:\Windows\System32\wshbth.dll
0x00007ff96b8c0000 - 0x00007ff96b8ca000 	C:\Windows\System32\rasadhlp.dll
0x00007ff96f580000 - 0x00007ff96f5f2000 	C:\Windows\System32\fwpuclnt.dll
0x00007ff92cc20000 - 0x00007ff92cdb5000 	C:\jmonkeyplatform\jdk\jre\bin\awt.dll
0x00007ff975970000 - 0x00007ff975a32000 	C:\Windows\System32\OLEAUT32.dll
0x00007ff972400000 - 0x00007ff97248b000 	C:\Windows\SYSTEM32\apphelp.dll
0x00007ff972930000 - 0x00007ff9729c8000 	C:\Windows\system32\uxtheme.dll
0x00007ff975fc0000 - 0x00007ff976134000 	C:\Windows\System32\MSCTF.dll
0x00007ff972a10000 - 0x00007ff972a39000 	C:\Windows\system32\dwmapi.dll
0x00007ff975c50000 - 0x00007ff975da1000 	C:\Windows\System32\ole32.dll
0x00007ff95bb60000 - 0x00007ff95bc80000 	C:\Windows\system32\opengl32.dll
0x00007ff95b9d0000 - 0x00007ff95b9fc000 	C:\Windows\SYSTEM32\GLU32.dll
0x00007ff950be0000 - 0x00007ff950c73000 	C:\jmonkeyplatform\jdk\jre\bin\freetype.dll
0x00007ff942820000 - 0x00007ff9428dc000 	C:\jmonkeyplatform\jdk\jre\bin\fontmanager.dll
0x00007ff959f60000 - 0x00007ff959ff6000 	C:\Windows\System32\TextInputFramework.dll
0x00007ff96ec40000 - 0x00007ff96ef5e000 	C:\Windows\System32\CoreUIComponents.dll
0x00007ff972090000 - 0x00007ff97216a000 	C:\Windows\System32\CoreMessaging.dll
0x00007ff9736e0000 - 0x00007ff973711000 	C:\Windows\SYSTEM32\ntmarta.dll
0x00007ff96fde0000 - 0x00007ff96ff2d000 	C:\Windows\SYSTEM32\wintypes.dll
0x00007ff9593a0000 - 0x00007ff9593a9000 	C:\jmonkeyplatform\jdk\jre\bin\attach.dll
0x00007ff92bf10000 - 0x00007ff92c0e2000 	C:\jmonkeyp\ETA\bulletjme.dll
0x000001f72e560000 - 0x000001f72e5c4000 	C:\jmonkeyp\ETA\OpenAL64.dll
0x000001f72e610000 - 0x000001f72e663000 	C:\jmonkeyp\ETA\lwjgl64.dll
0x00007ff9014f0000 - 0x00007ff9024c2000 	C:\Windows\System32\DriverStore\FileRepository\iigd_dch.inf_amd64_c84afe165d971f24\ig9icd64.dll
0x00007ff9733e0000 - 0x00007ff97349b000 	C:\Windows\system32\dxgi.dll
0x00007ff96a860000 - 0x00007ff96aab8000 	C:\Windows\System32\DriverStore\FileRepository\iigd_dch.inf_amd64_c84afe165d971f24\igdgmm64.dll
0x00007ff93fd60000 - 0x00007ff93fe08000 	C:\Windows\SYSTEM32\mscms.dll
0x00007ff96bd80000 - 0x00007ff96bd90000 	C:\Windows\SYSTEM32\ColorAdapterClient.dll
0x00007ff95ebe0000 - 0x00007ff95ec23000 	C:\Windows\SYSTEM32\icm32.dll
0x00007ff9472e0000 - 0x00007ff9476fa000 	C:\Windows\System32\DriverStore\FileRepository\iigd_dch.inf_amd64_c84afe165d971f24\igdml64.dll
0x00007ff967970000 - 0x00007ff96a650000 	C:\Windows\System32\DriverStore\FileRepository\iigd_dch.inf_amd64_c84afe165d971f24\igc64.dll
0x00007ff976dd0000 - 0x00007ff976e70000 	C:\Windows\System32\clbcatq.dll
0x00007ff966fe0000 - 0x00007ff967056000 	C:\Windows\System32\MMDevApi.dll
0x00007ff9744a0000 - 0x00007ff9744c7000 	C:\Windows\System32\DEVOBJ.dll
0x00007ff9724b0000 - 0x00007ff972665000 	C:\Windows\System32\PROPSYS.dll
0x00007ff92f140000 - 0x00007ff92f1cf000 	C:\Windows\SYSTEM32\dsound.dll
0x00007ff9587e0000 - 0x00007ff95890c000 	C:\Windows\SYSTEM32\AUDIOSES.DLL
0x00007ff96fc80000 - 0x00007ff96fc8a000 	C:\Windows\SYSTEM32\AVRT.dll
0x00007ff973050000 - 0x00007ff973219000 	C:\Windows\SYSTEM32\dbghelp.dll

VM Arguments:
jvm_args: -Dfile.encoding=UTF-8 -agentpath:C:/Users/cristian.villalba/AppData/Roaming/.jmonkeyplatform/v3.2.4-stable-sdk1/lib/deployed/jdk16/windows-amd64/profilerinterface.dll=C:\Users\cristian.villalba\AppData\Roaming\.jmonkeyplatform\v3.2.4-stable-sdk1\lib,5140,10 -XX:+HeapDumpOnOutOfMemoryError -XX:HeapDumpPath=C:\jmonkeyp\ETA\nbproject\private\profiler 
java_command: eta.Main
java_class_path (initial): C:\jmonkeyplatform\jmonkeyplatform\libs\jme3-jogg-3.2.4-stable.jar;C:\jmonkeyplatform\jmonkeyplatform\libs\j-ogg-all-1.0.0.jar;C:\jmonkeyplatform\jmonkeyplatform\libs\jme3-networking-3.2.4-stable.jar;C:\jmonkeyplatform\jmonkeyplatform\libs\jme3-plugins-3.2.4-stable.jar;C:\jmonkeyplatform\jmonkeyplatform\libs\gson-2.8.1.jar;C:\jmonkeyplatform\jmonkeyplatform\libs\jme3-core-3.2.4-stable.jar;C:\jmonkeyplatform\jmonkeyplatform\libs\jme3-desktop-3.2.4-stable.jar;C:\jmonkeyplatform\jmonkeyplatform\libs\jme3-lwjgl-3.2.4-stable.jar;C:\jmonkeyplatform\jmonkeyplatform\libs\lwjgl-2.9.3.jar;C:\jmonkeyplatform\jmonkeyplatform\libs\jinput-2.0.5.jar;C:\jmonkeyplatform\jmonkeyplatform\libs\jinput-platform-2.0.5-natives-linux.jar;C:\jmonkeyplatform\jmonkeyplatform\libs\jinput-platform-2.0.5-natives-windows.jar;C:\jmonkeyplatform\jmonkeyplatform\libs\jinput-platform-2.0.5-natives-osx.jar;C:\jmonkeyplatform\jmonkeyplatform\libs\jutils-1.0.0.jar;C:\jmonkeyplatform\jmonkeyplatform\libs\lwjgl-platform-2.9.3-natives-windows.jar;C:\jmonkeyplatform\jmonkeyplatform\libs\lwjgl-platform-2.9.3-natives-linux.jar;C:\jmonkeyplatform\jmonkeyplatform\libs\lwjgl-platform-2.9.3-natives-osx.jar;C:\jmonkeyplatform\jmonkeyplatform\libs\jme3-effects-3.2.4-stable.jar;C:\jmonkeyplatform\jmonkeyplatform\libs\jme3-terrain-3.2.4-stable.jar;C:\jmonkeyplatform\jmonkeyplatform\libs\jme3-bullet-3.2.4-stable.jar;C:\jmonkeyplatform\jmonkeyplatform\libs\jme3-bullet-native-3.2.4-stable.jar;C:\jmonkeyp\ETA\libs\LemurProto.jar;C:\jmonkeyp\ETA\libs\groovy-all-2.4.19.jar;C:\jmonkeyp\ETA\libs\guava-26.0-jre.jar;C:\jmonkeyp\ETA\libs\lemur-1.13.0.jar;C:\jmonkeyp\ETA\libs\slf4j-api-1.7.9.jar;C:\jmonkeyp\ETA\build\classes;C:\jmonkeyp\ETA\assets
Launcher Type: SUN_STANDARD

Environment Variables:
PATH=C:\Program Files (x86)\Common Files\Oracle\Java\javapath;C:\Windows\system32;C:\Windows;C:\Windows\System32\Wbem;C:\Windows\System32\WindowsPowerShell\v1.0\;C:\Windows\System32\OpenSSH\;C:\Program Files (x86)\Intel\Intel(R) Management Engine Components\DAL;C:\Program Files\Intel\Intel(R) Management Engine Components\DAL;C:\Program Files\dotnet\;C:\Program Files\Microsoft SQL Server\130\Tools\Binn\;C:\Users\cristian.villalba\AppData\Roaming\nvm;C:\Program Files\nodejs;c:\wspan\swgw;C:\Program Files\Intel\WiFi\bin\;C:\Program Files\Common Files\Intel\WirelessCommon\;C:\Users\cristian.villalba\AppData\Roaming\Python\Python37\Scripts;C:\ProgramData\chocolatey\bin;C:\Program Files\Git\cmd;C:\Program Files\Microsoft SQL Server\Client SDK\ODBC\170\Tools\Binn\;C:\Program Files\Microsoft SQL Server\Client SDK\ODBC\110\Tools\Binn\;c:\ffmpeg\bin\;C:\Program Files (x86)\Windows Kits\10\Windows Performance Toolkit\;C:\Program Files (x86)\Windows Live\Shared;C:\Program Files (x86)\Microchip\MPLAB IDE\VDI;C:\Program Files\CMake\bin;C:\PowerShell;C:\Program Files (x86)\Microsoft SQL Server\150\DTS\Binn\;C:\Program Files\Azure Data Studio\bin;C:\Users\cristian.villalba\scoop\shims;C:\Ruby27-x64\bin;C:\Users\cristian.villalba\AppData\Local\Microsoft\WindowsApps;C:\Users\cristian.villalba\AppData\Roaming\nvm;C:\Program Files\nodejs;C:\Users\cristian.villalba\AppData\Local\Programs\Microsoft VS Code\bin;C:\Users\cristian.villalba\.dotnet\tools;C:\Panda3D-1.10.7-x64\python;C:\Panda3D-1.10.7-x64\python\Scripts;C:\Panda3D-1.10.7-x64\bin;C:\Program Files\Azure Data Studio\bin;C:\fp\swdir
USERNAME=Cristian.Villalba
OS=Windows_NT
PROCESSOR_IDENTIFIER=Intel64 Family 6 Model 142 Stepping 10, GenuineIntel



---------------  S Y S T E M  ---------------

OS: Windows 10.0 , 64 bit Build 17134 (10.0.17134.1425)

CPU:total 8 (initial active 8) (4 cores per cpu, 2 threads per core) family 6 model 142 stepping 10, cmov, cx8, fxsr, mmx, sse, sse2, sse3, ssse3, sse4.1, sse4.2, popcnt, avx, avx2, aes, clmul, erms, rtm, 3dnowpref, lzcnt, ht, tsc, tscinvbit, bmi1, bmi2, adx

Memory: 4k page, physical 16653484k(953612k free), swap 25853872k(3003068k free)

vm_info: OpenJDK 64-Bit Server VM (25.212-b04) for windows-amd64 JRE (1.8.0_212-b04), built on Jun  3 2019 21:11:11 by "jenkins" with MS VC++ 12.0 (VS2013)

time: Thu Apr 22 10:16:29 2021
timezone: Argentina Standard Time
elapsed time: 182 seconds (0d 0h 3m 2s)

