#
# A fatal error has been detected by the Java Runtime Environment:
#
#  EXCEPTION_ACCESS_VIOLATION (0xc0000005) at pc=0x00007ff901a56feb, pid=19424, tid=0x0000000000004c58
#
# JRE version: OpenJDK Runtime Environment (8.0_212-b04) (build 1.8.0_212-b04)
# Java VM: OpenJDK 64-Bit Server VM (25.212-b04 mixed mode windows-amd64 compressed oops)
# Problematic frame:
# C  [ig9icd64.dll+0x566feb]
#
# Failed to write core dump. Minidumps are not enabled by default on client versions of Windows
#
# If you would like to submit a bug report, please visit:
#   
# The crash happened outside the Java Virtual Machine in native code.
# See problematic frame for where to report the bug.
#

---------------  T H R E A D  ---------------

Current thread (0x000001f3fd41a800):  JavaThread "jME3 Main" [_thread_in_native, id=19544, stack(0x000000bbd1400000,0x000000bbd1500000)]

siginfo: ExceptionCode=0xc0000005, reading address 0x00000000000000f0

Registers:
RAX=0x00000000000000d0, RBX=0x000000bbd14fe4e0, RCX=0x0000000000000000, RDX=0x000001f3fd6f67e0
RSP=0x000000bbd14fe2b0, RBP=0x00000000000000d0, RSI=0x0000000000000000, RDI=0x000001f3fd52d700
R8 =0x0000000000000001, R9 =0x0000800000000000, R10=0x00000000ffffefff, R11=0x00000000ffffefff
R12=0x0000fffffffff000, R13=0xffff000000000fff, R14=0x000001f3fd6f67e0, R15=0x0000000000000000
RIP=0x00007ff901a56feb, EFLAGS=0x0000000000010202

Top of Stack: (sp=0x000000bbd14fe2b0)
0x000000bbd14fe2b0:   0000b802010d0000 000001f3fd52d700
0x000000bbd14fe2c0:   000001f3fd6f67e0 00007ff901505532
0x000000bbd14fe2d0:   000000bbd14fe4e0 00007ff901505495
0x000000bbd14fe2e0:   0000000000000000 000001f3fd565d70
0x000000bbd14fe2f0:   000001f3fd562710 000001f3fd52d700
0x000000bbd14fe300:   0010020000000000 000000bbd14fe3c9
0x000000bbd14fe310:   000000bbd14fe4e0 00007ff901abe7d8
0x000000bbd14fe320:   000001f3fd455ee0 000001f3fd562270
0x000000bbd14fe330:   000000bbd14fe3c9 0000000000000000
0x000000bbd14fe340:   000000bb00000002 000001f3fd6f67e0
0x000000bbd14fe350:   0000000000000000 0000000000000000
0x000000bbd14fe360:   ffffb802010d0000 0000020000000000
0x000000bbd14fe370:   0000000000000000 000001f3fd562268
0x000000bbd14fe380:   0000004161010011 0002000000008000
0x000000bbd14fe390:   0000000000000041 0000b802010d0041
0x000000bbd14fe3a0:   0000b802010d0021 0000800100000021 

Instructions: (pc=0x00007ff901a56feb)
0x00007ff901a56fcb:   48 48 85 c0 75 ef 80 bd 20 04 00 00 00 74 26 8b
0x00007ff901a56fdb:   c1 83 e0 0f 48 c1 e0 06 48 03 c5 48 85 c0 74 15
0x00007ff901a56feb:   48 8b 40 20 48 83 f8 fd 0f 86 a6 02 00 00 0f 1f
0x00007ff901a56ffb:   80 00 00 00 00 48 8b 96 20 05 00 00 48 85 d2 78 


Register to memory mapping:

RAX=0x00000000000000d0 is an unknown value
RBX=0x000000bbd14fe4e0 is pointing into the stack for thread: 0x000001f3fd41a800
RCX=0x0000000000000000 is an unknown value
RDX=0x000001f3fd6f67e0 is an unknown value
RSP=0x000000bbd14fe2b0 is pointing into the stack for thread: 0x000001f3fd41a800
RBP=0x00000000000000d0 is an unknown value
RSI=0x0000000000000000 is an unknown value
RDI=0x000001f3fd52d700 is an unknown value
R8 =0x0000000000000001 is an unknown value
R9 =0x0000800000000000 is an unknown value
R10=0x00000000ffffefff is an unknown value
R11=0x00000000ffffefff is an unknown value
R12=0x0000fffffffff000 is an unknown value
R13=0xffff000000000fff is an unknown value
R14=0x000001f3fd6f67e0 is an unknown value
R15=0x0000000000000000 is an unknown value


Stack: [0x000000bbd1400000,0x000000bbd1500000],  sp=0x000000bbd14fe2b0,  free space=1016k
Native frames: (J=compiled Java code, j=interpreted, Vv=VM code, C=native code)
C  [ig9icd64.dll+0x566feb]
C  [ig9icd64.dll+0x5ce7d8]
C  [ig9icd64.dll+0x5d2230]
C  [ig9icd64.dll+0x643f45]
C  [ig9icd64.dll+0x643fa3]
C  [ig9icd64.dll+0x563577]
C  [ig9icd64.dll+0x8886df]
C  [ig9icd64.dll+0x9d3667]
C  [ig9icd64.dll+0x64251b]
C  [ig9icd64.dll+0x6b6476]
C  [ig9icd64.dll+0x6b78e8]
C  [ig9icd64.dll+0x972da0]
C  0x000001f3e24f506b

Java frames: (J=compiled Java code, j=interpreted, Vv=VM code)
J 3307  org.lwjgl.opengl.GL15.nglBufferData(IJJIJ)V (0 bytes) @ 0x000001f3e24f4fd6 [0x000001f3e24f4f80+0x56]
J 3710 C2 com.jme3.renderer.opengl.GLRenderer.updateBufferData(Lcom/jme3/scene/VertexBuffer;)V (312 bytes) @ 0x000001f3e2625bb8 [0x000001f3e2625440+0x778]
J 3850 C2 com.jme3.renderer.opengl.GLRenderer.drawTriangleList(Lcom/jme3/scene/VertexBuffer;Lcom/jme3/scene/Mesh;I)V (500 bytes) @ 0x000001f3e26a40c8 [0x000001f3e26a3fe0+0xe8]
J 3709 C2 com.jme3.renderer.opengl.GLRenderer.renderMeshDefault(Lcom/jme3/scene/Mesh;II[Lcom/jme3/scene/VertexBuffer;)V (242 bytes) @ 0x000001f3e1bc7e3c [0x000001f3e1bc7ba0+0x29c]
J 4478 C2 com.jme3.material.Material.render(Lcom/jme3/scene/Geometry;Lcom/jme3/light/LightList;Lcom/jme3/renderer/RenderManager;)V (130 bytes) @ 0x000001f3e1bccb90 [0x000001f3e1bcc4e0+0x6b0]
J 4358 C2 com.jme3.renderer.RenderManager.renderGeometry(Lcom/jme3/scene/Geometry;)V (241 bytes) @ 0x000001f3e1f8f73c [0x000001f3e1f8f3c0+0x37c]
J 4548 C2 com.jme3.renderer.RenderManager.renderViewPort(Lcom/jme3/renderer/ViewPort;F)V (620 bytes) @ 0x000001f3e2617bf8 [0x000001f3e2617180+0xa78]
J 4640 C2 com.jme3.system.lwjgl.LwjglDisplay.runLoop()V (108 bytes) @ 0x000001f3e2563394 [0x000001f3e2562220+0x1174]
j  com.jme3.system.lwjgl.LwjglAbstractDisplay.run()V+136
j  java.lang.Thread.run()V+11
v  ~StubRoutines::call_stub

---------------  P R O C E S S  ---------------

Java Threads: ( => current thread )
  0x000001f38a771800 JavaThread "LWJGL Timer" daemon [_thread_blocked, id=13372, stack(0x000000bbd0f00000,0x000000bbd1000000)]
  0x000001f3fd072000 JavaThread "jME3 Audio Decoder" daemon [_thread_blocked, id=14972, stack(0x000000bbd1a00000,0x000000bbd1b00000)]
  0x000001f3dff8e800 JavaThread "DestroyJavaVM" [_thread_blocked, id=11416, stack(0x000000bbcfa00000,0x000000bbcfb00000)]
=>0x000001f3fd41a800 JavaThread "jME3 Main" [_thread_in_native, id=19544, stack(0x000000bbd1400000,0x000000bbd1500000)]
  0x000001f3fd2d8800 JavaThread "TimerQueue" daemon [_thread_blocked, id=17888, stack(0x000000bbd1300000,0x000000bbd1400000)]
  0x000001f3fd0a8000 JavaThread "AWT-Windows" daemon [_thread_in_native, id=12716, stack(0x000000bbd1000000,0x000000bbd1100000)]
  0x000001f3fd0a4800 JavaThread "Java2D Disposer" daemon [_thread_blocked, id=5220, stack(0x000000bbd0e00000,0x000000bbd0f00000)]
  0x000001f3fcaa1800 JavaThread "Service Thread" daemon [_thread_blocked, id=19156, stack(0x000000bbd0c00000,0x000000bbd0d00000)]
  0x000001f3fb4ea800 JavaThread "C1 CompilerThread3" daemon [_thread_blocked, id=23312, stack(0x000000bbd0b00000,0x000000bbd0c00000)]
  0x000001f3fb4de000 JavaThread "C2 CompilerThread2" daemon [_thread_blocked, id=5340, stack(0x000000bbd0a00000,0x000000bbd0b00000)]
  0x000001f3fb4da800 JavaThread "C2 CompilerThread1" daemon [_thread_blocked, id=14744, stack(0x000000bbd0900000,0x000000bbd0a00000)]
  0x000001f3fb4d1800 JavaThread "C2 CompilerThread0" daemon [_thread_blocked, id=7248, stack(0x000000bbd0800000,0x000000bbd0900000)]
  0x000001f3fb4d8000 JavaThread "Attach Listener" daemon [_thread_blocked, id=2568, stack(0x000000bbd0700000,0x000000bbd0800000)]
  0x000001f3fb4ce000 JavaThread "Signal Dispatcher" daemon [_thread_blocked, id=20360, stack(0x000000bbd0600000,0x000000bbd0700000)]
  0x000001f3fb4ae000 JavaThread "Finalizer" daemon [_thread_blocked, id=8984, stack(0x000000bbd0500000,0x000000bbd0600000)]
  0x000001f3fb49e800 JavaThread "Reference Handler" daemon [_thread_blocked, id=19276, stack(0x000000bbd0400000,0x000000bbd0500000)]

Other Threads:
  0x000001f3fb475000 VMThread [stack: 0x000000bbd0300000,0x000000bbd0400000] [id=17188]
  0x000001f3fb54e800 WatcherThread [stack: 0x000000bbd0d00000,0x000000bbd0e00000] [id=18588]

VM state:not at safepoint (normal execution)

VM Mutex/Monitor currently owned by a thread: None

heap address: 0x00000006c1e00000, size: 4066 MB, Compressed Oops mode: Zero based, Oop shift amount: 3
Narrow klass base: 0x0000000000000000, Narrow klass shift: 3
Compressed class space size: 1073741824 Address: 0x00000007c0000000

Heap:
 PSYoungGen      total 929792K, used 223696K [0x000000076b500000, 0x00000007b6c00000, 0x00000007c0000000)
  eden space 744448K, 11% used [0x000000076b500000,0x0000000770afc2e0,0x0000000798c00000)
  from space 185344K, 73% used [0x0000000798c00000,0x00000007a1078000,0x00000007a4100000)
  to   space 185856K, 0% used [0x00000007ab680000,0x00000007ab680000,0x00000007b6c00000)
 ParOldGen       total 308224K, used 199482K [0x00000006c1e00000, 0x00000006d4b00000, 0x000000076b500000)
  object space 308224K, 64% used [0x00000006c1e00000,0x00000006ce0cea28,0x00000006d4b00000)
 Metaspace       used 28129K, capacity 28615K, committed 28800K, reserved 1075200K
  class space    used 2979K, capacity 3134K, committed 3200K, reserved 1048576K

Card table byte_map: [0x000001f3f0d70000,0x000001f3f1570000] byte_map_base: 0x000001f3ed761000

Marking Bits: (ParMarkBitMap*) 0x0000000064fc1f50
 Begin Bits: [0x000001f3f1ac0000, 0x000001f3f5a48000)
 End Bits:   [0x000001f3f5a48000, 0x000001f3f99d0000)

Polling page: 0x000001f3e0270000

CodeCache: size=245760Kb used=14060Kb max_used=14588Kb free=231699Kb
 bounds [0x000001f3e19b0000, 0x000001f3e2820000, 0x000001f3f09b0000]
 total_blobs=4853 nmethods=3904 adapters=861
 compilation: enabled

Compilation events (10 events):
Event: 527.713 Thread 0x000001f3fb4da800 4644       4       com.simsilica.lemur.input.InputMapper$InputObserver::endInput (8 bytes)
Event: 527.778 Thread 0x000001f3fb4da800 nmethod 4644 0x000001f3e1dd3b50 code [0x000001f3e1dd3d00, 0x000001f3e1dd4378]
Event: 527.813 Thread 0x000001f3fb4da800 4642       4       com.jme3.app.SimpleApplication::update (235 bytes)
Event: 528.086 Thread 0x000001f3fb4de000 nmethod 4641 0x000001f3e24db290 code [0x000001f3e24db880, 0x000001f3e24df6f0]
Event: 528.088 Thread 0x000001f3fb4d1800 nmethod 4640 0x000001f3e2561bd0 code [0x000001f3e2562220, 0x000001f3e2566728]
Event: 528.088 Thread 0x000001f3fb4d1800 4643       4       com.simsilica.lemur.input.InputMapper$InputObserver::beginInput (36 bytes)
Event: 528.090 Thread 0x000001f3fb4d1800 nmethod 4643 0x000001f3e1c03f90 code [0x000001f3e1c040e0, 0x000001f3e1c04178]
Event: 528.093 Thread 0x000001f3fb4da800 nmethod 4642 0x000001f3e2322850 code [0x000001f3e2322d80, 0x000001f3e23265d8]
Event: 528.326 Thread 0x000001f3fb4d1800 4645       4       sun.misc.FloatingDecimal$BinaryToASCIIBuffer::estimateDecExp (182 bytes)
Event: 528.328 Thread 0x000001f3fb4d1800 nmethod 4645 0x000001f3e1acc410 code [0x000001f3e1acc580, 0x000001f3e1acc6f8]

GC Heap History (10 events):
Event: 397.686 GC heap before
{Heap before GC invocations=51 (full 4):
 PSYoungGen      total 735744K, used 690592K [0x000000076b500000, 0x00000007a4e00000, 0x00000007c0000000)
  eden space 561664K, 100% used [0x000000076b500000,0x000000078d980000,0x000000078d980000)
  from space 174080K, 74% used [0x0000000798680000,0x00000007a0468000,0x00000007a3080000)
  to   space 177152K, 0% used [0x000000078d980000,0x000000078d980000,0x0000000798680000)
 ParOldGen       total 308224K, used 139530K [0x00000006c1e00000, 0x00000006d4b00000, 0x000000076b500000)
  object space 308224K, 45% used [0x00000006c1e00000,0x00000006ca642a28,0x00000006d4b00000)
 Metaspace       used 28129K, capacity 28615K, committed 28800K, reserved 1075200K
  class space    used 2979K, capacity 3134K, committed 3200K, reserved 1048576K
Event: 398.070 GC heap after
Heap after GC invocations=51 (full 4):
 PSYoungGen      total 738816K, used 132832K [0x000000076b500000, 0x00000007a8f00000, 0x00000007c0000000)
  eden space 561664K, 0% used [0x000000076b500000,0x000000076b500000,0x000000078d980000)
  from space 177152K, 74% used [0x000000078d980000,0x0000000795b38000,0x0000000798680000)
  to   space 180736K, 0% used [0x000000079de80000,0x000000079de80000,0x00000007a8f00000)
 ParOldGen       total 308224K, used 149306K [0x00000006c1e00000, 0x00000006d4b00000, 0x000000076b500000)
  object space 308224K, 48% used [0x00000006c1e00000,0x00000006cafcea28,0x00000006d4b00000)
 Metaspace       used 28129K, capacity 28615K, committed 28800K, reserved 1075200K
  class space    used 2979K, capacity 3134K, committed 3200K, reserved 1048576K
}
Event: 432.460 GC heap before
{Heap before GC invocations=52 (full 4):
 PSYoungGen      total 738816K, used 694496K [0x000000076b500000, 0x00000007a8f00000, 0x00000007c0000000)
  eden space 561664K, 100% used [0x000000076b500000,0x000000078d980000,0x000000078d980000)
  from space 177152K, 74% used [0x000000078d980000,0x0000000795b38000,0x0000000798680000)
  to   space 180736K, 0% used [0x000000079de80000,0x000000079de80000,0x00000007a8f00000)
 ParOldGen       total 308224K, used 149306K [0x00000006c1e00000, 0x00000006d4b00000, 0x000000076b500000)
  object space 308224K, 48% used [0x00000006c1e00000,0x00000006cafcea28,0x00000006d4b00000)
 Metaspace       used 28129K, capacity 28615K, committed 28800K, reserved 1075200K
  class space    used 2979K, capacity 3134K, committed 3200K, reserved 1048576K
Event: 435.246 GC heap after
Heap after GC invocations=52 (full 4):
 PSYoungGen      total 826880K, used 133600K [0x000000076b500000, 0x00000007a9880000, 0x00000007c0000000)
  eden space 646144K, 0% used [0x000000076b500000,0x000000076b500000,0x0000000792c00000)
  from space 180736K, 73% used [0x000000079de80000,0x00000007a60f8000,0x00000007a8f00000)
  to   space 182784K, 0% used [0x0000000792c00000,0x0000000792c00000,0x000000079de80000)
 ParOldGen       total 308224K, used 158730K [0x00000006c1e00000, 0x00000006d4b00000, 0x000000076b500000)
  object space 308224K, 51% used [0x00000006c1e00000,0x00000006cb902a28,0x00000006d4b00000)
 Metaspace       used 28129K, capacity 28615K, committed 28800K, reserved 1075200K
  class space    used 2979K, capacity 3134K, committed 3200K, reserved 1048576K
}
Event: 460.912 GC heap before
{Heap before GC invocations=53 (full 4):
 PSYoungGen      total 826880K, used 779744K [0x000000076b500000, 0x00000007a9880000, 0x00000007c0000000)
  eden space 646144K, 100% used [0x000000076b500000,0x0000000792c00000,0x0000000792c00000)
  from space 180736K, 73% used [0x000000079de80000,0x00000007a60f8000,0x00000007a8f00000)
  to   space 182784K, 0% used [0x0000000792c00000,0x0000000792c00000,0x000000079de80000)
 ParOldGen       total 308224K, used 158730K [0x00000006c1e00000, 0x00000006d4b00000, 0x000000076b500000)
  object space 308224K, 51% used [0x00000006c1e00000,0x00000006cb902a28,0x00000006d4b00000)
 Metaspace       used 28129K, capacity 28615K, committed 28800K, reserved 1075200K
  class space    used 2979K, capacity 3134K, committed 3200K, reserved 1048576K
Event: 461.233 GC heap after
Heap after GC invocations=53 (full 4):
 PSYoungGen      total 828928K, used 132160K [0x000000076b500000, 0x00000007af480000, 0x00000007c0000000)
  eden space 646144K, 0% used [0x000000076b500000,0x000000076b500000,0x0000000792c00000)
  from space 182784K, 72% used [0x0000000792c00000,0x000000079ad10000,0x000000079de80000)
  to   space 183808K, 0% used [0x00000007a4100000,0x00000007a4100000,0x00000007af480000)
 ParOldGen       total 308224K, used 173154K [0x00000006c1e00000, 0x00000006d4b00000, 0x000000076b500000)
  object space 308224K, 56% used [0x00000006c1e00000,0x00000006cc718a28,0x00000006d4b00000)
 Metaspace       used 28129K, capacity 28615K, committed 28800K, reserved 1075200K
  class space    used 2979K, capacity 3134K, committed 3200K, reserved 1048576K
}
Event: 493.313 GC heap before
{Heap before GC invocations=54 (full 4):
 PSYoungGen      total 828928K, used 778304K [0x000000076b500000, 0x00000007af480000, 0x00000007c0000000)
  eden space 646144K, 100% used [0x000000076b500000,0x0000000792c00000,0x0000000792c00000)
  from space 182784K, 72% used [0x0000000792c00000,0x000000079ad10000,0x000000079de80000)
  to   space 183808K, 0% used [0x00000007a4100000,0x00000007a4100000,0x00000007af480000)
 ParOldGen       total 308224K, used 173154K [0x00000006c1e00000, 0x00000006d4b00000, 0x000000076b500000)
  object space 308224K, 56% used [0x00000006c1e00000,0x00000006cc718a28,0x00000006d4b00000)
 Metaspace       used 28129K, capacity 28615K, committed 28800K, reserved 1075200K
  class space    used 2979K, capacity 3134K, committed 3200K, reserved 1048576K
Event: 495.019 GC heap after
Heap after GC invocations=54 (full 4):
 PSYoungGen      total 928256K, used 134496K [0x000000076b500000, 0x00000007afa00000, 0x00000007c0000000)
  eden space 744448K, 0% used [0x000000076b500000,0x000000076b500000,0x0000000798c00000)
  from space 183808K, 73% used [0x00000007a4100000,0x00000007ac458000,0x00000007af480000)
  to   space 185344K, 0% used [0x0000000798c00000,0x0000000798c00000,0x00000007a4100000)
 ParOldGen       total 308224K, used 185274K [0x00000006c1e00000, 0x00000006d4b00000, 0x000000076b500000)
  object space 308224K, 60% used [0x00000006c1e00000,0x00000006cd2eea28,0x00000006d4b00000)
 Metaspace       used 28129K, capacity 28615K, committed 28800K, reserved 1075200K
  class space    used 2979K, capacity 3134K, committed 3200K, reserved 1048576K
}
Event: 528.946 GC heap before
{Heap before GC invocations=55 (full 4):
 PSYoungGen      total 928256K, used 878944K [0x000000076b500000, 0x00000007afa00000, 0x00000007c0000000)
  eden space 744448K, 100% used [0x000000076b500000,0x0000000798c00000,0x0000000798c00000)
  from space 183808K, 73% used [0x00000007a4100000,0x00000007ac458000,0x00000007af480000)
  to   space 185344K, 0% used [0x0000000798c00000,0x0000000798c00000,0x00000007a4100000)
 ParOldGen       total 308224K, used 185274K [0x00000006c1e00000, 0x00000006d4b00000, 0x000000076b500000)
  object space 308224K, 60% used [0x00000006c1e00000,0x00000006cd2eea28,0x00000006d4b00000)
 Metaspace       used 28129K, capacity 28615K, committed 28800K, reserved 1075200K
  class space    used 2979K, capacity 3134K, committed 3200K, reserved 1048576K
Event: 532.039 GC heap after
Heap after GC invocations=55 (full 4):
 PSYoungGen      total 929792K, used 135648K [0x000000076b500000, 0x00000007b6c00000, 0x00000007c0000000)
  eden space 744448K, 0% used [0x000000076b500000,0x000000076b500000,0x0000000798c00000)
  from space 185344K, 73% used [0x0000000798c00000,0x00000007a1078000,0x00000007a4100000)
  to   space 185856K, 0% used [0x00000007ab680000,0x00000007ab680000,0x00000007b6c00000)
 ParOldGen       total 308224K, used 199482K [0x00000006c1e00000, 0x00000006d4b00000, 0x000000076b500000)
  object space 308224K, 64% used [0x00000006c1e00000,0x00000006ce0cea28,0x00000006d4b00000)
 Metaspace       used 28129K, capacity 28615K, committed 28800K, reserved 1075200K
  class space    used 2979K, capacity 3134K, committed 3200K, reserved 1048576K
}

Deoptimization events (10 events):
Event: 290.487 Thread 0x000001f3fd41a800 Uncommon trap: reason=unstable_if action=reinterpret pc=0x000001f3e270f7b0 method=com.jme3.util.ListSort.innerMergeLow(Ljava/util/Comparator;[Ljava/lang/Object;[Ljava/lang/Object;)V @ 14
Event: 324.236 Thread 0x000001f3fd41a800 Uncommon trap: reason=unstable_if action=reinterpret pc=0x000001f3e22f91d4 method=org.lwjgl.opengl.WindowsKeyboard.flushRetained()V @ 4
Event: 324.240 Thread 0x000001f3fd41a800 Uncommon trap: reason=unstable_if action=reinterpret pc=0x000001f3e2611ba8 method=org.lwjgl.opengl.WindowsKeyboard.flushRetained()V @ 4
Event: 324.248 Thread 0x000001f3fd41a800 Uncommon trap: reason=bimorphic action=maybe_recompile pc=0x000001f3e2588268 method=com.jme3.input.InputManager.processQueue()V @ 420
Event: 349.273 Thread 0x000001f3fb49e800 Uncommon trap: reason=unstable_if action=reinterpret pc=0x000001f3e1bf216c method=sun.misc.Cleaner.remove(Lsun/misc/Cleaner;)Z @ 45
Event: 445.515 Thread 0x000001f3fd41a800 Uncommon trap: reason=bimorphic action=maybe_recompile pc=0x000001f3e2588268 method=com.jme3.input.InputManager.processQueue()V @ 420
Event: 471.914 Thread 0x000001f3fd41a800 Uncommon trap: reason=unstable_if action=reinterpret pc=0x000001f3e1ae3c00 method=com.jme3.util.ListSort.innerMergeHigh(Ljava/util/Comparator;[Ljava/lang/Object;[Ljava/lang/Object;I)V @ 330
Event: 474.135 Thread 0x000001f3fd41a800 Uncommon trap: reason=unstable_if action=reinterpret pc=0x000001f3e1e185f8 method=sun.misc.FloatingDecimal$BinaryToASCIIBuffer.dtoa(IJIZ)V @ 1459
Event: 495.522 Thread 0x000001f3fd41a800 Uncommon trap: reason=bimorphic action=maybe_recompile pc=0x000001f3e2588268 method=com.jme3.input.InputManager.processQueue()V @ 420
Event: 510.315 Thread 0x000001f3fd41a800 Uncommon trap: reason=unstable_if action=reinterpret pc=0x000001f3e26e6e24 method=com.jme3.util.ListSort.innerMergeLow(Ljava/util/Comparator;[Ljava/lang/Object;[Ljava/lang/Object;)V @ 462

Classes redefined (0 events):
No events

Internal exceptions (10 events):
Event: 6.069 Thread 0x000001f3fd41a800 Exception <a 'java/lang/ClassNotFoundException': Script3$2Customizer> (0x000000076d9cd5e0) thrown at [C:\cygwin64\tmp\openjdk-jdk8u-windows-x64-hotspot\workspace\build\src\hotspot\src\share\vm\classfile\systemDictionary.cpp, line 210]
Event: 6.071 Thread 0x000001f3fd41a800 Exception <a 'java/lang/ClassNotFoundException': com/simsilica/lemur/Button$ButtonActionBeanInfo> (0x000000076d9e9a38) thrown at [C:\cygwin64\tmp\openjdk-jdk8u-windows-x64-hotspot\workspace\build\src\hotspot\src\share\vm\classfile\systemDictionary.cpp, li
Event: 6.071 Thread 0x000001f3fd41a800 Exception <a 'java/lang/ClassNotFoundException': com/simsilica/lemur/Button$ButtonActionCustomizer> (0x000000076d9f2c58) thrown at [C:\cygwin64\tmp\openjdk-jdk8u-windows-x64-hotspot\workspace\build\src\hotspot\src\share\vm\classfile\systemDictionary.cpp, 
Event: 6.086 Thread 0x000001f3fd41a800 Exception <a 'java/lang/ClassNotFoundException': com/simsilica/lemur/component/IconComponentBeanInfo> (0x000000076da77c30) thrown at [C:\cygwin64\tmp\openjdk-jdk8u-windows-x64-hotspot\workspace\build\src\hotspot\src\share\vm\classfile\systemDictionary.cpp
Event: 6.086 Thread 0x000001f3fd41a800 Exception <a 'java/lang/ClassNotFoundException': com/simsilica/lemur/component/IconComponentCustomizer> (0x000000076da82070) thrown at [C:\cygwin64\tmp\openjdk-jdk8u-windows-x64-hotspot\workspace\build\src\hotspot\src\share\vm\classfile\systemDictionary.c
Event: 39.524 Thread 0x000001f3fd41a800 Implicit null exception at 0x000001f3e1b2927a to 0x000001f3e1b29455
Event: 39.524 Thread 0x000001f3fd41a800 Implicit null exception at 0x000001f3e26eae1b to 0x000001f3e26eb144
Event: 39.590 Thread 0x000001f3fd41a800 Implicit null exception at 0x000001f3e2774805 to 0x000001f3e277d121
Event: 39.590 Thread 0x000001f3fd41a800 Implicit null exception at 0x000001f3e275aa55 to 0x000001f3e275aafd
Event: 39.590 Thread 0x000001f3fd41a800 Implicit null exception at 0x000001f3e1b886b0 to 0x000001f3e1b886e9

Events (10 events):
Event: 512.927 Thread 0x000001f3fb4ea800 flushing nmethod 0x000001f3e1ad2d50
Event: 521.875 Thread 0x000001f3fd41a800 DEOPT PACKING pc=0x000001f3e24d2200 sp=0x000000bbd14fecb0
Event: 521.875 Thread 0x000001f3fd41a800 DEOPT UNPACKING pc=0x000001f3e19f75d8 sp=0x000000bbd14fe9f0 mode 0
Event: 527.796 Thread 0x000001f3fb4da800 flushing nmethod 0x000001f3e1c03f90
Event: 528.939 Executing VM operation: ParallelGCFailedAllocation
Event: 532.039 Executing VM operation: ParallelGCFailedAllocation done
Event: 532.172 Thread 0x000001f3fd41a800 DEOPT PACKING pc=0x000001f3e1db994e sp=0x000000bbd14fef20
Event: 532.172 Thread 0x000001f3fd41a800 DEOPT UNPACKING pc=0x000001f3e19f75d8 sp=0x000000bbd14fec68 mode 0
Event: 535.821 Thread 0x000001f3fd41a800 DEOPT PACKING pc=0x000001f3e24d2200 sp=0x000000bbd14fef30
Event: 535.821 Thread 0x000001f3fd41a800 DEOPT UNPACKING pc=0x000001f3e19f75d8 sp=0x000000bbd14fec70 mode 0


Dynamic libraries:
0x00007ff6aa090000 - 0x00007ff6aa0ca000 	C:\jmonkeyplatform\jdk\bin\java.exe
0x00007ff9783e0000 - 0x00007ff9785c1000 	C:\Windows\SYSTEM32\ntdll.dll
0x00007ff976140000 - 0x00007ff9761f1000 	C:\Windows\System32\KERNEL32.DLL
0x00007ff974a90000 - 0x00007ff974d03000 	C:\Windows\System32\KERNELBASE.dll
0x00007ff975a70000 - 0x00007ff975b11000 	C:\Windows\System32\ADVAPI32.dll
0x00007ff975870000 - 0x00007ff97590e000 	C:\Windows\System32\msvcrt.dll
0x00007ff975f60000 - 0x00007ff975fbb000 	C:\Windows\System32\sechost.dll
0x00007ff975b20000 - 0x00007ff975c44000 	C:\Windows\System32\RPCRT4.dll
0x00007ff976c40000 - 0x00007ff976dd0000 	C:\Windows\System32\USER32.dll
0x00007ff9756b0000 - 0x00007ff9756d0000 	C:\Windows\System32\win32u.dll
0x00007ff976f20000 - 0x00007ff976f48000 	C:\Windows\System32\GDI32.dll
0x00007ff9756d0000 - 0x00007ff975863000 	C:\Windows\System32\gdi32full.dll
0x00007ff974d10000 - 0x00007ff974daf000 	C:\Windows\System32\msvcp_win.dll
0x00007ff9747a0000 - 0x00007ff974898000 	C:\Windows\System32\ucrtbase.dll
0x00007ff954d70000 - 0x00007ff954fd9000 	C:\Windows\WinSxS\amd64_microsoft.windows.common-controls_6595b64144ccf1df_6.0.17134.1610_none_d3fd41197c928db6\COMCTL32.dll
0x00007ff976200000 - 0x00007ff976520000 	C:\Windows\System32\combase.dll
0x00007ff9755e0000 - 0x00007ff975659000 	C:\Windows\System32\bcryptPrimitives.dll
0x00007ff975a40000 - 0x00007ff975a6d000 	C:\Windows\System32\IMM32.DLL
0x000001f3e18b0000 - 0x000001f3e18c2000 	C:\Windows\System32\umppc13408.dll
0x00007ff92e030000 - 0x00007ff92e11f000 	C:\jmonkeyplatform\jdk\jre\bin\msvcr120.dll
0x00007ff954000000 - 0x00007ff9540a6000 	C:\jmonkeyplatform\jdk\jre\bin\msvcp120.dll
0x0000000064840000 - 0x000000006503b000 	C:\jmonkeyplatform\jdk\jre\bin\server\jvm.dll
0x00007ff976780000 - 0x00007ff976788000 	C:\Windows\System32\PSAPI.DLL
0x00007ff959040000 - 0x00007ff959049000 	C:\Windows\SYSTEM32\WSOCK32.dll
0x00007ff976520000 - 0x00007ff97658c000 	C:\Windows\System32\WS2_32.dll
0x00007ff970d40000 - 0x00007ff970d63000 	C:\Windows\SYSTEM32\WINMM.dll
0x00007ff9744f0000 - 0x00007ff9744fa000 	C:\Windows\SYSTEM32\VERSION.dll
0x00007ff970d10000 - 0x00007ff970d3a000 	C:\Windows\SYSTEM32\WINMMBASE.dll
0x00007ff975660000 - 0x00007ff9756a9000 	C:\Windows\System32\cfgmgr32.dll
0x00007ff96dee0000 - 0x00007ff96deef000 	C:\jmonkeyplatform\jdk\jre\bin\verify.dll
0x00007ff9547e0000 - 0x00007ff954808000 	C:\jmonkeyplatform\jdk\jre\bin\java.dll
0x00007ff95c500000 - 0x00007ff95c516000 	C:\jmonkeyplatform\jdk\jre\bin\zip.dll
0x00007ff976f60000 - 0x00007ff9783a5000 	C:\Windows\System32\SHELL32.dll
0x00007ff976e70000 - 0x00007ff976f19000 	C:\Windows\System32\shcore.dll
0x00007ff974ec0000 - 0x00007ff9755d5000 	C:\Windows\System32\windows.storage.dll
0x00007ff976590000 - 0x00007ff9765e1000 	C:\Windows\System32\shlwapi.dll
0x00007ff974730000 - 0x00007ff974741000 	C:\Windows\System32\kernel.appcore.dll
0x00007ff974780000 - 0x00007ff97479f000 	C:\Windows\System32\profapi.dll
0x00007ff9746e0000 - 0x00007ff97472c000 	C:\Windows\System32\powrprof.dll
0x00007ff974770000 - 0x00007ff97477a000 	C:\Windows\System32\FLTLIB.DLL
0x00007ff92cc20000 - 0x00007ff92cdb5000 	C:\jmonkeyplatform\jdk\jre\bin\awt.dll
0x00007ff975970000 - 0x00007ff975a32000 	C:\Windows\System32\OLEAUT32.dll
0x00007ff972400000 - 0x00007ff97248b000 	C:\Windows\SYSTEM32\apphelp.dll
0x00007ff972930000 - 0x00007ff9729c8000 	C:\Windows\system32\uxtheme.dll
0x00007ff975fc0000 - 0x00007ff976134000 	C:\Windows\System32\MSCTF.dll
0x00007ff972a10000 - 0x00007ff972a39000 	C:\Windows\system32\dwmapi.dll
0x00007ff975c50000 - 0x00007ff975da1000 	C:\Windows\System32\ole32.dll
0x00007ff95bb60000 - 0x00007ff95bc80000 	C:\Windows\system32\opengl32.dll
0x00007ff95b9d0000 - 0x00007ff95b9fc000 	C:\Windows\SYSTEM32\GLU32.dll
0x00007ff950be0000 - 0x00007ff950c73000 	C:\jmonkeyplatform\jdk\jre\bin\freetype.dll
0x00007ff942820000 - 0x00007ff9428dc000 	C:\jmonkeyplatform\jdk\jre\bin\fontmanager.dll
0x00007ff9547c0000 - 0x00007ff9547da000 	C:\jmonkeyplatform\jdk\jre\bin\net.dll
0x00007ff95efa0000 - 0x00007ff95f16c000 	C:\Windows\SYSTEM32\urlmon.dll
0x00007ff962e70000 - 0x00007ff963117000 	C:\Windows\SYSTEM32\iertutil.dll
0x00007ff973fc0000 - 0x00007ff973fcb000 	C:\Windows\SYSTEM32\CRYPTBASE.DLL
0x00007ff973e60000 - 0x00007ff973ec6000 	C:\Windows\system32\mswsock.dll
0x00007ff9547a0000 - 0x00007ff9547b2000 	C:\jmonkeyplatform\jdk\jre\bin\nio.dll
0x00007ff959f60000 - 0x00007ff959ff6000 	C:\Windows\System32\TextInputFramework.dll
0x00007ff96ec40000 - 0x00007ff96ef5e000 	C:\Windows\System32\CoreUIComponents.dll
0x00007ff972090000 - 0x00007ff97216a000 	C:\Windows\System32\CoreMessaging.dll
0x00007ff9736e0000 - 0x00007ff973711000 	C:\Windows\SYSTEM32\ntmarta.dll
0x00007ff96fde0000 - 0x00007ff96ff2d000 	C:\Windows\SYSTEM32\wintypes.dll
0x00007ff92b8e0000 - 0x00007ff92bab2000 	C:\jmonkeyp\ETA\bulletjme.dll
0x000001f3ff440000 - 0x000001f3ff4a4000 	C:\jmonkeyp\ETA\OpenAL64.dll
0x000001f3ff4f0000 - 0x000001f3ff543000 	C:\jmonkeyp\ETA\lwjgl64.dll
0x00007ff9014f0000 - 0x00007ff9024c2000 	C:\Windows\System32\DriverStore\FileRepository\iigd_dch.inf_amd64_c84afe165d971f24\ig9icd64.dll
0x00007ff9733e0000 - 0x00007ff97349b000 	C:\Windows\system32\dxgi.dll
0x00007ff96a860000 - 0x00007ff96aab8000 	C:\Windows\System32\DriverStore\FileRepository\iigd_dch.inf_amd64_c84afe165d971f24\igdgmm64.dll
0x00007ff93fd60000 - 0x00007ff93fe08000 	C:\Windows\SYSTEM32\mscms.dll
0x00007ff974610000 - 0x00007ff974638000 	C:\Windows\SYSTEM32\USERENV.dll
0x00007ff96bd80000 - 0x00007ff96bd90000 	C:\Windows\SYSTEM32\ColorAdapterClient.dll
0x00007ff95ebe0000 - 0x00007ff95ec23000 	C:\Windows\SYSTEM32\icm32.dll
0x00007ff9472e0000 - 0x00007ff9476fa000 	C:\Windows\System32\DriverStore\FileRepository\iigd_dch.inf_amd64_c84afe165d971f24\igdml64.dll
0x00007ff967970000 - 0x00007ff96a650000 	C:\Windows\System32\DriverStore\FileRepository\iigd_dch.inf_amd64_c84afe165d971f24\igc64.dll
0x00007ff976dd0000 - 0x00007ff976e70000 	C:\Windows\System32\clbcatq.dll
0x00007ff966fe0000 - 0x00007ff967056000 	C:\Windows\System32\MMDevApi.dll
0x00007ff9744a0000 - 0x00007ff9744c7000 	C:\Windows\System32\DEVOBJ.dll
0x00007ff9724b0000 - 0x00007ff972665000 	C:\Windows\System32\PROPSYS.dll
0x00007ff92f140000 - 0x00007ff92f1cf000 	C:\Windows\SYSTEM32\dsound.dll
0x00007ff9587e0000 - 0x00007ff95890c000 	C:\Windows\SYSTEM32\AUDIOSES.DLL
0x00007ff96fc80000 - 0x00007ff96fc8a000 	C:\Windows\SYSTEM32\AVRT.dll
0x00007ff973050000 - 0x00007ff973219000 	C:\Windows\SYSTEM32\dbghelp.dll

VM Arguments:
jvm_args: -Dfile.encoding=UTF-8 
java_command: eta.Main
java_class_path (initial): C:\jmonkeyplatform\jmonkeyplatform\libs\jme3-jogg-3.2.4-stable.jar;C:\jmonkeyplatform\jmonkeyplatform\libs\j-ogg-all-1.0.0.jar;C:\jmonkeyplatform\jmonkeyplatform\libs\jme3-networking-3.2.4-stable.jar;C:\jmonkeyplatform\jmonkeyplatform\libs\jme3-plugins-3.2.4-stable.jar;C:\jmonkeyplatform\jmonkeyplatform\libs\gson-2.8.1.jar;C:\jmonkeyplatform\jmonkeyplatform\libs\jme3-core-3.2.4-stable.jar;C:\jmonkeyplatform\jmonkeyplatform\libs\jme3-desktop-3.2.4-stable.jar;C:\jmonkeyplatform\jmonkeyplatform\libs\jme3-lwjgl-3.2.4-stable.jar;C:\jmonkeyplatform\jmonkeyplatform\libs\lwjgl-2.9.3.jar;C:\jmonkeyplatform\jmonkeyplatform\libs\jinput-2.0.5.jar;C:\jmonkeyplatform\jmonkeyplatform\libs\jinput-platform-2.0.5-natives-linux.jar;C:\jmonkeyplatform\jmonkeyplatform\libs\jinput-platform-2.0.5-natives-windows.jar;C:\jmonkeyplatform\jmonkeyplatform\libs\jinput-platform-2.0.5-natives-osx.jar;C:\jmonkeyplatform\jmonkeyplatform\libs\jutils-1.0.0.jar;C:\jmonkeyplatform\jmonkeyplatform\libs\lwjgl-platform-2.9.3-natives-windows.jar;C:\jmonkeyplatform\jmonkeyplatform\libs\lwjgl-platform-2.9.3-natives-linux.jar;C:\jmonkeyplatform\jmonkeyplatform\libs\lwjgl-platform-2.9.3-natives-osx.jar;C:\jmonkeyplatform\jmonkeyplatform\libs\jme3-effects-3.2.4-stable.jar;C:\jmonkeyplatform\jmonkeyplatform\libs\jme3-terrain-3.2.4-stable.jar;C:\jmonkeyplatform\jmonkeyplatform\libs\jme3-bullet-3.2.4-stable.jar;C:\jmonkeyplatform\jmonkeyplatform\libs\jme3-bullet-native-3.2.4-stable.jar;C:\jmonkeyp\ETA\libs\LemurProto.jar;C:\jmonkeyp\ETA\libs\groovy-all-2.4.19.jar;C:\jmonkeyp\ETA\libs\guava-26.0-jre.jar;C:\jmonkeyp\ETA\libs\lemur-1.13.0.jar;C:\jmonkeyp\ETA\libs\slf4j-api-1.7.9.jar;C:\jmonkeyp\ETA\build\classes;C:\jmonkeyp\ETA\assets
Launcher Type: SUN_STANDARD

Environment Variables:
PATH=C:\Program Files (x86)\Common Files\Oracle\Java\javapath;C:\Windows\system32;C:\Windows;C:\Windows\System32\Wbem;C:\Windows\System32\WindowsPowerShell\v1.0\;C:\Windows\System32\OpenSSH\;C:\Program Files (x86)\Intel\Intel(R) Management Engine Components\DAL;C:\Program Files\Intel\Intel(R) Management Engine Components\DAL;C:\Program Files\dotnet\;C:\Program Files\Microsoft SQL Server\130\Tools\Binn\;C:\Users\cristian.villalba\AppData\Roaming\nvm;C:\Program Files\nodejs;c:\wspan\swgw;C:\Program Files\Intel\WiFi\bin\;C:\Program Files\Common Files\Intel\WirelessCommon\;C:\Users\cristian.villalba\AppData\Roaming\Python\Python37\Scripts;C:\ProgramData\chocolatey\bin;C:\Program Files\Git\cmd;C:\Program Files\Microsoft SQL Server\Client SDK\ODBC\170\Tools\Binn\;C:\Program Files\Microsoft SQL Server\Client SDK\ODBC\110\Tools\Binn\;c:\ffmpeg\bin\;C:\Program Files (x86)\Windows Kits\10\Windows Performance Toolkit\;C:\Program Files (x86)\Windows Live\Shared;C:\Program Files (x86)\Microchip\MPLAB IDE\VDI;C:\Program Files\CMake\bin;C:\PowerShell;C:\Program Files (x86)\Microsoft SQL Server\150\DTS\Binn\;C:\Program Files\Azure Data Studio\bin;C:\Users\cristian.villalba\scoop\shims;C:\Ruby27-x64\bin;C:\Users\cristian.villalba\AppData\Local\Microsoft\WindowsApps;C:\Users\cristian.villalba\AppData\Roaming\nvm;C:\Program Files\nodejs;C:\Users\cristian.villalba\AppData\Local\Programs\Microsoft VS Code\bin;C:\Users\cristian.villalba\.dotnet\tools;C:\Panda3D-1.10.7-x64\python;C:\Panda3D-1.10.7-x64\python\Scripts;C:\Panda3D-1.10.7-x64\bin;C:\Program Files\Azure Data Studio\bin;C:\fp\swdir
USERNAME=Cristian.Villalba
OS=Windows_NT
PROCESSOR_IDENTIFIER=Intel64 Family 6 Model 142 Stepping 10, GenuineIntel



---------------  S Y S T E M  ---------------

OS: Windows 10.0 , 64 bit Build 17134 (10.0.17134.1425)

CPU:total 8 (initial active 8) (4 cores per cpu, 2 threads per core) family 6 model 142 stepping 10, cmov, cx8, fxsr, mmx, sse, sse2, sse3, ssse3, sse4.1, sse4.2, popcnt, avx, avx2, aes, clmul, erms, rtm, 3dnowpref, lzcnt, ht, tsc, tscinvbit, bmi1, bmi2, adx

Memory: 4k page, physical 16653484k(569212k free), swap 66985132k(24296k free)

vm_info: OpenJDK 64-Bit Server VM (25.212-b04) for windows-amd64 JRE (1.8.0_212-b04), built on Jun  3 2019 21:11:11 by "jenkins" with MS VC++ 12.0 (VS2013)

time: Thu Apr 22 10:28:54 2021
timezone: Argentina Standard Time
elapsed time: 537 seconds (0d 0h 8m 57s)

