#
# A fatal error has been detected by the Java Runtime Environment:
#
#  EXCEPTION_ACCESS_VIOLATION (0xc0000005) at pc=0x0000000064944d48, pid=20924, tid=0x0000000000000f0c
#
# JRE version: OpenJDK Runtime Environment (8.0_212-b04) (build 1.8.0_212-b04)
# Java VM: OpenJDK 64-Bit Server VM (25.212-b04 mixed mode windows-amd64 compressed oops)
# Problematic frame:
# V  [jvm.dll+0x104d48]
#
# Failed to write core dump. Minidumps are not enabled by default on client versions of Windows
#
# If you would like to submit a bug report, please visit:
#   
#

---------------  T H R E A D  ---------------

Current thread (0x000001632bf83000):  JavaThread "*** Profiler Agent Communication Thread" daemon [_thread_in_vm, id=3852, stack(0x0000000101400000,0x0000000101500000)]

siginfo: ExceptionCode=0xc0000005, reading address 0x000000002d1165a0

Registers:
RAX=0x00000001014ff101, RBX=0x000001632bf83000, RCX=0x000000002d1165a0, RDX=0x0000000000000000
RSP=0x00000001014ff140, RBP=0x000000002d1165a0, RSI=0x000001630f005950, RDI=0x00000001014ff260
R8 =0x000001632bf83000, R9 =0x000000002d1165a0, R10=0x000001630f260000, R11=0x00007ff9784f9500
R12=0x000001632f2d15d0, R13=0x00000000000001d4, R14=0x00007ff9593a9c68, R15=0x00007ff9593a9a60
RIP=0x0000000064944d48, EFLAGS=0x0000000000010206

Top of Stack: (sp=0x00000001014ff140)
0x00000001014ff140:   0000000000000000 0000000000000000
0x00000001014ff150:   000001632bf83000 00000001014ff308
0x00000001014ff160:   000001632bf83000 0000000064b2d64d
0x00000001014ff170:   0000000000004920 00000163297a11c8
0x00000001014ff180:   000001632bf831e0 00007ff975889960
0x00000001014ff190:   000001632bf83000 0000000000000000
0x00000001014ff1a0:   0000000100000000 0000000000000000
0x00000001014ff1b0:   000000002d1165a0 00007ff9593a34da
0x00000001014ff1c0:   0000000000000000 000001632bf831e0
0x00000001014ff1d0:   00000163297a11c8 00000000648d6365
0x00000001014ff1e0:   000001632f2d15d0 000001632bf83770
0x00000001014ff1f0:   00000000000003d8 000001632bf83780
0x00000001014ff200:   0000016329927708 000001632bf83000
0x00000001014ff210:   0000016329927708 000001632bf83000
0x00000001014ff220:   000001632bf83000 0000016329927708
0x00000001014ff230:   0000000000000000 0000016310b67b00 

Instructions: (pc=0x0000000064944d48)
0x0000000064944d28:   cc cc cc cc cc cc cc cc 48 83 ec 28 4c 8b c9 48
0x0000000064944d38:   85 c9 75 07 33 c0 48 83 c4 28 c3 48 89 5c 24 20
0x0000000064944d48:   48 8b 19 48 85 db 74 3f 48 8b 43 08 48 8b 48 08
0x0000000064944d58:   48 8b 41 18 48 85 c0 74 2e 48 8b 80 90 00 00 00 


Register to memory mapping:

RAX=0x00000001014ff101 is pointing into the stack for thread: 0x000001632bf83000
RBX=0x000001632bf83000 is a thread
RCX=0x000000002d1165a0 is an unknown value
RDX=0x0000000000000000 is an unknown value
RSP=0x00000001014ff140 is pointing into the stack for thread: 0x000001632bf83000
RBP=0x000000002d1165a0 is an unknown value
RSI=0x000001630f005950 is an unknown value
RDI=0x00000001014ff260 is pointing into the stack for thread: 0x000001632bf83000
R8 =0x000001632bf83000 is a thread
R9 =0x000000002d1165a0 is an unknown value
R10=0x000001630f260000 is an unknown value
R11=0x00007ff9784f9500 is an unknown value
R12=0x000001632f2d15d0 is an unknown value
R13=0x00000000000001d4 is an unknown value
R14=0x00007ff9593a9c68 is an unknown value
R15=0x00007ff9593a9a60 is an unknown value


Stack: [0x0000000101400000,0x0000000101500000],  sp=0x00000001014ff140,  free space=1020k
Native frames: (J=compiled Java code, j=interpreted, Vv=VM code, C=native code)
V  [jvm.dll+0x104d48]
V  [jvm.dll+0x2ed64d]
C  [profilerinterface.dll+0x34da]
C  0x0000016310b79c6e

Java frames: (J=compiled Java code, j=interpreted, Vv=VM code)
j  org.netbeans.lib.profiler.server.system.Stacks.getMethodNamesForJMethodIds(I[I[I)[B+0
j  org.netbeans.lib.profiler.server.ProfilerInterface.getMethodNamesForJMethodIds([I)Lorg/netbeans/lib/profiler/wireprotocol/MethodNamesResponse;+20
j  org.netbeans.lib.profiler.server.ProfilerServer.handleClientCommand(Lorg/netbeans/lib/profiler/wireprotocol/Command;)V+691
j  org.netbeans.lib.profiler.server.ProfilerServer.listenToClient()V+48
j  org.netbeans.lib.profiler.server.ProfilerServer.run()V+22
v  ~StubRoutines::call_stub

---------------  P R O C E S S  ---------------

Java Threads: ( => current thread )
  0x000001632cf88000 JavaThread "TimerQueue" daemon [_thread_blocked, id=15856, stack(0x0000000102300000,0x0000000102400000)]
  0x000001632d10b000 JavaThread "Image Fetcher 0" daemon [_thread_blocked, id=12100, stack(0x0000000102200000,0x0000000102300000)]
  0x000001632cc8b000 JavaThread "AWT-EventQueue-0" [_thread_blocked, id=22800, stack(0x0000000102100000,0x0000000102200000)]
  0x000001632c235800 JavaThread "AWT-Windows" daemon [_thread_blocked, id=19972, stack(0x0000000102000000,0x0000000102100000)]
  0x000001632c13c800 JavaThread "AWT-Shutdown" [_thread_blocked, id=17496, stack(0x0000000101f00000,0x0000000102000000)]
  0x000001632c13c000 JavaThread "Java2D Disposer" daemon [_thread_blocked, id=6300, stack(0x0000000101e00000,0x0000000101f00000)]
  0x000001632c0b7000 JavaThread "Service Thread" daemon [_thread_blocked, id=708, stack(0x0000000101c00000,0x0000000101d00000)]
  0x000001632cb8f000 JavaThread "C1 CompilerThread3" daemon [_thread_blocked, id=11004, stack(0x0000000101b00000,0x0000000101c00000)]
  0x000001632c0c6800 JavaThread "C2 CompilerThread2" daemon [_thread_blocked, id=10040, stack(0x0000000101a00000,0x0000000101b00000)]
  0x000001632c23e000 JavaThread "C2 CompilerThread1" daemon [_thread_blocked, id=18988, stack(0x0000000101900000,0x0000000101a00000)]
  0x000001632c1ed800 JavaThread "C2 CompilerThread0" daemon [_thread_blocked, id=17800, stack(0x0000000101700000,0x0000000101800000)]
  0x000001632c0c5000 JavaThread "*** Profiler Agent Special Execution Thread 10" daemon [_thread_blocked, id=3436, stack(0x0000000101800000,0x0000000101900000)]
  0x000001632bfb8800 JavaThread "*** Profiler Agent Special Execution Thread 6" daemon [_thread_blocked, id=4728, stack(0x0000000101600000,0x0000000101700000)]
  0x000001632bfb6800 JavaThread "*** JFluid Monitor thread ***" daemon [_thread_blocked, id=20248, stack(0x0000000101500000,0x0000000101600000)]
=>0x000001632bf83000 JavaThread "*** Profiler Agent Communication Thread" daemon [_thread_in_vm, id=3852, stack(0x0000000101400000,0x0000000101500000)]
  0x000001632a7ba000 JavaThread "Attach Listener" daemon [_thread_blocked, id=6544, stack(0x0000000101300000,0x0000000101400000)]
  0x000001632a7b5000 JavaThread "Signal Dispatcher" daemon [_thread_blocked, id=4308, stack(0x0000000101200000,0x0000000101300000)]
  0x000001632a781800 JavaThread "Finalizer" daemon [_thread_blocked, id=18264, stack(0x0000000101100000,0x0000000101200000)]
  0x000001632a77d800 JavaThread "Reference Handler" daemon [_thread_blocked, id=12464, stack(0x0000000101000000,0x0000000101100000)]
  0x000001630f00c800 JavaThread "main" [_thread_blocked, id=20752, stack(0x0000000100600000,0x0000000100700000)]

Other Threads:
  0x0000016310b0d800 VMThread [stack: 0x0000000100f00000,0x0000000101000000] [id=8304]
  0x000001632c0c7800 WatcherThread [stack: 0x0000000101d00000,0x0000000101e00000] [id=13556]

VM state:synchronizing (normal execution)

VM Mutex/Monitor currently owned by a thread:  ([mutex/lock_event])
[0x000001630f00a2a0] Threads_lock - owner thread: 0x0000016310b0d800

heap address: 0x00000006c1e00000, size: 4066 MB, Compressed Oops mode: Zero based, Oop shift amount: 3
Narrow klass base: 0x0000000000000000, Narrow klass shift: 3
Compressed class space size: 1073741824 Address: 0x00000007c0000000

Heap:
 PSYoungGen      total 76288K, used 26004K [0x000000076b500000, 0x0000000770a00000, 0x00000007c0000000)
  eden space 65536K, 39% used [0x000000076b500000,0x000000076ce65200,0x000000076f500000)
  from space 10752K, 0% used [0x000000076ff80000,0x000000076ff80000,0x0000000770a00000)
  to   space 10752K, 0% used [0x000000076f500000,0x000000076f500000,0x000000076ff80000)
 ParOldGen       total 175104K, used 0K [0x00000006c1e00000, 0x00000006cc900000, 0x000000076b500000)
  object space 175104K, 0% used [0x00000006c1e00000,0x00000006c1e00000,0x00000006cc900000)
 Metaspace       used 15397K, capacity 15668K, committed 15872K, reserved 1062912K
  class space    used 1923K, capacity 2009K, committed 2048K, reserved 1048576K

Card table byte_map: [0x000001631ff20000,0x0000016320720000] byte_map_base: 0x000001631c911000

Marking Bits: (ParMarkBitMap*) 0x0000000064fc1f50
 Begin Bits: [0x0000016320c70000, 0x0000016324bf8000)
 End Bits:   [0x0000016324bf8000, 0x0000016328b80000)

Polling page: 0x000001630f120000

CodeCache: size=245760Kb used=2663Kb max_used=2666Kb free=243096Kb
 bounds [0x0000016310b60000, 0x0000016310e00000, 0x000001631fb60000]
 total_blobs=1242 nmethods=703 adapters=453
 compilation: enabled

Compilation events (10 events):
Event: 2.170 Thread 0x000001632cb8f000  700       3       sun.font.FileFontStrike::getCachedGlyphPtrInternal (120 bytes)
Event: 2.170 Thread 0x000001632cb8f000 nmethod 700 0x0000016310dfb5d0 code [0x0000016310dfb760, 0x0000016310dfbb38]
Event: 2.170 Thread 0x000001632cb8f000  699  s    3       sun.font.FontManagerFactory::getInstance (25 bytes)
Event: 2.170 Thread 0x000001632cb8f000 nmethod 699 0x0000016310dfae90 code [0x0000016310dfb020, 0x0000016310dfb4b0]
Event: 2.214 Thread 0x000001632cb8f000  703       3       java.io.ObjectInputStream$BlockDataInputStream::readInt (73 bytes)
Event: 2.214 Thread 0x000001632cb8f000 nmethod 703 0x0000016310dfa850 code [0x0000016310dfa9e0, 0x0000016310dfad50]
Event: 2.214 Thread 0x000001632cb8f000  701       3       java.io.Bits::getInt (43 bytes)
Event: 2.214 Thread 0x000001632cb8f000 nmethod 701 0x0000016310dfa3d0 code [0x0000016310dfa540, 0x0000016310dfa718]
Event: 2.214 Thread 0x000001632cb8f000  702       3       java.io.ObjectInputStream::readInt (8 bytes)
Event: 2.214 Thread 0x000001632cb8f000 nmethod 702 0x0000016310df9fd0 code [0x0000016310dfa140, 0x0000016310dfa2f0]

GC Heap History (0 events):
No events

Deoptimization events (10 events):
Event: 1.653 Thread 0x000001632cc8b000 Uncommon trap: reason=unstable_if action=reinterpret pc=0x0000016310d02268 method=java.lang.AbstractStringBuilder.append(Ljava/lang/String;)Ljava/lang/AbstractStringBuilder; @ 1
Event: 1.821 Thread 0x000001632c235800 Uncommon trap: reason=class_check action=maybe_recompile pc=0x0000016310da8314 method=java.util.HashMap.putVal(ILjava/lang/Object;Ljava/lang/Object;ZZ)Ljava/lang/Object; @ 203
Event: 1.822 Thread 0x000001632c235800 Uncommon trap: reason=bimorphic action=maybe_recompile pc=0x0000016310da82dc method=java.util.HashMap.putVal(ILjava/lang/Object;Ljava/lang/Object;ZZ)Ljava/lang/Object; @ 91
Event: 1.822 Thread 0x000001632c235800 Uncommon trap: reason=class_check action=maybe_recompile pc=0x0000016310da8314 method=java.util.HashMap.putVal(ILjava/lang/Object;Ljava/lang/Object;ZZ)Ljava/lang/Object; @ 203
Event: 1.822 Thread 0x000001632c235800 Uncommon trap: reason=class_check action=maybe_recompile pc=0x0000016310da8314 method=java.util.HashMap.putVal(ILjava/lang/Object;Ljava/lang/Object;ZZ)Ljava/lang/Object; @ 203
Event: 1.822 Thread 0x000001632c235800 Uncommon trap: reason=bimorphic action=maybe_recompile pc=0x0000016310da82dc method=java.util.HashMap.putVal(ILjava/lang/Object;Ljava/lang/Object;ZZ)Ljava/lang/Object; @ 91
Event: 1.898 Thread 0x000001632cc8b000 Uncommon trap: reason=class_check action=maybe_recompile pc=0x0000016310c880bc method=java.lang.String.equals(Ljava/lang/Object;)Z @ 8
Event: 1.898 Thread 0x000001632cc8b000 Uncommon trap: reason=class_check action=maybe_recompile pc=0x0000016310c880bc method=java.lang.String.equals(Ljava/lang/Object;)Z @ 8
Event: 1.898 Thread 0x000001632cc8b000 Uncommon trap: reason=class_check action=maybe_recompile pc=0x0000016310c880bc method=java.lang.String.equals(Ljava/lang/Object;)Z @ 8
Event: 1.900 Thread 0x000001632cc8b000 Uncommon trap: reason=class_check action=maybe_recompile pc=0x0000016310c880bc method=java.lang.String.equals(Ljava/lang/Object;)Z @ 8

Classes redefined (0 events):
No events

Internal exceptions (10 events):
Event: 0.594 Thread 0x000001630f00c800 Exception <a 'java/lang/ArrayIndexOutOfBoundsException': 22> (0x000000076baac510) thrown at [C:\cygwin64\tmp\openjdk-jdk8u-windows-x64-hotspot\workspace\build\src\hotspot\src\share\vm\interpreter\interpreterRuntime.cpp, line 368]
Event: 0.595 Thread 0x000001630f00c800 Exception <a 'java/lang/ArrayIndexOutOfBoundsException': 160> (0x000000076baae0f8) thrown at [C:\cygwin64\tmp\openjdk-jdk8u-windows-x64-hotspot\workspace\build\src\hotspot\src\share\vm\interpreter\interpreterRuntime.cpp, line 368]
Event: 0.595 Thread 0x000001630f00c800 Exception <a 'java/lang/ArrayIndexOutOfBoundsException': 22> (0x000000076bab0320) thrown at [C:\cygwin64\tmp\openjdk-jdk8u-windows-x64-hotspot\workspace\build\src\hotspot\src\share\vm\interpreter\interpreterRuntime.cpp, line 368]
Event: 0.595 Thread 0x000001630f00c800 Exception <a 'java/lang/ArrayIndexOutOfBoundsException': 22> (0x000000076bab1a80) thrown at [C:\cygwin64\tmp\openjdk-jdk8u-windows-x64-hotspot\workspace\build\src\hotspot\src\share\vm\interpreter\interpreterRuntime.cpp, line 368]
Event: 0.595 Thread 0x000001630f00c800 Exception <a 'java/lang/ArrayIndexOutOfBoundsException': 22> (0x000000076bab41e0) thrown at [C:\cygwin64\tmp\openjdk-jdk8u-windows-x64-hotspot\workspace\build\src\hotspot\src\share\vm\interpreter\interpreterRuntime.cpp, line 368]
Event: 1.569 Thread 0x000001630f00c800 Exception <a 'java/io/FileNotFoundException'> (0x000000076c2df368) thrown at [C:\cygwin64\tmp\openjdk-jdk8u-windows-x64-hotspot\workspace\build\src\hotspot\src\share\vm\prims\jni.cpp, line 710]
Event: 1.580 Thread 0x000001630f00c800 Exception <a 'java/lang/ClassNotFoundException': sun/dc/DuctusRenderingEngine> (0x000000076c2f5f70) thrown at [C:\cygwin64\tmp\openjdk-jdk8u-windows-x64-hotspot\workspace\build\src\hotspot\src\share\vm\classfile\systemDictionary.cpp, line 210]
Event: 1.623 Thread 0x000001632cc8b000 Exception <a 'java/io/FileNotFoundException'> (0x000000076c5aebe0) thrown at [C:\cygwin64\tmp\openjdk-jdk8u-windows-x64-hotspot\workspace\build\src\hotspot\src\share\vm\prims\jni.cpp, line 710]
Event: 1.653 Thread 0x000001632cc8b000 Implicit null exception at 0x0000016310d01e96 to 0x0000016310d02251
Event: 1.659 Thread 0x000001632cc8b000 Exception <a 'java/lang/NoClassDefFoundError'> (0x000000076c647170) thrown at [C:\cygwin64\tmp\openjdk-jdk8u-windows-x64-hotspot\workspace\build\src\hotspot\src\share\vm\prims\jvm.cpp, line 1506]

Events (10 events):
Event: 2.199 Executing VM operation: GetAllStackTraces
Event: 2.199 Executing VM operation: GetAllStackTraces done
Event: 2.209 Executing VM operation: GetAllStackTraces
Event: 2.209 Executing VM operation: GetAllStackTraces done
Event: 2.211 loading class org/netbeans/lib/profiler/wireprotocol/EventBufferDumpedCommand
Event: 2.211 loading class org/netbeans/lib/profiler/wireprotocol/EventBufferDumpedCommand done
Event: 2.212 loading class org/netbeans/lib/profiler/wireprotocol/DumpResultsResponse
Event: 2.212 loading class org/netbeans/lib/profiler/wireprotocol/DumpResultsResponse done
Event: 2.213 loading class org/netbeans/lib/profiler/wireprotocol/GetMethodNamesForJMethodIdsCommand
Event: 2.213 loading class org/netbeans/lib/profiler/wireprotocol/GetMethodNamesForJMethodIdsCommand done


Dynamic libraries:
0x00007ff6aa090000 - 0x00007ff6aa0ca000 	C:\jmonkeyplatform\jdk\bin\java.exe
0x00007ff9783e0000 - 0x00007ff9785c1000 	C:\Windows\SYSTEM32\ntdll.dll
0x00007ff976140000 - 0x00007ff9761f1000 	C:\Windows\System32\KERNEL32.DLL
0x00007ff974a90000 - 0x00007ff974d03000 	C:\Windows\System32\KERNELBASE.dll
0x00007ff975a70000 - 0x00007ff975b11000 	C:\Windows\System32\ADVAPI32.dll
0x00007ff975870000 - 0x00007ff97590e000 	C:\Windows\System32\msvcrt.dll
0x00007ff975f60000 - 0x00007ff975fbb000 	C:\Windows\System32\sechost.dll
0x00007ff975b20000 - 0x00007ff975c44000 	C:\Windows\System32\RPCRT4.dll
0x00007ff976c40000 - 0x00007ff976dd0000 	C:\Windows\System32\USER32.dll
0x00007ff9756b0000 - 0x00007ff9756d0000 	C:\Windows\System32\win32u.dll
0x00007ff976f20000 - 0x00007ff976f48000 	C:\Windows\System32\GDI32.dll
0x00007ff9756d0000 - 0x00007ff975863000 	C:\Windows\System32\gdi32full.dll
0x00007ff974d10000 - 0x00007ff974daf000 	C:\Windows\System32\msvcp_win.dll
0x00007ff9747a0000 - 0x00007ff974898000 	C:\Windows\System32\ucrtbase.dll
0x00007ff954d70000 - 0x00007ff954fd9000 	C:\Windows\WinSxS\amd64_microsoft.windows.common-controls_6595b64144ccf1df_6.0.17134.1610_none_d3fd41197c928db6\COMCTL32.dll
0x00007ff976200000 - 0x00007ff976520000 	C:\Windows\System32\combase.dll
0x00007ff9755e0000 - 0x00007ff975659000 	C:\Windows\System32\bcryptPrimitives.dll
0x00007ff975a40000 - 0x00007ff975a6d000 	C:\Windows\System32\IMM32.DLL
0x000001630f140000 - 0x000001630f152000 	C:\Windows\System32\umppc13408.dll
0x00007ff950ff0000 - 0x00007ff9510df000 	C:\jmonkeyplatform\jdk\jre\bin\msvcr120.dll
0x00007ff954000000 - 0x00007ff9540a6000 	C:\jmonkeyplatform\jdk\jre\bin\msvcp120.dll
0x0000000064840000 - 0x000000006503b000 	C:\jmonkeyplatform\jdk\jre\bin\server\jvm.dll
0x00007ff976780000 - 0x00007ff976788000 	C:\Windows\System32\PSAPI.DLL
0x00007ff959040000 - 0x00007ff959049000 	C:\Windows\SYSTEM32\WSOCK32.dll
0x00007ff976520000 - 0x00007ff97658c000 	C:\Windows\System32\WS2_32.dll
0x00007ff970d40000 - 0x00007ff970d63000 	C:\Windows\SYSTEM32\WINMM.dll
0x00007ff9744f0000 - 0x00007ff9744fa000 	C:\Windows\SYSTEM32\VERSION.dll
0x00007ff970d10000 - 0x00007ff970d3a000 	C:\Windows\SYSTEM32\WINMMBASE.dll
0x00007ff975660000 - 0x00007ff9756a9000 	C:\Windows\System32\cfgmgr32.dll
0x00007ff96dee0000 - 0x00007ff96deef000 	C:\jmonkeyplatform\jdk\jre\bin\verify.dll
0x00007ff9547e0000 - 0x00007ff954808000 	C:\jmonkeyplatform\jdk\jre\bin\java.dll
0x00007ff9593a0000 - 0x00007ff9593af000 	C:\Users\cristian.villalba\AppData\Roaming\.jmonkeyplatform\v3.2.4-stable-sdk1\lib\deployed\jdk16\windows-amd64\profilerinterface.dll
0x00007ff95c500000 - 0x00007ff95c516000 	C:\jmonkeyplatform\jdk\jre\bin\zip.dll
0x00007ff976f60000 - 0x00007ff9783a5000 	C:\Windows\System32\SHELL32.dll
0x00007ff976e70000 - 0x00007ff976f19000 	C:\Windows\System32\shcore.dll
0x00007ff974ec0000 - 0x00007ff9755d5000 	C:\Windows\System32\windows.storage.dll
0x00007ff976590000 - 0x00007ff9765e1000 	C:\Windows\System32\shlwapi.dll
0x00007ff974730000 - 0x00007ff974741000 	C:\Windows\System32\kernel.appcore.dll
0x00007ff974780000 - 0x00007ff97479f000 	C:\Windows\System32\profapi.dll
0x00007ff9746e0000 - 0x00007ff97472c000 	C:\Windows\System32\powrprof.dll
0x00007ff974770000 - 0x00007ff97477a000 	C:\Windows\System32\FLTLIB.DLL
0x00007ff9547c0000 - 0x00007ff9547da000 	C:\jmonkeyplatform\jdk\jre\bin\net.dll
0x00007ff95efa0000 - 0x00007ff95f16c000 	C:\Windows\SYSTEM32\urlmon.dll
0x00007ff962e70000 - 0x00007ff963117000 	C:\Windows\SYSTEM32\iertutil.dll
0x00007ff973fc0000 - 0x00007ff973fcb000 	C:\Windows\SYSTEM32\CRYPTBASE.DLL
0x00007ff973e60000 - 0x00007ff973ec6000 	C:\Windows\system32\mswsock.dll
0x00007ff95c4e0000 - 0x00007ff95c4ed000 	C:\jmonkeyplatform\jdk\jre\bin\management.dll
0x00007ff9547a0000 - 0x00007ff9547b2000 	C:\jmonkeyplatform\jdk\jre\bin\nio.dll
0x00007ff974070000 - 0x00007ff974087000 	C:\Windows\SYSTEM32\CRYPTSP.dll
0x00007ff973a20000 - 0x00007ff973a53000 	C:\Windows\system32\rsaenh.dll
0x00007ff974190000 - 0x00007ff9741b5000 	C:\Windows\SYSTEM32\bcrypt.dll
0x00007ff974610000 - 0x00007ff974638000 	C:\Windows\SYSTEM32\USERENV.dll
0x00007ff973bc0000 - 0x00007ff973bf8000 	C:\Windows\SYSTEM32\IPHLPAPI.DLL
0x00007ff975db0000 - 0x00007ff975db8000 	C:\Windows\System32\NSI.dll
0x00007ff96fb10000 - 0x00007ff96fb26000 	C:\Windows\SYSTEM32\dhcpcsvc6.DLL
0x00007ff96faf0000 - 0x00007ff96fb0a000 	C:\Windows\SYSTEM32\dhcpcsvc.DLL
0x00007ff92cc20000 - 0x00007ff92cdb5000 	C:\jmonkeyplatform\jdk\jre\bin\awt.dll
0x00007ff975970000 - 0x00007ff975a32000 	C:\Windows\System32\OLEAUT32.dll
0x00007ff972400000 - 0x00007ff97248b000 	C:\Windows\SYSTEM32\apphelp.dll
0x00007ff972930000 - 0x00007ff9729c8000 	C:\Windows\system32\uxtheme.dll
0x00007ff975fc0000 - 0x00007ff976134000 	C:\Windows\System32\MSCTF.dll
0x00007ff972a10000 - 0x00007ff972a39000 	C:\Windows\system32\dwmapi.dll
0x00007ff975c50000 - 0x00007ff975da1000 	C:\Windows\System32\ole32.dll
0x00007ff95bb60000 - 0x00007ff95bc80000 	C:\Windows\system32\opengl32.dll
0x00007ff95b9d0000 - 0x00007ff95b9fc000 	C:\Windows\SYSTEM32\GLU32.dll
0x00007ff950be0000 - 0x00007ff950c73000 	C:\jmonkeyplatform\jdk\jre\bin\freetype.dll
0x00007ff942820000 - 0x00007ff9428dc000 	C:\jmonkeyplatform\jdk\jre\bin\fontmanager.dll
0x00007ff959f60000 - 0x00007ff959ff6000 	C:\Windows\System32\TextInputFramework.dll
0x00007ff96ec40000 - 0x00007ff96ef5e000 	C:\Windows\System32\CoreUIComponents.dll
0x00007ff972090000 - 0x00007ff97216a000 	C:\Windows\System32\CoreMessaging.dll
0x00007ff9736e0000 - 0x00007ff973711000 	C:\Windows\SYSTEM32\ntmarta.dll
0x00007ff96fde0000 - 0x00007ff96ff2d000 	C:\Windows\SYSTEM32\wintypes.dll
0x00007ff973050000 - 0x00007ff973219000 	C:\Windows\SYSTEM32\dbghelp.dll

VM Arguments:
jvm_args: -Dfile.encoding=UTF-8 -agentpath:C:/Users/cristian.villalba/AppData/Roaming/.jmonkeyplatform/v3.2.4-stable-sdk1/lib/deployed/jdk16/windows-amd64/profilerinterface.dll=C:\Users\cristian.villalba\AppData\Roaming\.jmonkeyplatform\v3.2.4-stable-sdk1\lib,5140,10 -XX:+HeapDumpOnOutOfMemoryError -XX:HeapDumpPath=C:\jmonkeyp\ETA\nbproject\private\profiler 
java_command: eta.Main
java_class_path (initial): C:\jmonkeyplatform\jmonkeyplatform\libs\jme3-jogg-3.2.4-stable.jar;C:\jmonkeyplatform\jmonkeyplatform\libs\j-ogg-all-1.0.0.jar;C:\jmonkeyplatform\jmonkeyplatform\libs\jme3-networking-3.2.4-stable.jar;C:\jmonkeyplatform\jmonkeyplatform\libs\jme3-plugins-3.2.4-stable.jar;C:\jmonkeyplatform\jmonkeyplatform\libs\gson-2.8.1.jar;C:\jmonkeyplatform\jmonkeyplatform\libs\jme3-core-3.2.4-stable.jar;C:\jmonkeyplatform\jmonkeyplatform\libs\jme3-desktop-3.2.4-stable.jar;C:\jmonkeyplatform\jmonkeyplatform\libs\jme3-lwjgl-3.2.4-stable.jar;C:\jmonkeyplatform\jmonkeyplatform\libs\lwjgl-2.9.3.jar;C:\jmonkeyplatform\jmonkeyplatform\libs\jinput-2.0.5.jar;C:\jmonkeyplatform\jmonkeyplatform\libs\jinput-platform-2.0.5-natives-linux.jar;C:\jmonkeyplatform\jmonkeyplatform\libs\jinput-platform-2.0.5-natives-windows.jar;C:\jmonkeyplatform\jmonkeyplatform\libs\jinput-platform-2.0.5-natives-osx.jar;C:\jmonkeyplatform\jmonkeyplatform\libs\jutils-1.0.0.jar;C:\jmonkeyplatform\jmonkeyplatform\libs\lwjgl-platform-2.9.3-natives-windows.jar;C:\jmonkeyplatform\jmonkeyplatform\libs\lwjgl-platform-2.9.3-natives-linux.jar;C:\jmonkeyplatform\jmonkeyplatform\libs\lwjgl-platform-2.9.3-natives-osx.jar;C:\jmonkeyplatform\jmonkeyplatform\libs\jme3-effects-3.2.4-stable.jar;C:\jmonkeyplatform\jmonkeyplatform\libs\jme3-terrain-3.2.4-stable.jar;C:\jmonkeyplatform\jmonkeyplatform\libs\jme3-bullet-3.2.4-stable.jar;C:\jmonkeyplatform\jmonkeyplatform\libs\jme3-bullet-native-3.2.4-stable.jar;C:\jmonkeyp\ETA\libs\LemurProto.jar;C:\jmonkeyp\ETA\libs\groovy-all-2.4.19.jar;C:\jmonkeyp\ETA\libs\guava-26.0-jre.jar;C:\jmonkeyp\ETA\libs\lemur-1.13.0.jar;C:\jmonkeyp\ETA\libs\slf4j-api-1.7.9.jar;C:\jmonkeyp\ETA\build\classes;C:\jmonkeyp\ETA\assets
Launcher Type: SUN_STANDARD

Environment Variables:
PATH=C:\Program Files (x86)\Common Files\Oracle\Java\javapath;C:\Windows\system32;C:\Windows;C:\Windows\System32\Wbem;C:\Windows\System32\WindowsPowerShell\v1.0\;C:\Windows\System32\OpenSSH\;C:\Program Files (x86)\Intel\Intel(R) Management Engine Components\DAL;C:\Program Files\Intel\Intel(R) Management Engine Components\DAL;C:\Program Files\dotnet\;C:\Program Files\Microsoft SQL Server\130\Tools\Binn\;C:\Users\cristian.villalba\AppData\Roaming\nvm;C:\Program Files\nodejs;c:\wspan\swgw;C:\Program Files\Intel\WiFi\bin\;C:\Program Files\Common Files\Intel\WirelessCommon\;C:\Users\cristian.villalba\AppData\Roaming\Python\Python37\Scripts;C:\ProgramData\chocolatey\bin;C:\Program Files\Git\cmd;C:\Program Files\Microsoft SQL Server\Client SDK\ODBC\170\Tools\Binn\;C:\Program Files\Microsoft SQL Server\Client SDK\ODBC\110\Tools\Binn\;c:\ffmpeg\bin\;C:\Program Files (x86)\Windows Kits\10\Windows Performance Toolkit\;C:\Program Files (x86)\Windows Live\Shared;C:\Program Files (x86)\Microchip\MPLAB IDE\VDI;C:\Program Files\CMake\bin;C:\PowerShell;C:\Program Files (x86)\Microsoft SQL Server\150\DTS\Binn\;C:\Program Files\Azure Data Studio\bin;C:\Users\cristian.villalba\scoop\shims;C:\Ruby27-x64\bin;C:\Users\cristian.villalba\AppData\Local\Microsoft\WindowsApps;C:\Users\cristian.villalba\AppData\Roaming\nvm;C:\Program Files\nodejs;C:\Users\cristian.villalba\AppData\Local\Programs\Microsoft VS Code\bin;C:\Users\cristian.villalba\.dotnet\tools;C:\Panda3D-1.10.7-x64\python;C:\Panda3D-1.10.7-x64\python\Scripts;C:\Panda3D-1.10.7-x64\bin;C:\Program Files\Azure Data Studio\bin;C:\fp\swdir
USERNAME=Cristian.Villalba
OS=Windows_NT
PROCESSOR_IDENTIFIER=Intel64 Family 6 Model 142 Stepping 10, GenuineIntel



---------------  S Y S T E M  ---------------

OS: Windows 10.0 , 64 bit Build 17134 (10.0.17134.1425)

CPU:total 8 (initial active 8) (4 cores per cpu, 2 threads per core) family 6 model 142 stepping 10, cmov, cx8, fxsr, mmx, sse, sse2, sse3, ssse3, sse4.1, sse4.2, popcnt, avx, avx2, aes, clmul, erms, rtm, 3dnowpref, lzcnt, ht, tsc, tscinvbit, bmi1, bmi2, adx

Memory: 4k page, physical 16653484k(10149372k free), swap 26663200k(15069516k free)

vm_info: OpenJDK 64-Bit Server VM (25.212-b04) for windows-amd64 JRE (1.8.0_212-b04), built on Jun  3 2019 21:11:11 by "jenkins" with MS VC++ 12.0 (VS2013)

time: Thu Apr 22 11:40:04 2021
timezone: Argentina Standard Time
elapsed time: 2 seconds (0d 0h 0m 2s)

