#
# A fatal error has been detected by the Java Runtime Environment:
#
#  EXCEPTION_ACCESS_VIOLATION (0xc0000005) at pc=0x0000000064944d48, pid=3648, tid=0x0000000000001658
#
# JRE version: OpenJDK Runtime Environment (8.0_212-b04) (build 1.8.0_212-b04)
# Java VM: OpenJDK 64-Bit Server VM (25.212-b04 mixed mode windows-amd64 compressed oops)
# Problematic frame:
# V  [jvm.dll+0x104d48]
#
# Failed to write core dump. Minidumps are not enabled by default on client versions of Windows
#
# If you would like to submit a bug report, please visit:
#   
#

---------------  T H R E A D  ---------------

Current thread (0x000001de4db7e800):  JavaThread "*** Profiler Agent Communication Thread" daemon [_thread_in_vm, id=5720, stack(0x0000006b1e400000,0x0000006b1e500000)]

siginfo: ExceptionCode=0xc0000005, reading address 0x000000004e9c9800

Registers:
RAX=0x0000006b1e4fef01, RBX=0x000001de4db7e800, RCX=0x000000004e9c9800, RDX=0x0000000000000000
RSP=0x0000006b1e4fef30, RBP=0x000000004e9c9800, RSI=0x000001de30c25950, RDI=0x0000006b1e4ff050
R8 =0x000001de4db7e800, R9 =0x000000004e9c9800, R10=0x000001de30f00000, R11=0x00007ff9784f9500
R12=0x000001de50ed36d0, R13=0x0000000000000217, R14=0x00007ff95c529c68, R15=0x00007ff95c529a60
RIP=0x0000000064944d48, EFLAGS=0x0000000000010206

Top of Stack: (sp=0x0000006b1e4fef30)
0x0000006b1e4fef30:   0000000000000000 0000000000000000
0x0000006b1e4fef40:   000001de4db7e800 0000006b1e4ff0f8
0x0000006b1e4fef50:   000001de4db7e800 0000000064b2d64d
0x0000006b1e4fef60:   0000000000005398 000001de4b2811c8
0x0000006b1e4fef70:   000001de4db7e9e0 00007ff975889960
0x0000006b1e4fef80:   000001de4db7e800 0000000000000000
0x0000006b1e4fef90:   0000006b00000000 0000000000000000
0x0000006b1e4fefa0:   000000004e9c9800 00007ff95c5234da
0x0000006b1e4fefb0:   0000000000000000 000001de4db7e9e0
0x0000006b1e4fefc0:   000001de4b2811c8 00000000648d6365
0x0000006b1e4fefd0:   000001de50ed36d0 000001de4dac7e70
0x0000006b1e4fefe0:   00000000000003d8 000001de4dac7e80
0x0000006b1e4feff0:   000001de4b407708 000001de4db7e800
0x0000006b1e4ff000:   000001de4b407708 000001de4db7e800
0x0000006b1e4ff010:   000001de4db7e800 000001de4b407708
0x0000006b1e4ff020:   0000000000000000 000001de325f7b00 

Instructions: (pc=0x0000000064944d48)
0x0000000064944d28:   cc cc cc cc cc cc cc cc 48 83 ec 28 4c 8b c9 48
0x0000000064944d38:   85 c9 75 07 33 c0 48 83 c4 28 c3 48 89 5c 24 20
0x0000000064944d48:   48 8b 19 48 85 db 74 3f 48 8b 43 08 48 8b 48 08
0x0000000064944d58:   48 8b 41 18 48 85 c0 74 2e 48 8b 80 90 00 00 00 


Register to memory mapping:

RAX=0x0000006b1e4fef01 is pointing into the stack for thread: 0x000001de4db7e800
RBX=0x000001de4db7e800 is a thread
RCX=0x000000004e9c9800 is an unknown value
RDX=0x0000000000000000 is an unknown value
RSP=0x0000006b1e4fef30 is pointing into the stack for thread: 0x000001de4db7e800
RBP=0x000000004e9c9800 is an unknown value
RSI=0x000001de30c25950 is an unknown value
RDI=0x0000006b1e4ff050 is pointing into the stack for thread: 0x000001de4db7e800
R8 =0x000001de4db7e800 is a thread
R9 =0x000000004e9c9800 is an unknown value
R10=0x000001de30f00000 is an unknown value
R11=0x00007ff9784f9500 is an unknown value
R12=0x000001de50ed36d0 is an unknown value
R13=0x0000000000000217 is an unknown value
R14=0x00007ff95c529c68 is an unknown value
R15=0x00007ff95c529a60 is an unknown value


Stack: [0x0000006b1e400000,0x0000006b1e500000],  sp=0x0000006b1e4fef30,  free space=1019k
Native frames: (J=compiled Java code, j=interpreted, Vv=VM code, C=native code)
V  [jvm.dll+0x104d48]
V  [jvm.dll+0x2ed64d]
C  [profilerinterface.dll+0x34da]
C  0x000001de32609c6e

Java frames: (J=compiled Java code, j=interpreted, Vv=VM code)
j  org.netbeans.lib.profiler.server.system.Stacks.getMethodNamesForJMethodIds(I[I[I)[B+0
j  org.netbeans.lib.profiler.server.ProfilerInterface.getMethodNamesForJMethodIds([I)Lorg/netbeans/lib/profiler/wireprotocol/MethodNamesResponse;+20
j  org.netbeans.lib.profiler.server.ProfilerServer.handleClientCommand(Lorg/netbeans/lib/profiler/wireprotocol/Command;)V+691
j  org.netbeans.lib.profiler.server.ProfilerServer.listenToClient()V+48
j  org.netbeans.lib.profiler.server.ProfilerServer.run()V+22
v  ~StubRoutines::call_stub

---------------  P R O C E S S  ---------------

Java Threads: ( => current thread )
  0x000001de4ec6a000 JavaThread "TimerQueue" daemon [_thread_blocked, id=19692, stack(0x0000006b1f300000,0x0000006b1f400000)]
  0x000001de4eea2000 JavaThread "Image Fetcher 0" daemon [_thread_blocked, id=9652, stack(0x0000006b1f200000,0x0000006b1f300000)]
  0x000001de4ebd2000 JavaThread "AWT-EventQueue-0" [_thread_blocked, id=6604, stack(0x0000006b1f100000,0x0000006b1f200000)]
  0x000001de4e84a000 JavaThread "AWT-Windows" daemon [_thread_in_native, id=7404, stack(0x0000006b1f000000,0x0000006b1f100000)]
  0x000001de4e849000 JavaThread "AWT-Shutdown" [_thread_blocked, id=17432, stack(0x0000006b1ef00000,0x0000006b1f000000)]
  0x000001de4e914000 JavaThread "Java2D Disposer" daemon [_thread_blocked, id=6332, stack(0x0000006b1ee00000,0x0000006b1ef00000)]
  0x000001de4dcb3800 JavaThread "Service Thread" daemon [_thread_blocked, id=1068, stack(0x0000006b1ec00000,0x0000006b1ed00000)]
  0x000001de4dcb7000 JavaThread "C1 CompilerThread3" daemon [_thread_blocked, id=7276, stack(0x0000006b1eb00000,0x0000006b1ec00000)]
  0x000001de4dcb6000 JavaThread "C2 CompilerThread2" daemon [_thread_blocked, id=13024, stack(0x0000006b1ea00000,0x0000006b1eb00000)]
  0x000001de4de38800 JavaThread "C2 CompilerThread1" daemon [_thread_blocked, id=15372, stack(0x0000006b1e900000,0x0000006b1ea00000)]
  0x000001de4de37800 JavaThread "C2 CompilerThread0" daemon [_thread_blocked, id=10972, stack(0x0000006b1e700000,0x0000006b1e800000)]
  0x000001de4dcb4800 JavaThread "*** Profiler Agent Special Execution Thread 10" daemon [_thread_blocked, id=6072, stack(0x0000006b1e800000,0x0000006b1e900000)]
  0x000001de4dbf2800 JavaThread "*** Profiler Agent Special Execution Thread 6" daemon [_thread_blocked, id=18648, stack(0x0000006b1e600000,0x0000006b1e700000)]
  0x000001de4dbf0800 JavaThread "*** JFluid Monitor thread ***" daemon [_thread_blocked, id=16160, stack(0x0000006b1e500000,0x0000006b1e600000)]
=>0x000001de4db7e800 JavaThread "*** Profiler Agent Communication Thread" daemon [_thread_in_vm, id=5720, stack(0x0000006b1e400000,0x0000006b1e500000)]
  0x000001de4c3b4000 JavaThread "Attach Listener" daemon [_thread_blocked, id=4544, stack(0x0000006b1e300000,0x0000006b1e400000)]
  0x000001de4c3af800 JavaThread "Signal Dispatcher" daemon [_thread_blocked, id=16648, stack(0x0000006b1e200000,0x0000006b1e300000)]
  0x000001de4c383000 JavaThread "Finalizer" daemon [_thread_blocked, id=12440, stack(0x0000006b1e100000,0x0000006b1e200000)]
  0x000001de4c37f000 JavaThread "Reference Handler" daemon [_thread_blocked, id=4540, stack(0x0000006b1e000000,0x0000006b1e100000)]
  0x000001de30c2c800 JavaThread "main" [_thread_blocked, id=19256, stack(0x0000006b1d600000,0x0000006b1d700000)]

Other Threads:
  0x000001de4c350800 VMThread [stack: 0x0000006b1df00000,0x0000006b1e000000] [id=7532]
  0x000001de4dcb7800 WatcherThread [stack: 0x0000006b1ed00000,0x0000006b1ee00000] [id=1540]

VM state:synchronizing (normal execution)

VM Mutex/Monitor currently owned by a thread:  ([mutex/lock_event])
[0x000001de30c29d20] Threads_lock - owner thread: 0x000001de4c350800

heap address: 0x00000006c1e00000, size: 4066 MB, Compressed Oops mode: Zero based, Oop shift amount: 3
Narrow klass base: 0x0000000000000000, Narrow klass shift: 3
Compressed class space size: 1073741824 Address: 0x00000007c0000000

Heap:
 PSYoungGen      total 76288K, used 27314K [0x000000076b500000, 0x0000000770a00000, 0x00000007c0000000)
  eden space 65536K, 41% used [0x000000076b500000,0x000000076cfacb90,0x000000076f500000)
  from space 10752K, 0% used [0x000000076ff80000,0x000000076ff80000,0x0000000770a00000)
  to   space 10752K, 0% used [0x000000076f500000,0x000000076f500000,0x000000076ff80000)
 ParOldGen       total 175104K, used 0K [0x00000006c1e00000, 0x00000006cc900000, 0x000000076b500000)
  object space 175104K, 0% used [0x00000006c1e00000,0x00000006c1e00000,0x00000006cc900000)
 Metaspace       used 15386K, capacity 15604K, committed 15872K, reserved 1062912K
  class space    used 1918K, capacity 2009K, committed 2048K, reserved 1048576K

Card table byte_map: [0x000001de419b0000,0x000001de421b0000] byte_map_base: 0x000001de3e3a1000

Marking Bits: (ParMarkBitMap*) 0x0000000064fc1f50
 Begin Bits: [0x000001de42700000, 0x000001de46688000)
 End Bits:   [0x000001de46688000, 0x000001de4a610000)

Polling page: 0x000001de32540000

CodeCache: size=245760Kb used=2766Kb max_used=2769Kb free=242993Kb
 bounds [0x000001de325f0000, 0x000001de328b0000, 0x000001de415f0000]
 total_blobs=1254 nmethods=717 adapters=451
 compilation: enabled

Compilation events (10 events):
Event: 2.164 Thread 0x000001de4dcb7000  713       3       sun.awt.SunHints$Key::getIndex (5 bytes)
Event: 2.164 Thread 0x000001de4dcb7000 nmethod 713 0x000001de328a5010 code [0x000001de328a5160, 0x000001de328a5358]
Event: 2.198 Thread 0x000001de4dcb7000  714  s    3       sun.font.FontManagerFactory::getInstance (25 bytes)
Event: 2.199 Thread 0x000001de4dcb7000 nmethod 714 0x000001de328a48d0 code [0x000001de328a4a60, 0x000001de328a4ef0]
Event: 2.230 Thread 0x000001de4dcb7000  715       3       java.io.Bits::getInt (43 bytes)
Event: 2.230 Thread 0x000001de4dcb7000 nmethod 715 0x000001de328a4450 code [0x000001de328a45c0, 0x000001de328a4798]
Event: 2.230 Thread 0x000001de4dcb7000  717       3       java.io.ObjectInputStream$BlockDataInputStream::readInt (73 bytes)
Event: 2.230 Thread 0x000001de4dcb7000 nmethod 717 0x000001de328a3e10 code [0x000001de328a3fa0, 0x000001de328a4310]
Event: 2.230 Thread 0x000001de4dcb7000  716       3       java.io.ObjectInputStream::readInt (8 bytes)
Event: 2.230 Thread 0x000001de4dcb7000 nmethod 716 0x000001de328a3a50 code [0x000001de328a3bc0, 0x000001de328a3d50]

GC Heap History (0 events):
No events

Deoptimization events (10 events):
Event: 1.653 Thread 0x000001de4ebd2000 Uncommon trap: reason=unstable_if action=reinterpret pc=0x000001de3279b9a8 method=java.lang.AbstractStringBuilder.append(Ljava/lang/String;)Ljava/lang/AbstractStringBuilder; @ 1
Event: 1.837 Thread 0x000001de4e84a000 Uncommon trap: reason=class_check action=maybe_recompile pc=0x000001de32849c14 method=java.util.HashMap.putVal(ILjava/lang/Object;Ljava/lang/Object;ZZ)Ljava/lang/Object; @ 203
Event: 1.837 Thread 0x000001de4e84a000 Uncommon trap: reason=bimorphic action=maybe_recompile pc=0x000001de32849bdc method=java.util.HashMap.putVal(ILjava/lang/Object;Ljava/lang/Object;ZZ)Ljava/lang/Object; @ 91
Event: 1.837 Thread 0x000001de4e84a000 Uncommon trap: reason=class_check action=maybe_recompile pc=0x000001de32849c14 method=java.util.HashMap.putVal(ILjava/lang/Object;Ljava/lang/Object;ZZ)Ljava/lang/Object; @ 203
Event: 1.837 Thread 0x000001de4e84a000 Uncommon trap: reason=class_check action=maybe_recompile pc=0x000001de32849c14 method=java.util.HashMap.putVal(ILjava/lang/Object;Ljava/lang/Object;ZZ)Ljava/lang/Object; @ 203
Event: 1.837 Thread 0x000001de4e84a000 Uncommon trap: reason=bimorphic action=maybe_recompile pc=0x000001de32849bdc method=java.util.HashMap.putVal(ILjava/lang/Object;Ljava/lang/Object;ZZ)Ljava/lang/Object; @ 91
Event: 1.922 Thread 0x000001de4ebd2000 Uncommon trap: reason=class_check action=maybe_recompile pc=0x000001de3271d17c method=java.lang.String.equals(Ljava/lang/Object;)Z @ 8
Event: 1.922 Thread 0x000001de4ebd2000 Uncommon trap: reason=class_check action=maybe_recompile pc=0x000001de3271d17c method=java.lang.String.equals(Ljava/lang/Object;)Z @ 8
Event: 1.922 Thread 0x000001de4ebd2000 Uncommon trap: reason=class_check action=maybe_recompile pc=0x000001de3271d17c method=java.lang.String.equals(Ljava/lang/Object;)Z @ 8
Event: 1.926 Thread 0x000001de4ebd2000 Uncommon trap: reason=class_check action=maybe_recompile pc=0x000001de3271d17c method=java.lang.String.equals(Ljava/lang/Object;)Z @ 8

Classes redefined (0 events):
No events

Internal exceptions (10 events):
Event: 0.591 Thread 0x000001de30c2c800 Exception <a 'java/lang/ArrayIndexOutOfBoundsException': 22> (0x000000076baac510) thrown at [C:\cygwin64\tmp\openjdk-jdk8u-windows-x64-hotspot\workspace\build\src\hotspot\src\share\vm\interpreter\interpreterRuntime.cpp, line 368]
Event: 0.591 Thread 0x000001de30c2c800 Exception <a 'java/lang/ArrayIndexOutOfBoundsException': 160> (0x000000076baae0f8) thrown at [C:\cygwin64\tmp\openjdk-jdk8u-windows-x64-hotspot\workspace\build\src\hotspot\src\share\vm\interpreter\interpreterRuntime.cpp, line 368]
Event: 0.592 Thread 0x000001de30c2c800 Exception <a 'java/lang/ArrayIndexOutOfBoundsException': 22> (0x000000076bab0320) thrown at [C:\cygwin64\tmp\openjdk-jdk8u-windows-x64-hotspot\workspace\build\src\hotspot\src\share\vm\interpreter\interpreterRuntime.cpp, line 368]
Event: 0.592 Thread 0x000001de30c2c800 Exception <a 'java/lang/ArrayIndexOutOfBoundsException': 22> (0x000000076bab1a80) thrown at [C:\cygwin64\tmp\openjdk-jdk8u-windows-x64-hotspot\workspace\build\src\hotspot\src\share\vm\interpreter\interpreterRuntime.cpp, line 368]
Event: 0.592 Thread 0x000001de30c2c800 Exception <a 'java/lang/ArrayIndexOutOfBoundsException': 22> (0x000000076bab41e0) thrown at [C:\cygwin64\tmp\openjdk-jdk8u-windows-x64-hotspot\workspace\build\src\hotspot\src\share\vm\interpreter\interpreterRuntime.cpp, line 368]
Event: 1.568 Thread 0x000001de30c2c800 Exception <a 'java/io/FileNotFoundException'> (0x000000076c2df860) thrown at [C:\cygwin64\tmp\openjdk-jdk8u-windows-x64-hotspot\workspace\build\src\hotspot\src\share\vm\prims\jni.cpp, line 710]
Event: 1.580 Thread 0x000001de30c2c800 Exception <a 'java/lang/ClassNotFoundException': sun/dc/DuctusRenderingEngine> (0x000000076c2f62c8) thrown at [C:\cygwin64\tmp\openjdk-jdk8u-windows-x64-hotspot\workspace\build\src\hotspot\src\share\vm\classfile\systemDictionary.cpp, line 210]
Event: 1.625 Thread 0x000001de4ebd2000 Exception <a 'java/io/FileNotFoundException'> (0x000000076c5aea70) thrown at [C:\cygwin64\tmp\openjdk-jdk8u-windows-x64-hotspot\workspace\build\src\hotspot\src\share\vm\prims\jni.cpp, line 710]
Event: 1.653 Thread 0x000001de4ebd2000 Implicit null exception at 0x000001de3279b5d6 to 0x000001de3279b991
Event: 1.661 Thread 0x000001de4ebd2000 Exception <a 'java/lang/NoClassDefFoundError'> (0x000000076c63dca8) thrown at [C:\cygwin64\tmp\openjdk-jdk8u-windows-x64-hotspot\workspace\build\src\hotspot\src\share\vm\prims\jvm.cpp, line 1506]

Events (10 events):
Event: 2.218 Executing VM operation: GetAllStackTraces
Event: 2.219 Executing VM operation: GetAllStackTraces done
Event: 2.227 loading class org/netbeans/lib/profiler/wireprotocol/EventBufferDumpedCommand
Event: 2.227 loading class org/netbeans/lib/profiler/wireprotocol/EventBufferDumpedCommand done
Event: 2.228 loading class org/netbeans/lib/profiler/wireprotocol/DumpResultsResponse
Event: 2.228 loading class org/netbeans/lib/profiler/wireprotocol/DumpResultsResponse done
Event: 2.229 loading class org/netbeans/lib/profiler/wireprotocol/GetMethodNamesForJMethodIdsCommand
Event: 2.229 loading class org/netbeans/lib/profiler/wireprotocol/GetMethodNamesForJMethodIdsCommand done
Event: 2.229 Executing VM operation: GetAllStackTraces
Event: 2.230 Executing VM operation: GetAllStackTraces done


Dynamic libraries:
0x00007ff6aa090000 - 0x00007ff6aa0ca000 	C:\jmonkeyplatform\jdk\bin\java.exe
0x00007ff9783e0000 - 0x00007ff9785c1000 	C:\Windows\SYSTEM32\ntdll.dll
0x00007ff976140000 - 0x00007ff9761f1000 	C:\Windows\System32\KERNEL32.DLL
0x00007ff974a90000 - 0x00007ff974d03000 	C:\Windows\System32\KERNELBASE.dll
0x00007ff975a70000 - 0x00007ff975b11000 	C:\Windows\System32\ADVAPI32.dll
0x00007ff975870000 - 0x00007ff97590e000 	C:\Windows\System32\msvcrt.dll
0x00007ff975f60000 - 0x00007ff975fbb000 	C:\Windows\System32\sechost.dll
0x00007ff975b20000 - 0x00007ff975c44000 	C:\Windows\System32\RPCRT4.dll
0x00007ff976c40000 - 0x00007ff976dd0000 	C:\Windows\System32\USER32.dll
0x00007ff9756b0000 - 0x00007ff9756d0000 	C:\Windows\System32\win32u.dll
0x00007ff976f20000 - 0x00007ff976f48000 	C:\Windows\System32\GDI32.dll
0x00007ff9756d0000 - 0x00007ff975863000 	C:\Windows\System32\gdi32full.dll
0x00007ff974d10000 - 0x00007ff974daf000 	C:\Windows\System32\msvcp_win.dll
0x00007ff9747a0000 - 0x00007ff974898000 	C:\Windows\System32\ucrtbase.dll
0x00007ff954d70000 - 0x00007ff954fd9000 	C:\Windows\WinSxS\amd64_microsoft.windows.common-controls_6595b64144ccf1df_6.0.17134.1610_none_d3fd41197c928db6\COMCTL32.dll
0x00007ff976200000 - 0x00007ff976520000 	C:\Windows\System32\combase.dll
0x00007ff9755e0000 - 0x00007ff975659000 	C:\Windows\System32\bcryptPrimitives.dll
0x00007ff975a40000 - 0x00007ff975a6d000 	C:\Windows\System32\IMM32.DLL
0x000001de32560000 - 0x000001de32572000 	C:\Windows\System32\umppc13408.dll
0x00007ff950ff0000 - 0x00007ff9510df000 	C:\jmonkeyplatform\jdk\jre\bin\msvcr120.dll
0x00007ff954000000 - 0x00007ff9540a6000 	C:\jmonkeyplatform\jdk\jre\bin\msvcp120.dll
0x0000000064840000 - 0x000000006503b000 	C:\jmonkeyplatform\jdk\jre\bin\server\jvm.dll
0x00007ff976780000 - 0x00007ff976788000 	C:\Windows\System32\PSAPI.DLL
0x00007ff959040000 - 0x00007ff959049000 	C:\Windows\SYSTEM32\WSOCK32.dll
0x00007ff976520000 - 0x00007ff97658c000 	C:\Windows\System32\WS2_32.dll
0x00007ff970d40000 - 0x00007ff970d63000 	C:\Windows\SYSTEM32\WINMM.dll
0x00007ff9744f0000 - 0x00007ff9744fa000 	C:\Windows\SYSTEM32\VERSION.dll
0x00007ff970d10000 - 0x00007ff970d3a000 	C:\Windows\SYSTEM32\WINMMBASE.dll
0x00007ff975660000 - 0x00007ff9756a9000 	C:\Windows\System32\cfgmgr32.dll
0x00007ff96dee0000 - 0x00007ff96deef000 	C:\jmonkeyplatform\jdk\jre\bin\verify.dll
0x00007ff9547e0000 - 0x00007ff954808000 	C:\jmonkeyplatform\jdk\jre\bin\java.dll
0x00007ff95c520000 - 0x00007ff95c52f000 	C:\Users\cristian.villalba\AppData\Roaming\.jmonkeyplatform\v3.2.4-stable-sdk1\lib\deployed\jdk16\windows-amd64\profilerinterface.dll
0x00007ff95c500000 - 0x00007ff95c516000 	C:\jmonkeyplatform\jdk\jre\bin\zip.dll
0x00007ff976f60000 - 0x00007ff9783a5000 	C:\Windows\System32\SHELL32.dll
0x00007ff976e70000 - 0x00007ff976f19000 	C:\Windows\System32\shcore.dll
0x00007ff974ec0000 - 0x00007ff9755d5000 	C:\Windows\System32\windows.storage.dll
0x00007ff976590000 - 0x00007ff9765e1000 	C:\Windows\System32\shlwapi.dll
0x00007ff974730000 - 0x00007ff974741000 	C:\Windows\System32\kernel.appcore.dll
0x00007ff974780000 - 0x00007ff97479f000 	C:\Windows\System32\profapi.dll
0x00007ff9746e0000 - 0x00007ff97472c000 	C:\Windows\System32\powrprof.dll
0x00007ff974770000 - 0x00007ff97477a000 	C:\Windows\System32\FLTLIB.DLL
0x00007ff9547c0000 - 0x00007ff9547da000 	C:\jmonkeyplatform\jdk\jre\bin\net.dll
0x00007ff95efa0000 - 0x00007ff95f16c000 	C:\Windows\SYSTEM32\urlmon.dll
0x00007ff962e70000 - 0x00007ff963117000 	C:\Windows\SYSTEM32\iertutil.dll
0x00007ff973fc0000 - 0x00007ff973fcb000 	C:\Windows\SYSTEM32\CRYPTBASE.DLL
0x00007ff973e60000 - 0x00007ff973ec6000 	C:\Windows\system32\mswsock.dll
0x00007ff95c4e0000 - 0x00007ff95c4ed000 	C:\jmonkeyplatform\jdk\jre\bin\management.dll
0x00007ff9547a0000 - 0x00007ff9547b2000 	C:\jmonkeyplatform\jdk\jre\bin\nio.dll
0x00007ff974070000 - 0x00007ff974087000 	C:\Windows\SYSTEM32\CRYPTSP.dll
0x00007ff973a20000 - 0x00007ff973a53000 	C:\Windows\system32\rsaenh.dll
0x00007ff974190000 - 0x00007ff9741b5000 	C:\Windows\SYSTEM32\bcrypt.dll
0x00007ff974610000 - 0x00007ff974638000 	C:\Windows\SYSTEM32\USERENV.dll
0x00007ff973bc0000 - 0x00007ff973bf8000 	C:\Windows\SYSTEM32\IPHLPAPI.DLL
0x00007ff975db0000 - 0x00007ff975db8000 	C:\Windows\System32\NSI.dll
0x00007ff96fb10000 - 0x00007ff96fb26000 	C:\Windows\SYSTEM32\dhcpcsvc6.DLL
0x00007ff96faf0000 - 0x00007ff96fb0a000 	C:\Windows\SYSTEM32\dhcpcsvc.DLL
0x00007ff92cc20000 - 0x00007ff92cdb5000 	C:\jmonkeyplatform\jdk\jre\bin\awt.dll
0x00007ff975970000 - 0x00007ff975a32000 	C:\Windows\System32\OLEAUT32.dll
0x00007ff972400000 - 0x00007ff97248b000 	C:\Windows\SYSTEM32\apphelp.dll
0x00007ff972930000 - 0x00007ff9729c8000 	C:\Windows\system32\uxtheme.dll
0x00007ff975fc0000 - 0x00007ff976134000 	C:\Windows\System32\MSCTF.dll
0x00007ff972a10000 - 0x00007ff972a39000 	C:\Windows\system32\dwmapi.dll
0x00007ff975c50000 - 0x00007ff975da1000 	C:\Windows\System32\ole32.dll
0x00007ff95bb60000 - 0x00007ff95bc80000 	C:\Windows\system32\opengl32.dll
0x00007ff95b9d0000 - 0x00007ff95b9fc000 	C:\Windows\SYSTEM32\GLU32.dll
0x00007ff950be0000 - 0x00007ff950c73000 	C:\jmonkeyplatform\jdk\jre\bin\freetype.dll
0x00007ff942820000 - 0x00007ff9428dc000 	C:\jmonkeyplatform\jdk\jre\bin\fontmanager.dll
0x00007ff959f60000 - 0x00007ff959ff6000 	C:\Windows\System32\TextInputFramework.dll
0x00007ff96ec40000 - 0x00007ff96ef5e000 	C:\Windows\System32\CoreUIComponents.dll
0x00007ff972090000 - 0x00007ff97216a000 	C:\Windows\System32\CoreMessaging.dll
0x00007ff9736e0000 - 0x00007ff973711000 	C:\Windows\SYSTEM32\ntmarta.dll
0x00007ff96fde0000 - 0x00007ff96ff2d000 	C:\Windows\SYSTEM32\wintypes.dll
0x00007ff973050000 - 0x00007ff973219000 	C:\Windows\SYSTEM32\dbghelp.dll

VM Arguments:
jvm_args: -Dfile.encoding=UTF-8 -agentpath:C:/Users/cristian.villalba/AppData/Roaming/.jmonkeyplatform/v3.2.4-stable-sdk1/lib/deployed/jdk16/windows-amd64/profilerinterface.dll=C:\Users\cristian.villalba\AppData\Roaming\.jmonkeyplatform\v3.2.4-stable-sdk1\lib,5140,10 -XX:+HeapDumpOnOutOfMemoryError -XX:HeapDumpPath=C:\jmonkeyp\ETA\nbproject\private\profiler 
java_command: eta.Main
java_class_path (initial): C:\jmonkeyplatform\jmonkeyplatform\libs\jme3-jogg-3.2.4-stable.jar;C:\jmonkeyplatform\jmonkeyplatform\libs\j-ogg-all-1.0.0.jar;C:\jmonkeyplatform\jmonkeyplatform\libs\jme3-networking-3.2.4-stable.jar;C:\jmonkeyplatform\jmonkeyplatform\libs\jme3-plugins-3.2.4-stable.jar;C:\jmonkeyplatform\jmonkeyplatform\libs\gson-2.8.1.jar;C:\jmonkeyplatform\jmonkeyplatform\libs\jme3-core-3.2.4-stable.jar;C:\jmonkeyplatform\jmonkeyplatform\libs\jme3-desktop-3.2.4-stable.jar;C:\jmonkeyplatform\jmonkeyplatform\libs\jme3-lwjgl-3.2.4-stable.jar;C:\jmonkeyplatform\jmonkeyplatform\libs\lwjgl-2.9.3.jar;C:\jmonkeyplatform\jmonkeyplatform\libs\jinput-2.0.5.jar;C:\jmonkeyplatform\jmonkeyplatform\libs\jinput-platform-2.0.5-natives-linux.jar;C:\jmonkeyplatform\jmonkeyplatform\libs\jinput-platform-2.0.5-natives-windows.jar;C:\jmonkeyplatform\jmonkeyplatform\libs\jinput-platform-2.0.5-natives-osx.jar;C:\jmonkeyplatform\jmonkeyplatform\libs\jutils-1.0.0.jar;C:\jmonkeyplatform\jmonkeyplatform\libs\lwjgl-platform-2.9.3-natives-windows.jar;C:\jmonkeyplatform\jmonkeyplatform\libs\lwjgl-platform-2.9.3-natives-linux.jar;C:\jmonkeyplatform\jmonkeyplatform\libs\lwjgl-platform-2.9.3-natives-osx.jar;C:\jmonkeyplatform\jmonkeyplatform\libs\jme3-effects-3.2.4-stable.jar;C:\jmonkeyplatform\jmonkeyplatform\libs\jme3-terrain-3.2.4-stable.jar;C:\jmonkeyplatform\jmonkeyplatform\libs\jme3-bullet-3.2.4-stable.jar;C:\jmonkeyplatform\jmonkeyplatform\libs\jme3-bullet-native-3.2.4-stable.jar;C:\jmonkeyp\ETA\libs\LemurProto.jar;C:\jmonkeyp\ETA\libs\groovy-all-2.4.19.jar;C:\jmonkeyp\ETA\libs\guava-26.0-jre.jar;C:\jmonkeyp\ETA\libs\lemur-1.13.0.jar;C:\jmonkeyp\ETA\libs\slf4j-api-1.7.9.jar;C:\jmonkeyp\ETA\build\classes;C:\jmonkeyp\ETA\assets
Launcher Type: SUN_STANDARD

Environment Variables:
PATH=C:\Program Files (x86)\Common Files\Oracle\Java\javapath;C:\Windows\system32;C:\Windows;C:\Windows\System32\Wbem;C:\Windows\System32\WindowsPowerShell\v1.0\;C:\Windows\System32\OpenSSH\;C:\Program Files (x86)\Intel\Intel(R) Management Engine Components\DAL;C:\Program Files\Intel\Intel(R) Management Engine Components\DAL;C:\Program Files\dotnet\;C:\Program Files\Microsoft SQL Server\130\Tools\Binn\;C:\Users\cristian.villalba\AppData\Roaming\nvm;C:\Program Files\nodejs;c:\wspan\swgw;C:\Program Files\Intel\WiFi\bin\;C:\Program Files\Common Files\Intel\WirelessCommon\;C:\Users\cristian.villalba\AppData\Roaming\Python\Python37\Scripts;C:\ProgramData\chocolatey\bin;C:\Program Files\Git\cmd;C:\Program Files\Microsoft SQL Server\Client SDK\ODBC\170\Tools\Binn\;C:\Program Files\Microsoft SQL Server\Client SDK\ODBC\110\Tools\Binn\;c:\ffmpeg\bin\;C:\Program Files (x86)\Windows Kits\10\Windows Performance Toolkit\;C:\Program Files (x86)\Windows Live\Shared;C:\Program Files (x86)\Microchip\MPLAB IDE\VDI;C:\Program Files\CMake\bin;C:\PowerShell;C:\Program Files (x86)\Microsoft SQL Server\150\DTS\Binn\;C:\Program Files\Azure Data Studio\bin;C:\Users\cristian.villalba\scoop\shims;C:\Ruby27-x64\bin;C:\Users\cristian.villalba\AppData\Local\Microsoft\WindowsApps;C:\Users\cristian.villalba\AppData\Roaming\nvm;C:\Program Files\nodejs;C:\Users\cristian.villalba\AppData\Local\Programs\Microsoft VS Code\bin;C:\Users\cristian.villalba\.dotnet\tools;C:\Panda3D-1.10.7-x64\python;C:\Panda3D-1.10.7-x64\python\Scripts;C:\Panda3D-1.10.7-x64\bin;C:\Program Files\Azure Data Studio\bin;C:\fp\swdir
USERNAME=Cristian.Villalba
OS=Windows_NT
PROCESSOR_IDENTIFIER=Intel64 Family 6 Model 142 Stepping 10, GenuineIntel



---------------  S Y S T E M  ---------------

OS: Windows 10.0 , 64 bit Build 17134 (10.0.17134.1425)

CPU:total 8 (initial active 8) (4 cores per cpu, 2 threads per core) family 6 model 142 stepping 10, cmov, cx8, fxsr, mmx, sse, sse2, sse3, ssse3, sse4.1, sse4.2, popcnt, avx, avx2, aes, clmul, erms, rtm, 3dnowpref, lzcnt, ht, tsc, tscinvbit, bmi1, bmi2, adx

Memory: 4k page, physical 16653484k(11554488k free), swap 26663200k(15574060k free)

vm_info: OpenJDK 64-Bit Server VM (25.212-b04) for windows-amd64 JRE (1.8.0_212-b04), built on Jun  3 2019 21:11:11 by "jenkins" with MS VC++ 12.0 (VS2013)

time: Thu Apr 22 11:28:18 2021
timezone: Argentina Standard Time
elapsed time: 2 seconds (0d 0h 0m 2s)

