#
# A fatal error has been detected by the Java Runtime Environment:
#
#  EXCEPTION_ACCESS_VIOLATION (0xc0000005) at pc=0x00007ff901a56feb, pid=22524, tid=0x000000000000316c
#
# JRE version: OpenJDK Runtime Environment (8.0_212-b04) (build 1.8.0_212-b04)
# Java VM: OpenJDK 64-Bit Server VM (25.212-b04 mixed mode windows-amd64 compressed oops)
# Problematic frame:
# C  [ig9icd64.dll+0x566feb]
#
# Failed to write core dump. Minidumps are not enabled by default on client versions of Windows
#
# If you would like to submit a bug report, please visit:
#   
# The crash happened outside the Java Virtual Machine in native code.
# See problematic frame for where to report the bug.
#

---------------  T H R E A D  ---------------

Current thread (0x000001fa7e410800):  JavaThread "jME3 Main" [_thread_in_native, id=12652, stack(0x0000004626c00000,0x0000004626d00000)]

siginfo: ExceptionCode=0xc0000005, reading address 0x00000000000000f0

Registers:
RAX=0x00000000000000d0, RBX=0x0000004626cfe720, RCX=0x0000000000000000, RDX=0x000001fa7e6ce2f0
RSP=0x0000004626cfe4f0, RBP=0x00000000000000d0, RSI=0x0000000000000000, RDI=0x000001fa7e4ffb80
R8 =0x0000000000000001, R9 =0x0000800000000000, R10=0x00000000ffffefff, R11=0x00000000ffffefff
R12=0x0000fffffffff000, R13=0xffff000000000fff, R14=0x000001fa7e6ce2f0, R15=0x0000000000000000
RIP=0x00007ff901a56feb, EFLAGS=0x0000000000010202

Top of Stack: (sp=0x0000004626cfe4f0)
0x0000004626cfe4f0:   0000b80201020000 000001fa7e4ffb80
0x0000004626cfe500:   000001fa7e6ce2f0 00007ff901505532
0x0000004626cfe510:   0000004626cfe720 00007ff901505495
0x0000004626cfe520:   0000000000000000 000001fa7e5381f0
0x0000004626cfe530:   000001fa7e534b90 000001fa7e4ffb80
0x0000004626cfe540:   0010020000000000 0000004626cfe609
0x0000004626cfe550:   0000004626cfe720 00007ff901abe7d8
0x0000004626cfe560:   000001fa7e4db400 000001fa7e5346f0
0x0000004626cfe570:   0000004626cfe609 0000000000000000
0x0000004626cfe580:   0000004600000002 000001fa7e6ce2f0
0x0000004626cfe590:   0000000000000000 0000000000000000
0x0000004626cfe5a0:   ffffb80201020000 0000020000000000
0x0000004626cfe5b0:   0000000000000000 000001fa7e5346e8
0x0000004626cfe5c0:   0000004161010011 0002000000008000
0x0000004626cfe5d0:   0000000000000041 0000b80201020041
0x0000004626cfe5e0:   0000b80201020021 0000800100000021 

Instructions: (pc=0x00007ff901a56feb)
0x00007ff901a56fcb:   48 48 85 c0 75 ef 80 bd 20 04 00 00 00 74 26 8b
0x00007ff901a56fdb:   c1 83 e0 0f 48 c1 e0 06 48 03 c5 48 85 c0 74 15
0x00007ff901a56feb:   48 8b 40 20 48 83 f8 fd 0f 86 a6 02 00 00 0f 1f
0x00007ff901a56ffb:   80 00 00 00 00 48 8b 96 20 05 00 00 48 85 d2 78 


Register to memory mapping:

RAX=0x00000000000000d0 is an unknown value
RBX=0x0000004626cfe720 is pointing into the stack for thread: 0x000001fa7e410800
RCX=0x0000000000000000 is an unknown value
RDX=0x000001fa7e6ce2f0 is an unknown value
RSP=0x0000004626cfe4f0 is pointing into the stack for thread: 0x000001fa7e410800
RBP=0x00000000000000d0 is an unknown value
RSI=0x0000000000000000 is an unknown value
RDI=0x000001fa7e4ffb80 is an unknown value
R8 =0x0000000000000001 is an unknown value
R9 =0x0000800000000000 is an unknown value
R10=0x00000000ffffefff is an unknown value
R11=0x00000000ffffefff is an unknown value
R12=0x0000fffffffff000 is an unknown value
R13=0xffff000000000fff is an unknown value
R14=0x000001fa7e6ce2f0 is an unknown value
R15=0x0000000000000000 is an unknown value


Stack: [0x0000004626c00000,0x0000004626d00000],  sp=0x0000004626cfe4f0,  free space=1017k
Native frames: (J=compiled Java code, j=interpreted, Vv=VM code, C=native code)
C  [ig9icd64.dll+0x566feb]
C  [ig9icd64.dll+0x5ce7d8]
C  [ig9icd64.dll+0x5d2230]
C  [ig9icd64.dll+0x643f45]
C  [ig9icd64.dll+0x643fa3]
C  [ig9icd64.dll+0x563577]
C  [ig9icd64.dll+0x8886df]
C  [ig9icd64.dll+0x9d3667]
C  [ig9icd64.dll+0x64251b]
C  [ig9icd64.dll+0x6b6476]
C  [ig9icd64.dll+0x6b78e8]
C  [ig9icd64.dll+0x972da0]
C  0x000001fa00ac532b

Java frames: (J=compiled Java code, j=interpreted, Vv=VM code)
J 3105  org.lwjgl.opengl.GL15.nglBufferData(IJJIJ)V (0 bytes) @ 0x000001fa00ac5296 [0x000001fa00ac5240+0x56]
J 3392 C2 com.jme3.renderer.opengl.GLRenderer.updateBufferData(Lcom/jme3/scene/VertexBuffer;)V (312 bytes) @ 0x000001fa00bc35b0 [0x000001fa00bc2a40+0xb70]
J 3494 C2 com.jme3.renderer.opengl.GLRenderer.drawTriangleList(Lcom/jme3/scene/VertexBuffer;Lcom/jme3/scene/Mesh;I)V (500 bytes) @ 0x000001fa00c48d88 [0x000001fa00c48ca0+0xe8]
J 3393 C2 com.jme3.renderer.opengl.GLRenderer.renderMeshDefault(Lcom/jme3/scene/Mesh;II[Lcom/jme3/scene/VertexBuffer;)V (242 bytes) @ 0x000001fa00bc1368 [0x000001fa00bc1120+0x248]
J 3426 C2 com.jme3.renderer.RenderManager.renderGeometry(Lcom/jme3/scene/Geometry;)V (241 bytes) @ 0x000001fa00c29434 [0x000001fa00c26540+0x2ef4]
J 3993 C2 com.jme3.renderer.RenderManager.renderViewPort(Lcom/jme3/renderer/ViewPort;F)V (620 bytes) @ 0x000001fa002048b8 [0x000001fa00203ea0+0xa18]
J 4065 C2 com.jme3.system.lwjgl.LwjglDisplay.runLoop()V (108 bytes) @ 0x000001fa00ddaff4 [0x000001fa00dd9aa0+0x1554]
j  com.jme3.system.lwjgl.LwjglAbstractDisplay.run()V+136
j  java.lang.Thread.run()V+11
v  ~StubRoutines::call_stub

---------------  P R O C E S S  ---------------

Java Threads: ( => current thread )
  0x000001fa1a58c000 JavaThread "LWJGL Timer" daemon [_thread_blocked, id=14980, stack(0x0000004626700000,0x0000004626800000)]
  0x000001fa17e98800 JavaThread "jME3 Audio Decoder" daemon [_thread_blocked, id=20160, stack(0x0000004627200000,0x0000004627300000)]
  0x000001fa6ff8d000 JavaThread "DestroyJavaVM" [_thread_blocked, id=23532, stack(0x0000004625200000,0x0000004625300000)]
=>0x000001fa7e410800 JavaThread "jME3 Main" [_thread_in_native, id=12652, stack(0x0000004626c00000,0x0000004626d00000)]
  0x000001fa7e1a9000 JavaThread "TimerQueue" daemon [_thread_blocked, id=11400, stack(0x0000004626b00000,0x0000004626c00000)]
  0x000001fa7e06b000 JavaThread "AWT-Windows" daemon [_thread_in_native, id=13400, stack(0x0000004626800000,0x0000004626900000)]
  0x000001fa7e067800 JavaThread "Java2D Disposer" daemon [_thread_blocked, id=9808, stack(0x0000004626600000,0x0000004626700000)]
  0x000001fa7da40800 JavaThread "Service Thread" daemon [_thread_blocked, id=16692, stack(0x0000004626400000,0x0000004626500000)]
  0x000001fa7c6b3800 JavaThread "C1 CompilerThread3" daemon [_thread_blocked, id=21192, stack(0x0000004626300000,0x0000004626400000)]
  0x000001fa7c69e800 JavaThread "C2 CompilerThread2" daemon [_thread_blocked, id=3676, stack(0x0000004626200000,0x0000004626300000)]
  0x000001fa7c695800 JavaThread "C2 CompilerThread1" daemon [_thread_blocked, id=11628, stack(0x0000004626100000,0x0000004626200000)]
  0x000001fa7c68c000 JavaThread "C2 CompilerThread0" daemon [_thread_blocked, id=12708, stack(0x0000004626000000,0x0000004626100000)]
  0x000001fa7c68a000 JavaThread "Attach Listener" daemon [_thread_blocked, id=7076, stack(0x0000004625f00000,0x0000004626000000)]
  0x000001fa7c689000 JavaThread "Signal Dispatcher" daemon [_thread_blocked, id=20440, stack(0x0000004625e00000,0x0000004625f00000)]
  0x000001fa7c661800 JavaThread "Finalizer" daemon [_thread_blocked, id=22908, stack(0x0000004625d00000,0x0000004625e00000)]
  0x000001fa7c659800 JavaThread "Reference Handler" daemon [_thread_blocked, id=22492, stack(0x0000004625c00000,0x0000004625d00000)]

Other Threads:
  0x000001fa7c631800 VMThread [stack: 0x0000004625b00000,0x0000004625c00000] [id=8220]
  0x000001fa7c6fb800 WatcherThread [stack: 0x0000004626500000,0x0000004626600000] [id=15792]

VM state:not at safepoint (normal execution)

VM Mutex/Monitor currently owned by a thread: None

heap address: 0x00000006c1e00000, size: 4066 MB, Compressed Oops mode: Zero based, Oop shift amount: 3
Narrow klass base: 0x0000000000000000, Narrow klass shift: 3
Compressed class space size: 1073741824 Address: 0x00000007c0000000

Heap:
 PSYoungGen      total 1160704K, used 416998K [0x000000076b500000, 0x00000007bcb00000, 0x00000007c0000000)
  eden space 1000448K, 29% used [0x000000076b500000,0x000000077da198a8,0x00000007a8600000)
  from space 160256K, 72% used [0x00000007b2080000,0x00000007b92a0000,0x00000007bbd00000)
  to   space 158208K, 0% used [0x00000007a8600000,0x00000007a8600000,0x00000007b2080000)
 ParOldGen       total 340480K, used 232465K [0x00000006c1e00000, 0x00000006d6a80000, 0x000000076b500000)
  object space 340480K, 68% used [0x00000006c1e00000,0x00000006d01046d0,0x00000006d6a80000)
 Metaspace       used 27299K, capacity 27803K, committed 27904K, reserved 1075200K
  class space    used 2883K, capacity 3036K, committed 3072K, reserved 1048576K

Card table byte_map: [0x000001fa71d00000,0x000001fa72500000] byte_map_base: 0x000001fa6e6f1000

Marking Bits: (ParMarkBitMap*) 0x0000000064fc1f50
 Begin Bits: [0x000001fa72a50000, 0x000001fa769d8000)
 End Bits:   [0x000001fa769d8000, 0x000001fa7a960000)

Polling page: 0x000001fa70060000

CodeCache: size=245760Kb used=12818Kb max_used=14062Kb free=232941Kb
 bounds [0x000001fa00000000, 0x000001fa00e00000, 0x000001fa0f000000]
 total_blobs=4418 nmethods=3477 adapters=854
 compilation: enabled

Compilation events (10 events):
Event: 569.415 Thread 0x000001fa7c6b3800 4092       3       com.jme3.util.ListSort::innerMergeHigh (529 bytes)
Event: 569.446 Thread 0x000001fa7c6b3800 nmethod 4092 0x000001fa00a070d0 code [0x000001fa00a07320, 0x000001fa00a085f0]
Event: 620.196 Thread 0x000001fa7c68c000 4093       4       com.jme3.util.ListSort::allocateStack (104 bytes)
Event: 620.239 Thread 0x000001fa7c68c000 nmethod 4093 0x000001fa00589250 code [0x000001fa005893a0, 0x000001fa00589498]
Event: 644.569 Thread 0x000001fa7c6b3800 4094       3       com.jme3.util.ListSort::sort (182 bytes)
Event: 644.598 Thread 0x000001fa7c6b3800 nmethod 4094 0x000001fa00ac3e90 code [0x000001fa00ac4080, 0x000001fa00ac4790]
Event: 656.567 Thread 0x000001fa7c695800 4095       4       com.jme3.util.ListSort::innerMergeHigh (529 bytes)
Event: 656.639 Thread 0x000001fa7c695800 nmethod 4095 0x000001fa009dc610 code [0x000001fa009dc800, 0x000001fa009dde20]
Event: 687.194 Thread 0x000001fa7c68c000 4096       4       eta.Main::CheckAngles (337 bytes)
Event: 687.329 Thread 0x000001fa7c68c000 nmethod 4096 0x000001fa00b99a90 code [0x000001fa00b99d40, 0x000001fa00b9aaa0]

GC Heap History (10 events):
Event: 571.159 GC heap before
{Heap before GC invocations=68 (full 4):
 PSYoungGen      total 859136K, used 823648K [0x000000076b500000, 0x00000007afa00000, 0x00000007c0000000)
  eden space 700416K, 100% used [0x000000076b500000,0x0000000796100000,0x0000000796100000)
  from space 158720K, 77% used [0x0000000796100000,0x000000079d958000,0x000000079fc00000)
  to   space 161280K, 0% used [0x00000007a5c80000,0x00000007a5c80000,0x00000007afa00000)
 ParOldGen       total 340480K, used 172449K [0x00000006c1e00000, 0x00000006d6a80000, 0x000000076b500000)
  object space 340480K, 50% used [0x00000006c1e00000,0x00000006cc6686d0,0x00000006d6a80000)
 Metaspace       used 27299K, capacity 27803K, committed 27904K, reserved 1075200K
  class space    used 2883K, capacity 3036K, committed 3072K, reserved 1048576K
Event: 572.855 GC heap after
Heap after GC invocations=68 (full 4):
 PSYoungGen      total 957440K, used 120192K [0x000000076b500000, 0x00000007afb00000, 0x00000007c0000000)
  eden space 796160K, 0% used [0x000000076b500000,0x000000076b500000,0x000000079be80000)
  from space 161280K, 74% used [0x00000007a5c80000,0x00000007ad1e0000,0x00000007afa00000)
  to   space 161792K, 0% used [0x000000079be80000,0x000000079be80000,0x00000007a5c80000)
 ParOldGen       total 340480K, used 182409K [0x00000006c1e00000, 0x00000006d6a80000, 0x000000076b500000)
  object space 340480K, 53% used [0x00000006c1e00000,0x00000006cd0226d0,0x00000006d6a80000)
 Metaspace       used 27299K, capacity 27803K, committed 27904K, reserved 1075200K
  class space    used 2883K, capacity 3036K, committed 3072K, reserved 1048576K
}
Event: 596.294 GC heap before
{Heap before GC invocations=69 (full 4):
 PSYoungGen      total 957440K, used 916352K [0x000000076b500000, 0x00000007afb00000, 0x00000007c0000000)
  eden space 796160K, 100% used [0x000000076b500000,0x000000079be80000,0x000000079be80000)
  from space 161280K, 74% used [0x00000007a5c80000,0x00000007ad1e0000,0x00000007afa00000)
  to   space 161792K, 0% used [0x000000079be80000,0x000000079be80000,0x00000007a5c80000)
 ParOldGen       total 340480K, used 182409K [0x00000006c1e00000, 0x00000006d6a80000, 0x000000076b500000)
  object space 340480K, 53% used [0x00000006c1e00000,0x00000006cd0226d0,0x00000006d6a80000)
 Metaspace       used 27299K, capacity 27803K, committed 27904K, reserved 1075200K
  class space    used 2883K, capacity 3036K, committed 3072K, reserved 1048576K
Event: 596.644 GC heap after
Heap after GC invocations=69 (full 4):
 PSYoungGen      total 957952K, used 118368K [0x000000076b500000, 0x00000007b5e80000, 0x00000007c0000000)
  eden space 796160K, 0% used [0x000000076b500000,0x000000076b500000,0x000000079be80000)
  from space 161792K, 73% used [0x000000079be80000,0x00000007a3218000,0x00000007a5c80000)
  to   space 161280K, 0% used [0x00000007ac100000,0x00000007ac100000,0x00000007b5e80000)
 ParOldGen       total 340480K, used 196217K [0x00000006c1e00000, 0x00000006d6a80000, 0x000000076b500000)
  object space 340480K, 57% used [0x00000006c1e00000,0x00000006cdd9e6d0,0x00000006d6a80000)
 Metaspace       used 27299K, capacity 27803K, committed 27904K, reserved 1075200K
  class space    used 2883K, capacity 3036K, committed 3072K, reserved 1048576K
}
Event: 621.057 GC heap before
{Heap before GC invocations=70 (full 4):
 PSYoungGen      total 957952K, used 914528K [0x000000076b500000, 0x00000007b5e80000, 0x00000007c0000000)
  eden space 796160K, 100% used [0x000000076b500000,0x000000079be80000,0x000000079be80000)
  from space 161792K, 73% used [0x000000079be80000,0x00000007a3218000,0x00000007a5c80000)
  to   space 161280K, 0% used [0x00000007ac100000,0x00000007ac100000,0x00000007b5e80000)
 ParOldGen       total 340480K, used 196217K [0x00000006c1e00000, 0x00000006d6a80000, 0x000000076b500000)
  object space 340480K, 57% used [0x00000006c1e00000,0x00000006cdd9e6d0,0x00000006d6a80000)
 Metaspace       used 27299K, capacity 27803K, committed 27904K, reserved 1075200K
  class space    used 2883K, capacity 3036K, committed 3072K, reserved 1048576K
Event: 621.487 GC heap after
Heap after GC invocations=70 (full 4):
 PSYoungGen      total 1049600K, used 117888K [0x000000076b500000, 0x00000007b5800000, 0x00000007c0000000)
  eden space 894976K, 0% used [0x000000076b500000,0x000000076b500000,0x00000007a1f00000)
  from space 154624K, 76% used [0x00000007ac100000,0x00000007b3420000,0x00000007b5800000)
  to   space 160256K, 0% used [0x00000007a1f00000,0x00000007a1f00000,0x00000007abb80000)
 ParOldGen       total 340480K, used 205401K [0x00000006c1e00000, 0x00000006d6a80000, 0x000000076b500000)
  object space 340480K, 60% used [0x00000006c1e00000,0x00000006ce6966d0,0x00000006d6a80000)
 Metaspace       used 27299K, capacity 27803K, committed 27904K, reserved 1075200K
  class space    used 2883K, capacity 3036K, committed 3072K, reserved 1048576K
}
Event: 659.609 GC heap before
{Heap before GC invocations=71 (full 4):
 PSYoungGen      total 1049600K, used 1012864K [0x000000076b500000, 0x00000007b5800000, 0x00000007c0000000)
  eden space 894976K, 100% used [0x000000076b500000,0x00000007a1f00000,0x00000007a1f00000)
  from space 154624K, 76% used [0x00000007ac100000,0x00000007b3420000,0x00000007b5800000)
  to   space 160256K, 0% used [0x00000007a1f00000,0x00000007a1f00000,0x00000007abb80000)
 ParOldGen       total 340480K, used 205401K [0x00000006c1e00000, 0x00000006d6a80000, 0x000000076b500000)
  object space 340480K, 60% used [0x00000006c1e00000,0x00000006ce6966d0,0x00000006d6a80000)
 Metaspace       used 27299K, capacity 27803K, committed 27904K, reserved 1075200K
  class space    used 2883K, capacity 3036K, committed 3072K, reserved 1048576K
Event: 659.993 GC heap after
Heap after GC invocations=71 (full 4):
 PSYoungGen      total 1055232K, used 121056K [0x000000076b500000, 0x00000007bbd00000, 0x00000007c0000000)
  eden space 894976K, 0% used [0x000000076b500000,0x000000076b500000,0x00000007a1f00000)
  from space 160256K, 75% used [0x00000007a1f00000,0x00000007a9538000,0x00000007abb80000)
  to   space 160256K, 0% used [0x00000007b2080000,0x00000007b2080000,0x00000007bbd00000)
 ParOldGen       total 340480K, used 218009K [0x00000006c1e00000, 0x00000006d6a80000, 0x000000076b500000)
  object space 340480K, 64% used [0x00000006c1e00000,0x00000006cf2e66d0,0x00000006d6a80000)
 Metaspace       used 27299K, capacity 27803K, committed 27904K, reserved 1075200K
  class space    used 2883K, capacity 3036K, committed 3072K, reserved 1048576K
}
Event: 708.859 GC heap before
{Heap before GC invocations=72 (full 4):
 PSYoungGen      total 1055232K, used 1016032K [0x000000076b500000, 0x00000007bbd00000, 0x00000007c0000000)
  eden space 894976K, 100% used [0x000000076b500000,0x00000007a1f00000,0x00000007a1f00000)
  from space 160256K, 75% used [0x00000007a1f00000,0x00000007a9538000,0x00000007abb80000)
  to   space 160256K, 0% used [0x00000007b2080000,0x00000007b2080000,0x00000007bbd00000)
 ParOldGen       total 340480K, used 218009K [0x00000006c1e00000, 0x00000006d6a80000, 0x000000076b500000)
  object space 340480K, 64% used [0x00000006c1e00000,0x00000006cf2e66d0,0x00000006d6a80000)
 Metaspace       used 27299K, capacity 27803K, committed 27904K, reserved 1075200K
  class space    used 2883K, capacity 3036K, committed 3072K, reserved 1048576K
Event: 712.951 GC heap after
Heap after GC invocations=72 (full 4):
 PSYoungGen      total 1160704K, used 116864K [0x000000076b500000, 0x00000007bcb00000, 0x00000007c0000000)
  eden space 1000448K, 0% used [0x000000076b500000,0x000000076b500000,0x00000007a8600000)
  from space 160256K, 72% used [0x00000007b2080000,0x00000007b92a0000,0x00000007bbd00000)
  to   space 158208K, 0% used [0x00000007a8600000,0x00000007a8600000,0x00000007b2080000)
 ParOldGen       total 340480K, used 232465K [0x00000006c1e00000, 0x00000006d6a80000, 0x000000076b500000)
  object space 340480K, 68% used [0x00000006c1e00000,0x00000006d01046d0,0x00000006d6a80000)
 Metaspace       used 27299K, capacity 27803K, committed 27904K, reserved 1075200K
  class space    used 2883K, capacity 3036K, committed 3072K, reserved 1048576K
}

Deoptimization events (10 events):
Event: 303.064 Thread 0x000001fa7e410800 Uncommon trap: reason=array_check action=maybe_recompile pc=0x000001fa009f7c88 method=com.jme3.util.ListSort.innerMergeLow(Ljava/util/Comparator;[Ljava/lang/Object;[Ljava/lang/Object;)V @ 408
Event: 303.598 Thread 0x000001fa7e410800 Uncommon trap: reason=array_check action=maybe_recompile pc=0x000001fa009f7c88 method=com.jme3.util.ListSort.innerMergeLow(Ljava/util/Comparator;[Ljava/lang/Object;[Ljava/lang/Object;)V @ 408
Event: 345.454 Thread 0x000001fa7e410800 Uncommon trap: reason=unstable_if action=reinterpret pc=0x000001fa00b9e468 method=com.jme3.math.FastMath.acos(F)F @ 10
Event: 345.988 Thread 0x000001fa7e410800 Uncommon trap: reason=array_check action=maybe_recompile pc=0x000001fa00a3aec8 method=com.jme3.util.ListSort.mergeLow(IIII)V @ 166
Event: 346.746 Thread 0x000001fa7e410800 Uncommon trap: reason=array_check action=maybe_recompile pc=0x000001fa00a3ada8 method=com.jme3.util.ListSort.mergeLow(IIII)V @ 166
Event: 381.892 Thread 0x000001fa7c659800 Uncommon trap: reason=unstable_if action=reinterpret pc=0x000001fa00ba001c method=sun.misc.Cleaner.remove(Lsun/misc/Cleaner;)Z @ 45
Event: 414.409 Thread 0x000001fa7e410800 Uncommon trap: reason=unstable_if action=reinterpret pc=0x000001fa00bc77b8 method=java.lang.Long.numberOfTrailingZeros(J)I @ 44
Event: 438.045 Thread 0x000001fa7e410800 Uncommon trap: reason=unstable_if action=reinterpret pc=0x000001fa005b2d60 method=com.jme3.util.ListSort.innerMergeLow(Ljava/util/Comparator;[Ljava/lang/Object;[Ljava/lang/Object;)V @ 462
Event: 565.907 Thread 0x000001fa7e410800 Uncommon trap: reason=unstable_if action=reinterpret pc=0x000001fa0052edcc method=com.jme3.util.ListSort.innerMergeHigh(Ljava/util/Comparator;[Ljava/lang/Object;[Ljava/lang/Object;I)V @ 508
Event: 643.703 Thread 0x000001fa7e410800 Uncommon trap: reason=unstable_if action=reinterpret pc=0x000001fa00deb138 method=com.jme3.util.ListSort.mergeHigh(IIII)V @ 127

Classes redefined (0 events):
No events

Internal exceptions (10 events):
Event: 3.704 Thread 0x000001fa7e410800 Exception <a 'java/lang/ClassNotFoundException': Script3BeanInfo> (0x000000076db4c9f8) thrown at [C:\cygwin64\tmp\openjdk-jdk8u-windows-x64-hotspot\workspace\build\src\hotspot\src\share\vm\classfile\systemDictionary.cpp, line 210]
Event: 3.705 Thread 0x000001fa7e410800 Exception <a 'java/lang/ClassNotFoundException': Script3Customizer> (0x000000076db547a8) thrown at [C:\cygwin64\tmp\openjdk-jdk8u-windows-x64-hotspot\workspace\build\src\hotspot\src\share\vm\classfile\systemDictionary.cpp, line 210]
Event: 3.720 Thread 0x000001fa7e410800 Exception <a 'java/lang/ClassNotFoundException': Script3$1BeanInfo> (0x000000076dbf9cb8) thrown at [C:\cygwin64\tmp\openjdk-jdk8u-windows-x64-hotspot\workspace\build\src\hotspot\src\share\vm\classfile\systemDictionary.cpp, line 210]
Event: 3.720 Thread 0x000001fa7e410800 Exception <a 'java/lang/ClassNotFoundException': Script3$1Customizer> (0x000000076dc020c0) thrown at [C:\cygwin64\tmp\openjdk-jdk8u-windows-x64-hotspot\workspace\build\src\hotspot\src\share\vm\classfile\systemDictionary.cpp, line 210]
Event: 3.722 Thread 0x000001fa7e410800 Exception <a 'java/lang/ClassNotFoundException': Script3$2BeanInfo> (0x000000076dc25f38) thrown at [C:\cygwin64\tmp\openjdk-jdk8u-windows-x64-hotspot\workspace\build\src\hotspot\src\share\vm\classfile\systemDictionary.cpp, line 210]
Event: 3.723 Thread 0x000001fa7e410800 Exception <a 'java/lang/ClassNotFoundException': Script3$2Customizer> (0x000000076dc2e340) thrown at [C:\cygwin64\tmp\openjdk-jdk8u-windows-x64-hotspot\workspace\build\src\hotspot\src\share\vm\classfile\systemDictionary.cpp, line 210]
Event: 3.724 Thread 0x000001fa7e410800 Exception <a 'java/lang/ClassNotFoundException': com/simsilica/lemur/Button$ButtonActionBeanInfo> (0x000000076dc4a7b8) thrown at [C:\cygwin64\tmp\openjdk-jdk8u-windows-x64-hotspot\workspace\build\src\hotspot\src\share\vm\classfile\systemDictionary.cpp, li
Event: 3.724 Thread 0x000001fa7e410800 Exception <a 'java/lang/ClassNotFoundException': com/simsilica/lemur/Button$ButtonActionCustomizer> (0x000000076dc539d8) thrown at [C:\cygwin64\tmp\openjdk-jdk8u-windows-x64-hotspot\workspace\build\src\hotspot\src\share\vm\classfile\systemDictionary.cpp, 
Event: 3.738 Thread 0x000001fa7e410800 Exception <a 'java/lang/ClassNotFoundException': com/simsilica/lemur/component/IconComponentBeanInfo> (0x000000076dcd88d0) thrown at [C:\cygwin64\tmp\openjdk-jdk8u-windows-x64-hotspot\workspace\build\src\hotspot\src\share\vm\classfile\systemDictionary.cpp
Event: 3.738 Thread 0x000001fa7e410800 Exception <a 'java/lang/ClassNotFoundException': com/simsilica/lemur/component/IconComponentCustomizer> (0x000000076dce2d10) thrown at [C:\cygwin64\tmp\openjdk-jdk8u-windows-x64-hotspot\workspace\build\src\hotspot\src\share\vm\classfile\systemDictionary.c

Events (10 events):
Event: 643.705 Thread 0x000001fa7e410800 DEOPT PACKING pc=0x000001fa00deb138 sp=0x0000004626cff280
Event: 643.708 Thread 0x000001fa7e410800 DEOPT UNPACKING pc=0x000001fa00045583 sp=0x0000004626cff118 mode 2
Event: 645.871 Thread 0x000001fa7e410800 DEOPT PACKING pc=0x000001fa00a0840e sp=0x0000004626cff0e0
Event: 645.871 Thread 0x000001fa7e410800 DEOPT UNPACKING pc=0x000001fa000475d8 sp=0x0000004626cfee28 mode 0
Event: 656.555 Thread 0x000001fa7e410800 DEOPT PACKING pc=0x000001fa00a0840e sp=0x0000004626cff0e0
Event: 656.555 Thread 0x000001fa7e410800 DEOPT UNPACKING pc=0x000001fa000475d8 sp=0x0000004626cfee28 mode 0
Event: 659.608 Executing VM operation: ParallelGCFailedAllocation
Event: 659.993 Executing VM operation: ParallelGCFailedAllocation done
Event: 708.856 Executing VM operation: ParallelGCFailedAllocation
Event: 712.951 Executing VM operation: ParallelGCFailedAllocation done


Dynamic libraries:
0x00007ff6aa090000 - 0x00007ff6aa0ca000 	C:\jmonkeyplatform\jdk\bin\java.exe
0x00007ff9783e0000 - 0x00007ff9785c1000 	C:\Windows\SYSTEM32\ntdll.dll
0x00007ff976140000 - 0x00007ff9761f1000 	C:\Windows\System32\KERNEL32.DLL
0x00007ff974a90000 - 0x00007ff974d03000 	C:\Windows\System32\KERNELBASE.dll
0x00007ff975a70000 - 0x00007ff975b11000 	C:\Windows\System32\ADVAPI32.dll
0x00007ff975870000 - 0x00007ff97590e000 	C:\Windows\System32\msvcrt.dll
0x00007ff975f60000 - 0x00007ff975fbb000 	C:\Windows\System32\sechost.dll
0x00007ff975b20000 - 0x00007ff975c44000 	C:\Windows\System32\RPCRT4.dll
0x00007ff976c40000 - 0x00007ff976dd0000 	C:\Windows\System32\USER32.dll
0x00007ff9756b0000 - 0x00007ff9756d0000 	C:\Windows\System32\win32u.dll
0x00007ff976f20000 - 0x00007ff976f48000 	C:\Windows\System32\GDI32.dll
0x00007ff9756d0000 - 0x00007ff975863000 	C:\Windows\System32\gdi32full.dll
0x00007ff974d10000 - 0x00007ff974daf000 	C:\Windows\System32\msvcp_win.dll
0x00007ff9747a0000 - 0x00007ff974898000 	C:\Windows\System32\ucrtbase.dll
0x00007ff954d70000 - 0x00007ff954fd9000 	C:\Windows\WinSxS\amd64_microsoft.windows.common-controls_6595b64144ccf1df_6.0.17134.1610_none_d3fd41197c928db6\COMCTL32.dll
0x00007ff976200000 - 0x00007ff976520000 	C:\Windows\System32\combase.dll
0x00007ff9755e0000 - 0x00007ff975659000 	C:\Windows\System32\bcryptPrimitives.dll
0x00007ff975a40000 - 0x00007ff975a6d000 	C:\Windows\System32\IMM32.DLL
0x000001fa70070000 - 0x000001fa70082000 	C:\Windows\System32\umppc13408.dll
0x00007ff950ff0000 - 0x00007ff9510df000 	C:\jmonkeyplatform\jdk\jre\bin\msvcr120.dll
0x00007ff954000000 - 0x00007ff9540a6000 	C:\jmonkeyplatform\jdk\jre\bin\msvcp120.dll
0x0000000064840000 - 0x000000006503b000 	C:\jmonkeyplatform\jdk\jre\bin\server\jvm.dll
0x00007ff976780000 - 0x00007ff976788000 	C:\Windows\System32\PSAPI.DLL
0x00007ff959040000 - 0x00007ff959049000 	C:\Windows\SYSTEM32\WSOCK32.dll
0x00007ff976520000 - 0x00007ff97658c000 	C:\Windows\System32\WS2_32.dll
0x00007ff970d40000 - 0x00007ff970d63000 	C:\Windows\SYSTEM32\WINMM.dll
0x00007ff9744f0000 - 0x00007ff9744fa000 	C:\Windows\SYSTEM32\VERSION.dll
0x00007ff970d10000 - 0x00007ff970d3a000 	C:\Windows\SYSTEM32\WINMMBASE.dll
0x00007ff975660000 - 0x00007ff9756a9000 	C:\Windows\System32\cfgmgr32.dll
0x00007ff96dee0000 - 0x00007ff96deef000 	C:\jmonkeyplatform\jdk\jre\bin\verify.dll
0x00007ff9547e0000 - 0x00007ff954808000 	C:\jmonkeyplatform\jdk\jre\bin\java.dll
0x00007ff95c500000 - 0x00007ff95c516000 	C:\jmonkeyplatform\jdk\jre\bin\zip.dll
0x00007ff976f60000 - 0x00007ff9783a5000 	C:\Windows\System32\SHELL32.dll
0x00007ff976e70000 - 0x00007ff976f19000 	C:\Windows\System32\shcore.dll
0x00007ff974ec0000 - 0x00007ff9755d5000 	C:\Windows\System32\windows.storage.dll
0x00007ff976590000 - 0x00007ff9765e1000 	C:\Windows\System32\shlwapi.dll
0x00007ff974730000 - 0x00007ff974741000 	C:\Windows\System32\kernel.appcore.dll
0x00007ff974780000 - 0x00007ff97479f000 	C:\Windows\System32\profapi.dll
0x00007ff9746e0000 - 0x00007ff97472c000 	C:\Windows\System32\powrprof.dll
0x00007ff974770000 - 0x00007ff97477a000 	C:\Windows\System32\FLTLIB.DLL
0x00007ff92cc20000 - 0x00007ff92cdb5000 	C:\jmonkeyplatform\jdk\jre\bin\awt.dll
0x00007ff975970000 - 0x00007ff975a32000 	C:\Windows\System32\OLEAUT32.dll
0x00007ff972400000 - 0x00007ff97248b000 	C:\Windows\SYSTEM32\apphelp.dll
0x00007ff972930000 - 0x00007ff9729c8000 	C:\Windows\system32\uxtheme.dll
0x00007ff975fc0000 - 0x00007ff976134000 	C:\Windows\System32\MSCTF.dll
0x00007ff972a10000 - 0x00007ff972a39000 	C:\Windows\system32\dwmapi.dll
0x00007ff975c50000 - 0x00007ff975da1000 	C:\Windows\System32\ole32.dll
0x00007ff95bb60000 - 0x00007ff95bc80000 	C:\Windows\system32\opengl32.dll
0x00007ff95b9d0000 - 0x00007ff95b9fc000 	C:\Windows\SYSTEM32\GLU32.dll
0x00007ff950be0000 - 0x00007ff950c73000 	C:\jmonkeyplatform\jdk\jre\bin\freetype.dll
0x00007ff942820000 - 0x00007ff9428dc000 	C:\jmonkeyplatform\jdk\jre\bin\fontmanager.dll
0x00007ff9547c0000 - 0x00007ff9547da000 	C:\jmonkeyplatform\jdk\jre\bin\net.dll
0x00007ff95efa0000 - 0x00007ff95f16c000 	C:\Windows\SYSTEM32\urlmon.dll
0x00007ff962e70000 - 0x00007ff963117000 	C:\Windows\SYSTEM32\iertutil.dll
0x00007ff973fc0000 - 0x00007ff973fcb000 	C:\Windows\SYSTEM32\CRYPTBASE.DLL
0x00007ff973e60000 - 0x00007ff973ec6000 	C:\Windows\system32\mswsock.dll
0x00007ff9547a0000 - 0x00007ff9547b2000 	C:\jmonkeyplatform\jdk\jre\bin\nio.dll
0x00007ff959f60000 - 0x00007ff959ff6000 	C:\Windows\System32\TextInputFramework.dll
0x00007ff96ec40000 - 0x00007ff96ef5e000 	C:\Windows\System32\CoreUIComponents.dll
0x00007ff972090000 - 0x00007ff97216a000 	C:\Windows\System32\CoreMessaging.dll
0x00007ff9736e0000 - 0x00007ff973711000 	C:\Windows\SYSTEM32\ntmarta.dll
0x00007ff96fde0000 - 0x00007ff96ff2d000 	C:\Windows\SYSTEM32\wintypes.dll
0x00007ff92b8e0000 - 0x00007ff92bab2000 	C:\jmonkeyp\ETA\bulletjme.dll
0x000001fa7f9a0000 - 0x000001fa7fa04000 	C:\jmonkeyp\ETA\OpenAL64.dll
0x000001fa7fa50000 - 0x000001fa7faa3000 	C:\jmonkeyp\ETA\lwjgl64.dll
0x00007ff9014f0000 - 0x00007ff9024c2000 	C:\Windows\System32\DriverStore\FileRepository\iigd_dch.inf_amd64_c84afe165d971f24\ig9icd64.dll
0x00007ff9733e0000 - 0x00007ff97349b000 	C:\Windows\system32\dxgi.dll
0x00007ff96a860000 - 0x00007ff96aab8000 	C:\Windows\System32\DriverStore\FileRepository\iigd_dch.inf_amd64_c84afe165d971f24\igdgmm64.dll
0x00007ff93fd60000 - 0x00007ff93fe08000 	C:\Windows\SYSTEM32\mscms.dll
0x00007ff974610000 - 0x00007ff974638000 	C:\Windows\SYSTEM32\USERENV.dll
0x00007ff96bd80000 - 0x00007ff96bd90000 	C:\Windows\SYSTEM32\ColorAdapterClient.dll
0x00007ff95ebe0000 - 0x00007ff95ec23000 	C:\Windows\SYSTEM32\icm32.dll
0x00007ff9472e0000 - 0x00007ff9476fa000 	C:\Windows\System32\DriverStore\FileRepository\iigd_dch.inf_amd64_c84afe165d971f24\igdml64.dll
0x00007ff967970000 - 0x00007ff96a650000 	C:\Windows\System32\DriverStore\FileRepository\iigd_dch.inf_amd64_c84afe165d971f24\igc64.dll
0x00007ff976dd0000 - 0x00007ff976e70000 	C:\Windows\System32\clbcatq.dll
0x00007ff966fe0000 - 0x00007ff967056000 	C:\Windows\System32\MMDevApi.dll
0x00007ff9744a0000 - 0x00007ff9744c7000 	C:\Windows\System32\DEVOBJ.dll
0x00007ff9724b0000 - 0x00007ff972665000 	C:\Windows\System32\PROPSYS.dll
0x00007ff92f140000 - 0x00007ff92f1cf000 	C:\Windows\SYSTEM32\dsound.dll
0x00007ff9587e0000 - 0x00007ff95890c000 	C:\Windows\SYSTEM32\AUDIOSES.DLL
0x00007ff96fc80000 - 0x00007ff96fc8a000 	C:\Windows\SYSTEM32\AVRT.dll
0x00007ff973050000 - 0x00007ff973219000 	C:\Windows\SYSTEM32\dbghelp.dll

VM Arguments:
jvm_args: -Dfile.encoding=UTF-8 
java_command: eta.Main
java_class_path (initial): C:\jmonkeyplatform\jmonkeyplatform\libs\jme3-jogg-3.2.4-stable.jar;C:\jmonkeyplatform\jmonkeyplatform\libs\j-ogg-all-1.0.0.jar;C:\jmonkeyplatform\jmonkeyplatform\libs\jme3-networking-3.2.4-stable.jar;C:\jmonkeyplatform\jmonkeyplatform\libs\jme3-plugins-3.2.4-stable.jar;C:\jmonkeyplatform\jmonkeyplatform\libs\gson-2.8.1.jar;C:\jmonkeyplatform\jmonkeyplatform\libs\jme3-core-3.2.4-stable.jar;C:\jmonkeyplatform\jmonkeyplatform\libs\jme3-desktop-3.2.4-stable.jar;C:\jmonkeyplatform\jmonkeyplatform\libs\jme3-lwjgl-3.2.4-stable.jar;C:\jmonkeyplatform\jmonkeyplatform\libs\lwjgl-2.9.3.jar;C:\jmonkeyplatform\jmonkeyplatform\libs\jinput-2.0.5.jar;C:\jmonkeyplatform\jmonkeyplatform\libs\jinput-platform-2.0.5-natives-linux.jar;C:\jmonkeyplatform\jmonkeyplatform\libs\jinput-platform-2.0.5-natives-windows.jar;C:\jmonkeyplatform\jmonkeyplatform\libs\jinput-platform-2.0.5-natives-osx.jar;C:\jmonkeyplatform\jmonkeyplatform\libs\jutils-1.0.0.jar;C:\jmonkeyplatform\jmonkeyplatform\libs\lwjgl-platform-2.9.3-natives-windows.jar;C:\jmonkeyplatform\jmonkeyplatform\libs\lwjgl-platform-2.9.3-natives-linux.jar;C:\jmonkeyplatform\jmonkeyplatform\libs\lwjgl-platform-2.9.3-natives-osx.jar;C:\jmonkeyplatform\jmonkeyplatform\libs\jme3-effects-3.2.4-stable.jar;C:\jmonkeyplatform\jmonkeyplatform\libs\jme3-terrain-3.2.4-stable.jar;C:\jmonkeyplatform\jmonkeyplatform\libs\jme3-bullet-3.2.4-stable.jar;C:\jmonkeyplatform\jmonkeyplatform\libs\jme3-bullet-native-3.2.4-stable.jar;C:\jmonkeyp\ETA\libs\LemurProto.jar;C:\jmonkeyp\ETA\libs\groovy-all-2.4.19.jar;C:\jmonkeyp\ETA\libs\guava-26.0-jre.jar;C:\jmonkeyp\ETA\libs\lemur-1.13.0.jar;C:\jmonkeyp\ETA\libs\slf4j-api-1.7.9.jar;C:\jmonkeyp\ETA\build\classes;C:\jmonkeyp\ETA\assets
Launcher Type: SUN_STANDARD

Environment Variables:
PATH=C:\Program Files (x86)\Common Files\Oracle\Java\javapath;C:\Windows\system32;C:\Windows;C:\Windows\System32\Wbem;C:\Windows\System32\WindowsPowerShell\v1.0\;C:\Windows\System32\OpenSSH\;C:\Program Files (x86)\Intel\Intel(R) Management Engine Components\DAL;C:\Program Files\Intel\Intel(R) Management Engine Components\DAL;C:\Program Files\dotnet\;C:\Program Files\Microsoft SQL Server\130\Tools\Binn\;C:\Users\cristian.villalba\AppData\Roaming\nvm;C:\Program Files\nodejs;c:\wspan\swgw;C:\Program Files\Intel\WiFi\bin\;C:\Program Files\Common Files\Intel\WirelessCommon\;C:\Users\cristian.villalba\AppData\Roaming\Python\Python37\Scripts;C:\ProgramData\chocolatey\bin;C:\Program Files\Git\cmd;C:\Program Files\Microsoft SQL Server\Client SDK\ODBC\170\Tools\Binn\;C:\Program Files\Microsoft SQL Server\Client SDK\ODBC\110\Tools\Binn\;c:\ffmpeg\bin\;C:\Program Files (x86)\Windows Kits\10\Windows Performance Toolkit\;C:\Program Files (x86)\Windows Live\Shared;C:\Program Files (x86)\Microchip\MPLAB IDE\VDI;C:\Program Files\CMake\bin;C:\PowerShell;C:\Program Files (x86)\Microsoft SQL Server\150\DTS\Binn\;C:\Program Files\Azure Data Studio\bin;C:\Users\cristian.villalba\scoop\shims;C:\Ruby27-x64\bin;C:\Users\cristian.villalba\AppData\Local\Microsoft\WindowsApps;C:\Users\cristian.villalba\AppData\Roaming\nvm;C:\Program Files\nodejs;C:\Users\cristian.villalba\AppData\Local\Programs\Microsoft VS Code\bin;C:\Users\cristian.villalba\.dotnet\tools;C:\Panda3D-1.10.7-x64\python;C:\Panda3D-1.10.7-x64\python\Scripts;C:\Panda3D-1.10.7-x64\bin;C:\Program Files\Azure Data Studio\bin;C:\fp\swdir
USERNAME=Cristian.Villalba
OS=Windows_NT
PROCESSOR_IDENTIFIER=Intel64 Family 6 Model 142 Stepping 10, GenuineIntel



---------------  S Y S T E M  ---------------

OS: Windows 10.0 , 64 bit Build 17134 (10.0.17134.1425)

CPU:total 8 (initial active 8) (4 cores per cpu, 2 threads per core) family 6 model 142 stepping 10, cmov, cx8, fxsr, mmx, sse, sse2, sse3, ssse3, sse4.1, sse4.2, popcnt, avx, avx2, aes, clmul, erms, rtm, 3dnowpref, lzcnt, ht, tsc, tscinvbit, bmi1, bmi2, adx

Memory: 4k page, physical 16653484k(2110932k free), swap 66985132k(19504k free)

vm_info: OpenJDK 64-Bit Server VM (25.212-b04) for windows-amd64 JRE (1.8.0_212-b04), built on Jun  3 2019 21:11:11 by "jenkins" with MS VC++ 12.0 (VS2013)

time: Thu Apr 22 11:22:55 2021
timezone: Argentina Standard Time
elapsed time: 728 seconds (0d 0h 12m 8s)

